<?xml version="1.0" encoding="UTF-8"?>
<coverage generated="1513608863503" clover="3.2.0">
  <project timestamp="1513608863504" name="All files">
    <metrics statements="901" coveredstatements="776" conditionals="338" coveredconditionals="270" methods="296" coveredmethods="263" elements="1535" coveredelements="1309" complexity="0" loc="901" ncloc="901" packages="38" files="47" classes="47">
      <package name="client">
        <metrics statements="1" coveredstatements="0" conditionals="0" coveredconditionals="0" methods="0" coveredmethods="0"/>
        <file name="client-main.js" path="/Users/stevend/coding/meteor/Meteor-Vue-Enterprise-Starter/src/client/client-main.js">
          <metrics statements="1" coveredstatements="0" conditionals="0" coveredconditionals="0" methods="0" coveredmethods="0"/>
          <line num="1" count="0" type="stmt"/>
        </file>
      </package>
      <package name="imports.modules.accounts.client.components.AccountsAdminInvites">
        <metrics statements="3" coveredstatements="3" conditionals="0" coveredconditionals="0" methods="1" coveredmethods="1"/>
        <file name="AccountsAdminInvites.vue" path="/Users/stevend/coding/meteor/Meteor-Vue-Enterprise-Starter/src/imports/modules/accounts/client/components/AccountsAdminInvites/AccountsAdminInvites.vue">
          <metrics statements="3" coveredstatements="3" conditionals="0" coveredconditionals="0" methods="1" coveredmethods="1"/>
          <line num="1" count="1" type="stmt"/>
          <line num="4" count="1" type="stmt"/>
          <line num="21" count="1" type="stmt"/>
        </file>
      </package>
      <package name="imports.modules.accounts.client.components.AccountsAdminUsersList">
        <metrics statements="102" coveredstatements="80" conditionals="40" coveredconditionals="30" methods="31" coveredmethods="28"/>
        <file name="AccountsAdminUsersList.vue" path="/Users/stevend/coding/meteor/Meteor-Vue-Enterprise-Starter/src/imports/modules/accounts/client/components/AccountsAdminUsersList/AccountsAdminUsersList.vue">
          <metrics statements="102" coveredstatements="80" conditionals="40" coveredconditionals="30" methods="31" coveredmethods="28"/>
          <line num="1" count="2" type="stmt"/>
          <line num="4" count="2" type="stmt"/>
          <line num="8" count="2" type="stmt"/>
          <line num="10" count="2" type="stmt"/>
          <line num="12" count="2" type="stmt"/>
          <line num="14" count="2" type="stmt"/>
          <line num="16" count="2" type="stmt"/>
          <line num="18" count="2" type="stmt"/>
          <line num="20" count="2" type="stmt"/>
          <line num="22" count="2" type="stmt"/>
          <line num="24" count="2" type="stmt"/>
          <line num="26" count="2" type="stmt"/>
          <line num="28" count="2" type="stmt"/>
          <line num="30" count="2" type="stmt"/>
          <line num="32" count="2" type="stmt"/>
          <line num="34" count="2" type="stmt"/>
          <line num="36" count="10" type="cond" truecount="4" falsecount="0"/>
          <line num="38" count="2" type="stmt"/>
          <line num="41" count="5" type="stmt"/>
          <line num="43" count="5" type="stmt"/>
          <line num="44" count="5" type="stmt"/>
          <line num="45" count="10" type="stmt"/>
          <line num="46" count="10" type="cond" truecount="4" falsecount="1"/>
          <line num="48" count="5" type="stmt"/>
          <line num="49" count="5" type="stmt"/>
          <line num="50" count="5" type="stmt"/>
          <line num="53" count="0" type="stmt"/>
          <line num="54" count="0" type="stmt"/>
          <line num="57" count="5" type="stmt"/>
          <line num="58" count="5" type="stmt"/>
          <line num="62" count="5" type="stmt"/>
          <line num="69" count="0" type="stmt"/>
          <line num="74" count="5" type="stmt"/>
          <line num="77" count="0" type="stmt"/>
          <line num="80" count="1" type="stmt"/>
          <line num="84" count="12" type="cond" truecount="2" falsecount="0"/>
          <line num="85" count="6" type="stmt"/>
          <line num="87" count="6" type="stmt"/>
          <line num="90" count="16" type="cond" truecount="2" falsecount="0"/>
          <line num="91" count="8" type="stmt"/>
          <line num="95" count="16" type="stmt"/>
          <line num="98" count="24" type="stmt"/>
          <line num="101" count="0" type="stmt"/>
          <line num="102" count="0" type="stmt"/>
          <line num="103" count="0" type="stmt"/>
          <line num="106" count="1" type="stmt"/>
          <line num="108" count="1" type="stmt"/>
          <line num="109" count="1" type="stmt"/>
          <line num="110" count="1" type="stmt"/>
          <line num="112" count="1" type="stmt"/>
          <line num="113" count="3" type="stmt"/>
          <line num="114" count="4" type="cond" truecount="6" falsecount="4"/>
          <line num="116" count="1" type="stmt"/>
          <line num="118" count="1" type="stmt"/>
          <line num="119" count="1" type="stmt"/>
          <line num="120" count="1" type="stmt"/>
          <line num="123" count="1" type="stmt"/>
          <line num="125" count="1" type="cond" truecount="1" falsecount="1"/>
          <line num="126" count="1" type="stmt"/>
          <line num="127" count="1" type="stmt"/>
          <line num="130" count="0" type="stmt"/>
          <line num="131" count="0" type="stmt"/>
          <line num="132" count="0" type="stmt"/>
          <line num="135" count="0" type="stmt"/>
          <line num="136" count="0" type="stmt"/>
          <line num="137" count="0" type="stmt"/>
          <line num="140" count="0" type="stmt"/>
          <line num="141" count="0" type="stmt"/>
          <line num="143" count="0" type="stmt"/>
          <line num="146" count="0" type="stmt"/>
          <line num="147" count="0" type="stmt"/>
          <line num="150" count="1" type="stmt"/>
          <line num="153" count="0" type="stmt"/>
          <line num="154" count="0" type="stmt"/>
          <line num="157" count="1" type="stmt"/>
          <line num="158" count="1" type="stmt"/>
          <line num="160" count="1" type="stmt"/>
          <line num="164" count="1" type="stmt"/>
          <line num="173" count="9" type="stmt"/>
          <line num="176" count="5" type="stmt"/>
          <line num="179" count="4" type="stmt"/>
          <line num="182" count="5" type="cond" truecount="2" falsecount="0"/>
          <line num="185" count="5" type="stmt"/>
          <line num="189" count="5" type="stmt"/>
          <line num="192" count="4" type="stmt"/>
          <line num="195" count="4" type="stmt"/>
          <line num="196" count="4" type="stmt"/>
          <line num="198" count="0" type="stmt"/>
          <line num="202" count="4" type="stmt"/>
          <line num="203" count="4" type="stmt"/>
          <line num="205" count="0" type="stmt"/>
          <line num="209" count="4" type="stmt"/>
          <line num="212" count="4" type="stmt"/>
          <line num="213" count="4" type="stmt"/>
          <line num="214" count="4" type="stmt"/>
          <line num="215" count="4" type="stmt"/>
          <line num="216" count="4" type="stmt"/>
          <line num="235" count="4" type="stmt"/>
          <line num="244" count="1" type="stmt"/>
          <line num="254" count="16" type="stmt"/>
          <line num="275" count="4" type="stmt"/>
          <line num="285" count="4" type="stmt"/>
        </file>
      </package>
      <package name="imports.modules.accounts.client.components.AccountsFormContainer">
        <metrics statements="15" coveredstatements="13" conditionals="4" coveredconditionals="4" methods="8" coveredmethods="6"/>
        <file name="AccountsFormContainer.vue" path="/Users/stevend/coding/meteor/Meteor-Vue-Enterprise-Starter/src/imports/modules/accounts/client/components/AccountsFormContainer/AccountsFormContainer.vue">
          <metrics statements="15" coveredstatements="13" conditionals="4" coveredconditionals="4" methods="8" coveredmethods="6"/>
          <line num="1" count="11" type="stmt"/>
          <line num="4" count="11" type="stmt"/>
          <line num="8" count="11" type="stmt"/>
          <line num="10" count="11" type="stmt"/>
          <line num="12" count="11" type="stmt"/>
          <line num="14" count="11" type="stmt"/>
          <line num="16" count="11" type="stmt"/>
          <line num="18" count="22" type="cond" truecount="4" falsecount="0"/>
          <line num="72" count="11" type="stmt"/>
          <line num="77" count="47" type="stmt"/>
          <line num="80" count="7" type="stmt"/>
          <line num="92" count="7" type="stmt"/>
          <line num="95" count="47" type="stmt"/>
          <line num="99" count="0" type="stmt"/>
          <line num="102" count="0" type="stmt"/>
        </file>
      </package>
      <package name="imports.modules.accounts.client.components.EnrollAccountForm">
        <metrics statements="66" coveredstatements="52" conditionals="32" coveredconditionals="23" methods="19" coveredmethods="17"/>
        <file name="EnrollAccountForm.vue" path="/Users/stevend/coding/meteor/Meteor-Vue-Enterprise-Starter/src/imports/modules/accounts/client/components/EnrollAccountForm/EnrollAccountForm.vue">
          <metrics statements="66" coveredstatements="52" conditionals="32" coveredconditionals="23" methods="19" coveredmethods="17"/>
          <line num="1" count="3" type="stmt"/>
          <line num="4" count="3" type="stmt"/>
          <line num="8" count="3" type="stmt"/>
          <line num="10" count="3" type="stmt"/>
          <line num="12" count="3" type="stmt"/>
          <line num="14" count="3" type="stmt"/>
          <line num="16" count="3" type="stmt"/>
          <line num="18" count="3" type="stmt"/>
          <line num="20" count="3" type="stmt"/>
          <line num="22" count="3" type="stmt"/>
          <line num="24" count="3" type="stmt"/>
          <line num="26" count="3" type="stmt"/>
          <line num="28" count="3" type="stmt"/>
          <line num="30" count="12" type="cond" truecount="4" falsecount="0"/>
          <line num="132" count="10" type="cond" truecount="2" falsecount="0"/>
          <line num="133" count="8" type="stmt"/>
          <line num="135" count="2" type="cond" truecount="1" falsecount="1"/>
          <line num="136" count="2" type="cond" truecount="3" falsecount="1"/>
          <line num="137" count="2" type="cond" truecount="1" falsecount="1"/>
          <line num="138" count="0" type="stmt"/>
          <line num="139" count="0" type="stmt"/>
          <line num="140" count="0" type="stmt"/>
          <line num="142" count="0" type="stmt"/>
          <line num="145" count="2" type="cond" truecount="1" falsecount="1"/>
          <line num="146" count="0" type="cond" truecount="0" falsecount="2"/>
          <line num="147" count="0" type="stmt"/>
          <line num="149" count="0" type="stmt"/>
          <line num="152" count="2" type="stmt"/>
          <line num="155" count="3" type="stmt"/>
          <line num="162" count="14" type="stmt"/>
          <line num="163" count="14" type="stmt"/>
          <line num="176" count="2" type="stmt"/>
          <line num="181" count="1" type="stmt"/>
          <line num="184" count="0" type="stmt"/>
          <line num="187" count="16" type="stmt"/>
          <line num="190" count="12" type="stmt"/>
          <line num="194" count="21" type="cond" truecount="5" falsecount="0"/>
          <line num="195" count="18" type="stmt"/>
          <line num="197" count="3" type="stmt"/>
          <line num="198" count="3" type="stmt"/>
          <line num="199" count="2" type="stmt"/>
          <line num="201" count="1" type="stmt"/>
          <line num="205" count="12" type="cond" truecount="1" falsecount="1"/>
          <line num="208" count="3" type="stmt"/>
          <line num="213" count="1" type="stmt"/>
          <line num="216" count="2" type="stmt"/>
          <line num="220" count="0" type="stmt"/>
          <line num="223" count="1" type="stmt"/>
          <line num="225" count="1" type="stmt"/>
          <line num="227" count="1" type="stmt"/>
          <line num="228" count="2" type="stmt"/>
          <line num="229" count="3" type="cond" truecount="4" falsecount="1"/>
          <line num="231" count="1" type="stmt"/>
          <line num="232" count="1" type="stmt"/>
          <line num="233" count="1" type="stmt"/>
          <line num="236" count="1" type="stmt"/>
          <line num="238" count="1" type="cond" truecount="1" falsecount="1"/>
          <line num="239" count="0" type="stmt"/>
          <line num="244" count="0" type="stmt"/>
          <line num="246" count="1" type="stmt"/>
          <line num="247" count="1" type="stmt"/>
          <line num="250" count="0" type="stmt"/>
          <line num="251" count="0" type="stmt"/>
          <line num="253" count="0" type="stmt"/>
          <line num="261" count="1" type="stmt"/>
          <line num="268" count="1" type="stmt"/>
        </file>
      </package>
      <package name="imports.modules.accounts.client.components.NavBarAccounts">
        <metrics statements="21" coveredstatements="20" conditionals="4" coveredconditionals="4" methods="8" coveredmethods="7"/>
        <file name="NavBarAccounts.vue" path="/Users/stevend/coding/meteor/Meteor-Vue-Enterprise-Starter/src/imports/modules/accounts/client/components/NavBarAccounts/NavBarAccounts.vue">
          <metrics statements="21" coveredstatements="20" conditionals="4" coveredconditionals="4" methods="8" coveredmethods="7"/>
          <line num="1" count="20" type="stmt"/>
          <line num="4" count="20" type="stmt"/>
          <line num="8" count="20" type="stmt"/>
          <line num="10" count="20" type="stmt"/>
          <line num="12" count="20" type="stmt"/>
          <line num="14" count="20" type="stmt"/>
          <line num="16" count="20" type="stmt"/>
          <line num="18" count="20" type="stmt"/>
          <line num="20" count="20" type="stmt"/>
          <line num="22" count="20" type="stmt"/>
          <line num="24" count="20" type="stmt"/>
          <line num="26" count="20" type="stmt"/>
          <line num="28" count="80" type="cond" truecount="4" falsecount="0"/>
          <line num="30" count="20" type="stmt"/>
          <line num="38" count="8" type="stmt"/>
          <line num="50" count="7" type="stmt"/>
          <line num="51" count="7" type="stmt"/>
          <line num="56" count="11" type="stmt"/>
          <line num="59" count="0" type="stmt"/>
          <line num="64" count="7" type="stmt"/>
          <line num="67" count="7" type="stmt"/>
        </file>
      </package>
      <package name="imports.modules.accounts.client.components.PasswordResetEmailForm">
        <metrics statements="42" coveredstatements="40" conditionals="16" coveredconditionals="15" methods="11" coveredmethods="10"/>
        <file name="PasswordResetEmailForm.vue" path="/Users/stevend/coding/meteor/Meteor-Vue-Enterprise-Starter/src/imports/modules/accounts/client/components/PasswordResetEmailForm/PasswordResetEmailForm.vue">
          <metrics statements="42" coveredstatements="40" conditionals="16" coveredconditionals="15" methods="11" coveredmethods="10"/>
          <line num="1" count="3" type="stmt"/>
          <line num="4" count="3" type="stmt"/>
          <line num="8" count="3" type="stmt"/>
          <line num="10" count="3" type="stmt"/>
          <line num="12" count="3" type="stmt"/>
          <line num="14" count="3" type="stmt"/>
          <line num="16" count="3" type="stmt"/>
          <line num="18" count="3" type="stmt"/>
          <line num="20" count="3" type="stmt"/>
          <line num="22" count="3" type="stmt"/>
          <line num="24" count="3" type="stmt"/>
          <line num="26" count="3" type="stmt"/>
          <line num="28" count="3" type="stmt"/>
          <line num="30" count="15" type="cond" truecount="4" falsecount="0"/>
          <line num="32" count="3" type="stmt"/>
          <line num="38" count="9" type="stmt"/>
          <line num="48" count="1" type="stmt"/>
          <line num="53" count="0" type="stmt"/>
          <line num="57" count="14" type="cond" truecount="2" falsecount="0"/>
          <line num="62" count="3" type="stmt"/>
          <line num="65" count="1" type="stmt"/>
          <line num="69" count="3" type="stmt"/>
          <line num="71" count="3" type="stmt"/>
          <line num="73" count="3" type="stmt"/>
          <line num="74" count="6" type="stmt"/>
          <line num="75" count="11" type="cond" truecount="6" falsecount="0"/>
          <line num="77" count="3" type="stmt"/>
          <line num="79" count="3" type="cond" truecount="1" falsecount="1"/>
          <line num="80" count="3" type="stmt"/>
          <line num="81" count="3" type="stmt"/>
          <line num="84" count="0" type="stmt"/>
          <line num="87" count="3" type="stmt"/>
          <line num="88" count="3" type="stmt"/>
          <line num="91" count="2" type="stmt"/>
          <line num="93" count="2" type="cond" truecount="2" falsecount="0"/>
          <line num="94" count="1" type="stmt"/>
          <line num="100" count="2" type="stmt"/>
          <line num="101" count="2" type="stmt"/>
          <line num="104" count="1" type="stmt"/>
          <line num="105" count="1" type="stmt"/>
          <line num="107" count="1" type="stmt"/>
          <line num="115" count="3" type="stmt"/>
        </file>
      </package>
      <package name="imports.modules.accounts.client.components.PasswordResetForm">
        <metrics statements="64" coveredstatements="50" conditionals="35" coveredconditionals="25" methods="14" coveredmethods="13"/>
        <file name="PasswordResetForm.vue" path="/Users/stevend/coding/meteor/Meteor-Vue-Enterprise-Starter/src/imports/modules/accounts/client/components/PasswordResetForm/PasswordResetForm.vue">
          <metrics statements="64" coveredstatements="50" conditionals="35" coveredconditionals="25" methods="14" coveredmethods="13"/>
          <line num="1" count="3" type="stmt"/>
          <line num="4" count="3" type="stmt"/>
          <line num="8" count="3" type="stmt"/>
          <line num="10" count="3" type="stmt"/>
          <line num="12" count="3" type="stmt"/>
          <line num="14" count="3" type="stmt"/>
          <line num="16" count="3" type="stmt"/>
          <line num="18" count="3" type="stmt"/>
          <line num="20" count="3" type="stmt"/>
          <line num="22" count="3" type="stmt"/>
          <line num="24" count="3" type="stmt"/>
          <line num="26" count="3" type="stmt"/>
          <line num="28" count="12" type="cond" truecount="4" falsecount="0"/>
          <line num="31" count="9" type="cond" truecount="2" falsecount="0"/>
          <line num="32" count="4" type="stmt"/>
          <line num="34" count="5" type="cond" truecount="1" falsecount="1"/>
          <line num="35" count="5" type="cond" truecount="3" falsecount="1"/>
          <line num="36" count="5" type="cond" truecount="1" falsecount="1"/>
          <line num="37" count="0" type="stmt"/>
          <line num="38" count="0" type="stmt"/>
          <line num="39" count="0" type="stmt"/>
          <line num="41" count="0" type="stmt"/>
          <line num="44" count="5" type="cond" truecount="1" falsecount="1"/>
          <line num="45" count="0" type="cond" truecount="0" falsecount="2"/>
          <line num="46" count="0" type="stmt"/>
          <line num="48" count="0" type="stmt"/>
          <line num="51" count="5" type="stmt"/>
          <line num="105" count="3" type="stmt"/>
          <line num="111" count="7" type="stmt"/>
          <line num="112" count="7" type="stmt"/>
          <line num="125" count="1" type="stmt"/>
          <line num="130" count="1" type="stmt"/>
          <line num="134" count="16" type="cond" truecount="5" falsecount="0"/>
          <line num="135" count="13" type="stmt"/>
          <line num="137" count="3" type="stmt"/>
          <line num="138" count="3" type="stmt"/>
          <line num="139" count="2" type="stmt"/>
          <line num="141" count="1" type="stmt"/>
          <line num="145" count="7" type="cond" truecount="1" falsecount="1"/>
          <line num="150" count="1" type="stmt"/>
          <line num="153" count="1" type="stmt"/>
          <line num="157" count="0" type="stmt"/>
          <line num="160" count="1" type="stmt"/>
          <line num="162" count="1" type="stmt"/>
          <line num="164" count="1" type="stmt"/>
          <line num="165" count="2" type="stmt"/>
          <line num="166" count="4" type="cond" truecount="5" falsecount="1"/>
          <line num="168" count="1" type="stmt"/>
          <line num="170" count="1" type="cond" truecount="1" falsecount="1"/>
          <line num="171" count="1" type="stmt"/>
          <line num="172" count="1" type="stmt"/>
          <line num="175" count="0" type="stmt"/>
          <line num="178" count="1" type="stmt"/>
          <line num="179" count="1" type="stmt"/>
          <line num="185" count="1" type="stmt"/>
          <line num="187" count="1" type="cond" truecount="1" falsecount="1"/>
          <line num="188" count="0" type="stmt"/>
          <line num="193" count="0" type="stmt"/>
          <line num="195" count="1" type="stmt"/>
          <line num="196" count="1" type="stmt"/>
          <line num="199" count="0" type="stmt"/>
          <line num="200" count="0" type="stmt"/>
          <line num="202" count="0" type="stmt"/>
          <line num="210" count="1" type="stmt"/>
        </file>
      </package>
      <package name="imports.modules.accounts.client.components.SignInBtn">
        <metrics statements="7" coveredstatements="7" conditionals="0" coveredconditionals="0" methods="5" coveredmethods="5"/>
        <file name="SignInBtn.vue" path="/Users/stevend/coding/meteor/Meteor-Vue-Enterprise-Starter/src/imports/modules/accounts/client/components/SignInBtn/SignInBtn.vue">
          <metrics statements="7" coveredstatements="7" conditionals="0" coveredconditionals="0" methods="5" coveredmethods="5"/>
          <line num="1" count="20" type="stmt"/>
          <line num="4" count="20" type="stmt"/>
          <line num="31" count="20" type="stmt"/>
          <line num="39" count="3" type="stmt"/>
          <line num="45" count="3" type="stmt"/>
          <line num="48" count="3" type="stmt"/>
          <line num="53" count="1" type="stmt"/>
        </file>
      </package>
      <package name="imports.modules.accounts.client.components.SignInForm">
        <metrics statements="43" coveredstatements="38" conditionals="22" coveredconditionals="16" methods="15" coveredmethods="14"/>
        <file name="SignInForm.vue" path="/Users/stevend/coding/meteor/Meteor-Vue-Enterprise-Starter/src/imports/modules/accounts/client/components/SignInForm/SignInForm.vue">
          <metrics statements="43" coveredstatements="38" conditionals="22" coveredconditionals="16" methods="15" coveredmethods="14"/>
          <line num="1" count="3" type="stmt"/>
          <line num="4" count="3" type="stmt"/>
          <line num="8" count="3" type="stmt"/>
          <line num="10" count="3" type="stmt"/>
          <line num="12" count="3" type="stmt"/>
          <line num="14" count="3" type="stmt"/>
          <line num="16" count="3" type="stmt"/>
          <line num="18" count="3" type="stmt"/>
          <line num="20" count="3" type="stmt"/>
          <line num="22" count="3" type="stmt"/>
          <line num="24" count="3" type="stmt"/>
          <line num="26" count="3" type="stmt"/>
          <line num="28" count="3" type="stmt"/>
          <line num="30" count="12" type="cond" truecount="4" falsecount="0"/>
          <line num="91" count="3" type="stmt"/>
          <line num="97" count="1" type="stmt"/>
          <line num="102" count="8" type="stmt"/>
          <line num="106" count="8" type="cond" truecount="1" falsecount="1"/>
          <line num="107" count="8" type="cond" truecount="2" falsecount="0"/>
          <line num="112" count="8" type="stmt"/>
          <line num="127" count="8" type="stmt"/>
          <line num="131" count="8" type="cond" truecount="1" falsecount="1"/>
          <line num="134" count="11" type="cond" truecount="3" falsecount="0"/>
          <line num="139" count="1" type="stmt"/>
          <line num="142" count="1" type="stmt"/>
          <line num="146" count="0" type="stmt"/>
          <line num="149" count="1" type="stmt"/>
          <line num="151" count="1" type="stmt"/>
          <line num="153" count="1" type="stmt"/>
          <line num="154" count="2" type="stmt"/>
          <line num="155" count="3" type="cond" truecount="4" falsecount="1"/>
          <line num="157" count="1" type="stmt"/>
          <line num="158" count="1" type="stmt"/>
          <line num="159" count="1" type="stmt"/>
          <line num="165" count="1" type="stmt"/>
          <line num="167" count="1" type="cond" truecount="1" falsecount="1"/>
          <line num="168" count="0" type="cond" truecount="0" falsecount="2"/>
          <line num="170" count="1" type="stmt"/>
          <line num="171" count="1" type="stmt"/>
          <line num="174" count="0" type="stmt"/>
          <line num="175" count="0" type="stmt"/>
          <line num="177" count="0" type="stmt"/>
          <line num="185" count="1" type="stmt"/>
        </file>
      </package>
      <package name="imports.modules.accounts.client.components.SignOutBtn">
        <metrics statements="33" coveredstatements="28" conditionals="11" coveredconditionals="9" methods="9" coveredmethods="9"/>
        <file name="SignOutBtn.vue" path="/Users/stevend/coding/meteor/Meteor-Vue-Enterprise-Starter/src/imports/modules/accounts/client/components/SignOutBtn/SignOutBtn.vue">
          <metrics statements="33" coveredstatements="28" conditionals="11" coveredconditionals="9" methods="9" coveredmethods="9"/>
          <line num="1" count="20" type="stmt"/>
          <line num="4" count="20" type="stmt"/>
          <line num="8" count="20" type="stmt"/>
          <line num="10" count="20" type="stmt"/>
          <line num="12" count="20" type="stmt"/>
          <line num="14" count="20" type="stmt"/>
          <line num="16" count="20" type="stmt"/>
          <line num="18" count="20" type="stmt"/>
          <line num="20" count="20" type="stmt"/>
          <line num="22" count="60" type="cond" truecount="4" falsecount="0"/>
          <line num="24" count="20" type="stmt"/>
          <line num="32" count="12" type="stmt"/>
          <line num="38" count="8" type="stmt"/>
          <line num="41" count="8" type="stmt"/>
          <line num="46" count="1" type="stmt"/>
          <line num="50" count="1" type="stmt"/>
          <line num="52" count="1" type="stmt"/>
          <line num="54" count="1" type="stmt"/>
          <line num="55" count="2" type="stmt"/>
          <line num="56" count="3" type="cond" truecount="4" falsecount="1"/>
          <line num="58" count="1" type="stmt"/>
          <line num="59" count="1" type="stmt"/>
          <line num="60" count="1" type="stmt"/>
          <line num="63" count="1" type="stmt"/>
          <line num="65" count="1" type="cond" truecount="1" falsecount="1"/>
          <line num="66" count="0" type="stmt"/>
          <line num="71" count="0" type="stmt"/>
          <line num="73" count="1" type="stmt"/>
          <line num="74" count="1" type="stmt"/>
          <line num="77" count="0" type="stmt"/>
          <line num="78" count="0" type="stmt"/>
          <line num="80" count="0" type="stmt"/>
          <line num="88" count="1" type="stmt"/>
        </file>
      </package>
      <package name="imports.modules.accounts.client.components.SignUpBtn">
        <metrics statements="7" coveredstatements="7" conditionals="0" coveredconditionals="0" methods="5" coveredmethods="5"/>
        <file name="SignUpBtn.vue" path="/Users/stevend/coding/meteor/Meteor-Vue-Enterprise-Starter/src/imports/modules/accounts/client/components/SignUpBtn/SignUpBtn.vue">
          <metrics statements="7" coveredstatements="7" conditionals="0" coveredconditionals="0" methods="5" coveredmethods="5"/>
          <line num="1" count="20" type="stmt"/>
          <line num="4" count="20" type="stmt"/>
          <line num="33" count="20" type="stmt"/>
          <line num="41" count="3" type="stmt"/>
          <line num="47" count="3" type="stmt"/>
          <line num="50" count="3" type="stmt"/>
          <line num="55" count="1" type="stmt"/>
        </file>
      </package>
      <package name="imports.modules.accounts.client.components.SignUpForm">
        <metrics statements="38" coveredstatements="34" conditionals="15" coveredconditionals="13" methods="11" coveredmethods="10"/>
        <file name="SignUpForm.vue" path="/Users/stevend/coding/meteor/Meteor-Vue-Enterprise-Starter/src/imports/modules/accounts/client/components/SignUpForm/SignUpForm.vue">
          <metrics statements="38" coveredstatements="34" conditionals="15" coveredconditionals="13" methods="11" coveredmethods="10"/>
          <line num="1" count="3" type="stmt"/>
          <line num="4" count="3" type="stmt"/>
          <line num="8" count="3" type="stmt"/>
          <line num="10" count="3" type="stmt"/>
          <line num="12" count="3" type="stmt"/>
          <line num="14" count="3" type="stmt"/>
          <line num="16" count="3" type="stmt"/>
          <line num="18" count="3" type="stmt"/>
          <line num="20" count="3" type="stmt"/>
          <line num="22" count="3" type="stmt"/>
          <line num="24" count="3" type="stmt"/>
          <line num="26" count="3" type="stmt"/>
          <line num="28" count="3" type="stmt"/>
          <line num="30" count="15" type="cond" truecount="4" falsecount="0"/>
          <line num="32" count="3" type="stmt"/>
          <line num="38" count="7" type="stmt"/>
          <line num="52" count="1" type="stmt"/>
          <line num="57" count="0" type="stmt"/>
          <line num="61" count="13" type="cond" truecount="4" falsecount="0"/>
          <line num="66" count="1" type="stmt"/>
          <line num="69" count="1" type="stmt"/>
          <line num="73" count="1" type="stmt"/>
          <line num="75" count="1" type="stmt"/>
          <line num="77" count="1" type="stmt"/>
          <line num="78" count="2" type="stmt"/>
          <line num="79" count="3" type="cond" truecount="4" falsecount="1"/>
          <line num="81" count="1" type="stmt"/>
          <line num="82" count="1" type="stmt"/>
          <line num="83" count="1" type="stmt"/>
          <line num="90" count="1" type="stmt"/>
          <line num="92" count="1" type="cond" truecount="1" falsecount="1"/>
          <line num="93" count="1" type="stmt"/>
          <line num="99" count="1" type="stmt"/>
          <line num="100" count="1" type="stmt"/>
          <line num="103" count="0" type="stmt"/>
          <line num="104" count="0" type="stmt"/>
          <line num="106" count="0" type="stmt"/>
          <line num="114" count="1" type="stmt"/>
        </file>
      </package>
      <package name="imports.modules.accounts.client.lib">
        <metrics statements="18" coveredstatements="18" conditionals="8" coveredconditionals="8" methods="3" coveredmethods="3"/>
        <file name="router-accounts-hooks.js" path="/Users/stevend/coding/meteor/Meteor-Vue-Enterprise-Starter/src/imports/modules/accounts/client/lib/router-accounts-hooks.js">
          <metrics statements="18" coveredstatements="18" conditionals="8" coveredconditionals="8" methods="3" coveredmethods="3"/>
          <line num="7" count="22" type="stmt"/>
          <line num="8" count="2" type="cond" truecount="2" falsecount="0"/>
          <line num="9" count="1" type="stmt"/>
          <line num="14" count="1" type="stmt"/>
          <line num="18" count="22" type="stmt"/>
          <line num="19" count="4" type="cond" truecount="2" falsecount="0"/>
          <line num="20" count="1" type="stmt"/>
          <line num="25" count="3" type="stmt"/>
          <line num="26" count="3" type="stmt"/>
          <line num="28" count="2" type="cond" truecount="2" falsecount="0"/>
          <line num="29" count="1" type="stmt"/>
          <line num="32" count="1" type="stmt"/>
          <line num="33" count="1" type="stmt"/>
          <line num="38" count="1" type="stmt"/>
          <line num="44" count="22" type="stmt"/>
          <line num="45" count="2" type="cond" truecount="2" falsecount="0"/>
          <line num="46" count="1" type="stmt"/>
          <line num="50" count="1" type="stmt"/>
        </file>
      </package>
      <package name="imports.modules.accounts.client.state">
        <metrics statements="94" coveredstatements="82" conditionals="17" coveredconditionals="14" methods="33" coveredmethods="31"/>
        <file name="accounts-actions-mutations.js" path="/Users/stevend/coding/meteor/Meteor-Vue-Enterprise-Starter/src/imports/modules/accounts/client/state/accounts-actions-mutations.js">
          <metrics statements="91" coveredstatements="79" conditionals="17" coveredconditionals="14" methods="33" coveredmethods="31"/>
          <line num="8" count="21" type="stmt"/>
          <line num="35" count="21" type="stmt"/>
          <line num="38" count="3" type="stmt"/>
          <line num="39" count="3" type="stmt"/>
          <line num="40" count="3" type="stmt"/>
          <line num="41" count="2" type="cond" truecount="2" falsecount="0"/>
          <line num="42" count="1" type="stmt"/>
          <line num="43" count="1" type="stmt"/>
          <line num="46" count="1" type="stmt"/>
          <line num="47" count="1" type="stmt"/>
          <line num="48" count="1" type="stmt"/>
          <line num="53" count="1" type="stmt"/>
          <line num="54" count="1" type="stmt"/>
          <line num="59" count="1" type="stmt"/>
          <line num="62" count="3" type="stmt"/>
          <line num="64" count="3" type="stmt"/>
          <line num="65" count="3" type="stmt"/>
          <line num="67" count="1" type="stmt"/>
          <line num="68" count="1" type="stmt"/>
          <line num="70" count="2" type="stmt"/>
          <line num="71" count="2" type="cond" truecount="2" falsecount="0"/>
          <line num="72" count="1" type="stmt"/>
          <line num="73" count="1" type="stmt"/>
          <line num="75" count="1" type="stmt"/>
          <line num="76" count="1" type="stmt"/>
          <line num="81" count="1" type="stmt"/>
          <line num="85" count="2" type="stmt"/>
          <line num="86" count="2" type="stmt"/>
          <line num="87" count="2" type="cond" truecount="2" falsecount="0"/>
          <line num="88" count="1" type="stmt"/>
          <line num="89" count="1" type="stmt"/>
          <line num="91" count="1" type="stmt"/>
          <line num="92" count="1" type="stmt"/>
          <line num="97" count="1" type="stmt"/>
          <line num="100" count="8" type="stmt"/>
          <line num="104" count="2" type="stmt"/>
          <line num="105" count="2" type="stmt"/>
          <line num="106" count="2" type="cond" truecount="2" falsecount="0"/>
          <line num="107" count="1" type="stmt"/>
          <line num="109" count="1" type="stmt"/>
          <line num="115" count="2" type="stmt"/>
          <line num="116" count="2" type="stmt"/>
          <line num="117" count="2" type="cond" truecount="2" falsecount="0"/>
          <line num="118" count="1" type="stmt"/>
          <line num="119" count="1" type="stmt"/>
          <line num="121" count="1" type="stmt"/>
          <line num="122" count="1" type="stmt"/>
          <line num="123" count="1" type="stmt"/>
          <line num="128" count="2" type="stmt"/>
          <line num="129" count="2" type="stmt"/>
          <line num="130" count="2" type="cond" truecount="2" falsecount="0"/>
          <line num="131" count="1" type="stmt"/>
          <line num="132" count="1" type="stmt"/>
          <line num="134" count="1" type="stmt"/>
          <line num="135" count="1" type="stmt"/>
          <line num="140" count="1" type="stmt"/>
          <line num="144" count="5" type="stmt"/>
          <line num="145" count="5" type="stmt"/>
          <line num="146" count="5" type="stmt"/>
          <line num="147" count="0" type="stmt"/>
          <line num="149" count="5" type="stmt"/>
          <line num="150" count="5" type="stmt"/>
          <line num="151" count="5" type="stmt"/>
          <line num="155" count="0" type="stmt"/>
          <line num="159" count="0" type="stmt"/>
          <line num="160" count="0" type="stmt"/>
          <line num="161" count="0" type="cond" truecount="0" falsecount="2"/>
          <line num="162" count="0" type="stmt"/>
          <line num="164" count="0" type="stmt"/>
          <line num="167" count="0" type="stmt"/>
          <line num="172" count="21" type="stmt"/>
          <line num="174" count="8" type="stmt"/>
          <line num="178" count="1" type="stmt"/>
          <line num="181" count="1" type="stmt"/>
          <line num="185" count="1" type="stmt"/>
          <line num="186" count="1" type="stmt"/>
          <line num="189" count="1" type="stmt"/>
          <line num="193" count="1" type="stmt"/>
          <line num="196" count="1" type="stmt"/>
          <line num="199" count="1" type="stmt"/>
          <line num="203" count="1" type="stmt"/>
          <line num="206" count="1" type="stmt"/>
          <line num="209" count="1" type="stmt"/>
          <line num="213" count="5" type="stmt"/>
          <line num="216" count="0" type="stmt"/>
          <line num="219" count="5" type="stmt"/>
          <line num="222" count="5" type="stmt"/>
          <line num="223" count="5" type="cond" truecount="1" falsecount="1"/>
          <line num="224" count="0" type="stmt"/>
          <line num="225" count="0" type="stmt"/>
          <line num="226" count="0" type="stmt"/>
        </file>
        <file name="accounts-store.js" path="/Users/stevend/coding/meteor/Meteor-Vue-Enterprise-Starter/src/imports/modules/accounts/client/state/accounts-store.js">
          <metrics statements="3" coveredstatements="3" conditionals="0" coveredconditionals="0" methods="0" coveredmethods="0"/>
          <line num="3" count="20" type="stmt"/>
          <line num="23" count="20" type="stmt"/>
          <line num="26" count="20" type="stmt"/>
        </file>
      </package>
      <package name="imports.modules.accounts.server.email">
        <metrics statements="8" coveredstatements="8" conditionals="0" coveredconditionals="0" methods="8" coveredmethods="8"/>
        <file name="enroll-account-email.js" path="/Users/stevend/coding/meteor/Meteor-Vue-Enterprise-Starter/src/imports/modules/accounts/server/email/enroll-account-email.js">
          <metrics statements="4" coveredstatements="4" conditionals="0" coveredconditionals="0" methods="4" coveredmethods="4"/>
          <line num="4" count="1" type="stmt"/>
          <line num="5" count="3" type="stmt"/>
          <line num="6" count="3" type="stmt"/>
          <line num="7" count="3" type="stmt"/>
        </file>
        <file name="password-reset-email.js" path="/Users/stevend/coding/meteor/Meteor-Vue-Enterprise-Starter/src/imports/modules/accounts/server/email/password-reset-email.js">
          <metrics statements="4" coveredstatements="4" conditionals="0" coveredconditionals="0" methods="4" coveredmethods="4"/>
          <line num="4" count="1" type="stmt"/>
          <line num="5" count="3" type="stmt"/>
          <line num="6" count="3" type="stmt"/>
          <line num="7" count="3" type="stmt"/>
        </file>
      </package>
      <package name="imports.modules.accounts.server.lib">
        <metrics statements="14" coveredstatements="13" conditionals="4" coveredconditionals="4" methods="3" coveredmethods="3"/>
        <file name="accounts-validation.js" path="/Users/stevend/coding/meteor/Meteor-Vue-Enterprise-Starter/src/imports/modules/accounts/server/lib/accounts-validation.js">
          <metrics statements="14" coveredstatements="13" conditionals="4" coveredconditionals="4" methods="3" coveredmethods="3"/>
          <line num="6" count="1" type="stmt"/>
          <line num="7" count="0" type="stmt"/>
          <line num="10" count="1" type="stmt"/>
          <line num="11" count="6" type="stmt"/>
          <line num="12" count="2" type="stmt"/>
          <line num="13" count="2" type="stmt"/>
          <line num="14" count="1" type="stmt"/>
          <line num="16" count="1" type="stmt"/>
          <line num="20" count="6" type="stmt"/>
          <line num="30" count="3" type="cond" truecount="2" falsecount="0"/>
          <line num="31" count="1" type="stmt"/>
          <line num="34" count="2" type="cond" truecount="2" falsecount="0"/>
          <line num="35" count="1" type="stmt"/>
          <line num="37" count="1" type="stmt"/>
        </file>
      </package>
      <package name="imports.modules.accounts.shared.constants">
        <metrics statements="1" coveredstatements="1" conditionals="0" coveredconditionals="0" methods="0" coveredmethods="0"/>
        <file name="global-user-roles.js" path="/Users/stevend/coding/meteor/Meteor-Vue-Enterprise-Starter/src/imports/modules/accounts/shared/constants/global-user-roles.js">
          <metrics statements="1" coveredstatements="1" conditionals="0" coveredconditionals="0" methods="0" coveredmethods="0"/>
          <line num="1" count="28" type="stmt"/>
        </file>
      </package>
      <package name="imports.modules.accounts.shared.methods">
        <metrics statements="31" coveredstatements="31" conditionals="34" coveredconditionals="32" methods="0" coveredmethods="0"/>
        <file name="check-user-global-role.js" path="/Users/stevend/coding/meteor/Meteor-Vue-Enterprise-Starter/src/imports/modules/accounts/shared/methods/check-user-global-role.js">
          <metrics statements="5" coveredstatements="5" conditionals="4" coveredconditionals="4" methods="0" coveredmethods="0"/>
          <line num="7" count="23" type="stmt"/>
          <line num="16" count="4" type="cond" truecount="2" falsecount="0"/>
          <line num="17" count="3" type="cond" truecount="2" falsecount="0"/>
          <line num="18" count="1" type="stmt"/>
          <line num="20" count="2" type="stmt"/>
        </file>
        <file name="create-unverified-user.js" path="/Users/stevend/coding/meteor/Meteor-Vue-Enterprise-Starter/src/imports/modules/accounts/shared/methods/create-unverified-user.js">
          <metrics statements="4" coveredstatements="4" conditionals="2" coveredconditionals="2" methods="0" coveredmethods="0"/>
          <line num="6" count="22" type="stmt"/>
          <line num="26" count="2" type="cond" truecount="2" falsecount="0"/>
          <line num="27" count="1" type="stmt"/>
          <line num="34" count="1" type="stmt"/>
        </file>
        <file name="get-users-with-roles.js" path="/Users/stevend/coding/meteor/Meteor-Vue-Enterprise-Starter/src/imports/modules/accounts/shared/methods/get-users-with-roles.js">
          <metrics statements="10" coveredstatements="10" conditionals="11" coveredconditionals="9" methods="0" coveredmethods="0"/>
          <line num="8" count="22" type="stmt"/>
          <line num="19" count="4" type="cond" truecount="2" falsecount="0"/>
          <line num="20" count="1" type="stmt"/>
          <line num="22" count="3" type="cond" truecount="2" falsecount="0"/>
          <line num="23" count="2" type="stmt"/>
          <line num="24" count="2" type="cond" truecount="1" falsecount="1"/>
          <line num="26" count="2" type="cond" truecount="1" falsecount="1"/>
          <line num="27" count="2" type="stmt"/>
          <line num="34" count="2" type="stmt"/>
          <line num="35" count="2" type="stmt"/>
        </file>
        <file name="set-user-global-role.js" path="/Users/stevend/coding/meteor/Meteor-Vue-Enterprise-Starter/src/imports/modules/accounts/shared/methods/set-user-global-role.js">
          <metrics statements="12" coveredstatements="12" conditionals="17" coveredconditionals="17" methods="0" coveredmethods="0"/>
          <line num="8" count="22" type="stmt"/>
          <line num="16" count="6" type="cond" truecount="2" falsecount="0"/>
          <line num="18" count="5" type="cond" truecount="2" falsecount="0"/>
          <line num="19" count="1" type="stmt"/>
          <line num="22" count="4" type="cond" truecount="4" falsecount="0"/>
          <line num="23" count="1" type="stmt"/>
          <line num="26" count="3" type="cond" truecount="4" falsecount="0"/>
          <line num="27" count="1" type="stmt"/>
          <line num="30" count="2" type="cond" truecount="2" falsecount="0"/>
          <line num="38" count="1" type="stmt"/>
          <line num="40" count="1" type="stmt"/>
          <line num="41" count="1" type="stmt"/>
        </file>
      </package>
      <package name="imports.modules.accounts.shared.schemas">
        <metrics statements="23" coveredstatements="23" conditionals="11" coveredconditionals="11" methods="2" coveredmethods="2"/>
        <file name="password-schema.js" path="/Users/stevend/coding/meteor/Meteor-Vue-Enterprise-Starter/src/imports/modules/accounts/shared/schemas/password-schema.js">
          <metrics statements="21" coveredstatements="21" conditionals="11" coveredconditionals="11" methods="2" coveredmethods="2"/>
          <line num="3" count="22" type="stmt"/>
          <line num="11" count="9" type="stmt"/>
          <line num="12" count="9" type="stmt"/>
          <line num="13" count="9" type="stmt"/>
          <line num="14" count="9" type="stmt"/>
          <line num="15" count="9" type="stmt"/>
          <line num="16" count="9" type="stmt"/>
          <line num="17" count="9" type="stmt"/>
          <line num="18" count="9" type="stmt"/>
          <line num="19" count="9" type="stmt"/>
          <line num="20" count="9" type="stmt"/>
          <line num="21" count="119" type="cond" truecount="2" falsecount="0"/>
          <line num="22" count="13" type="stmt"/>
          <line num="24" count="119" type="cond" truecount="2" falsecount="0"/>
          <line num="25" count="94" type="stmt"/>
          <line num="27" count="119" type="cond" truecount="2" falsecount="0"/>
          <line num="28" count="6" type="stmt"/>
          <line num="32" count="9" type="cond" truecount="5" falsecount="0"/>
          <line num="35" count="3" type="stmt"/>
          <line num="37" count="6" type="stmt"/>
          <line num="42" count="22" type="stmt"/>
        </file>
        <file name="user-schema.js" path="/Users/stevend/coding/meteor/Meteor-Vue-Enterprise-Starter/src/imports/modules/accounts/shared/schemas/user-schema.js">
          <metrics statements="2" coveredstatements="2" conditionals="0" coveredconditionals="0" methods="0" coveredmethods="0"/>
          <line num="3" count="1" type="stmt"/>
          <line num="14" count="1" type="stmt"/>
        </file>
      </package>
      <package name="imports.modules.counter.client.components.Counter">
        <metrics statements="16" coveredstatements="16" conditionals="4" coveredconditionals="3" methods="11" coveredmethods="11"/>
        <file name="Counter.vue" path="/Users/stevend/coding/meteor/Meteor-Vue-Enterprise-Starter/src/imports/modules/counter/client/components/Counter/Counter.vue">
          <metrics statements="16" coveredstatements="16" conditionals="4" coveredconditionals="3" methods="11" coveredmethods="11"/>
          <line num="1" count="21" type="stmt"/>
          <line num="4" count="21" type="stmt"/>
          <line num="8" count="21" type="stmt"/>
          <line num="10" count="21" type="stmt"/>
          <line num="12" count="21" type="stmt"/>
          <line num="14" count="21" type="cond" truecount="3" falsecount="1"/>
          <line num="16" count="21" type="stmt"/>
          <line num="18" count="8" type="stmt"/>
          <line num="31" count="3" type="stmt"/>
          <line num="34" count="2" type="stmt"/>
          <line num="37" count="1" type="stmt"/>
          <line num="41" count="3" type="stmt"/>
          <line num="44" count="2" type="stmt"/>
          <line num="47" count="1" type="stmt"/>
          <line num="52" count="60" type="stmt"/>
          <line num="56" count="60" type="stmt"/>
        </file>
      </package>
      <package name="imports.modules.counter.client.state">
        <metrics statements="16" coveredstatements="16" conditionals="0" coveredconditionals="0" methods="9" coveredmethods="9"/>
        <file name="counter-actions-mutations.js" path="/Users/stevend/coding/meteor/Meteor-Vue-Enterprise-Starter/src/imports/modules/counter/client/state/counter-actions-mutations.js">
          <metrics statements="12" coveredstatements="12" conditionals="0" coveredconditionals="0" methods="8" coveredmethods="8"/>
          <line num="1" count="22" type="stmt"/>
          <line num="7" count="22" type="stmt"/>
          <line num="9" count="4" type="stmt"/>
          <line num="12" count="3" type="stmt"/>
          <line num="15" count="2" type="stmt"/>
          <line num="16" count="2" type="stmt"/>
          <line num="17" count="2" type="stmt"/>
          <line num="18" count="2" type="stmt"/>
          <line num="24" count="22" type="stmt"/>
          <line num="26" count="4" type="stmt"/>
          <line num="29" count="3" type="stmt"/>
          <line num="32" count="2" type="stmt"/>
        </file>
        <file name="counter-store.js" path="/Users/stevend/coding/meteor/Meteor-Vue-Enterprise-Starter/src/imports/modules/counter/client/state/counter-store.js">
          <metrics statements="4" coveredstatements="4" conditionals="0" coveredconditionals="0" methods="1" coveredmethods="1"/>
          <line num="3" count="21" type="stmt"/>
          <line num="7" count="21" type="stmt"/>
          <line num="9" count="34" type="stmt"/>
          <line num="13" count="21" type="stmt"/>
        </file>
      </package>
      <package name="imports.modules.layout.client.components.Layout">
        <metrics statements="46" coveredstatements="37" conditionals="26" coveredconditionals="19" methods="21" coveredmethods="15"/>
        <file name="Layout.vue" path="/Users/stevend/coding/meteor/Meteor-Vue-Enterprise-Starter/src/imports/modules/layout/client/components/Layout/Layout.vue">
          <metrics statements="46" coveredstatements="37" conditionals="26" coveredconditionals="19" methods="21" coveredmethods="15"/>
          <line num="1" count="20" type="stmt"/>
          <line num="4" count="20" type="stmt"/>
          <line num="8" count="20" type="stmt"/>
          <line num="10" count="20" type="stmt"/>
          <line num="12" count="20" type="stmt"/>
          <line num="14" count="20" type="stmt"/>
          <line num="16" count="20" type="stmt"/>
          <line num="18" count="20" type="stmt"/>
          <line num="20" count="20" type="stmt"/>
          <line num="22" count="60" type="cond" truecount="4" falsecount="0"/>
          <line num="24" count="20" type="stmt"/>
          <line num="32" count="0" type="cond" truecount="0" falsecount="2"/>
          <line num="33" count="0" type="stmt"/>
          <line num="37" count="3" type="stmt"/>
          <line num="45" count="3" type="stmt"/>
          <line num="47" count="3" type="cond" truecount="1" falsecount="1"/>
          <line num="49" count="3" type="stmt"/>
          <line num="53" count="0" type="stmt"/>
          <line num="54" count="0" type="stmt"/>
          <line num="61" count="6" type="stmt"/>
          <line num="64" count="0" type="stmt"/>
          <line num="67" count="3" type="stmt"/>
          <line num="70" count="6" type="stmt"/>
          <line num="74" count="0" type="stmt"/>
          <line num="77" count="0" type="stmt"/>
          <line num="82" count="7" type="cond" truecount="2" falsecount="0"/>
          <line num="83" count="2" type="stmt"/>
          <line num="85" count="5" type="cond" truecount="2" falsecount="0"/>
          <line num="88" count="7" type="cond" truecount="2" falsecount="0"/>
          <line num="89" count="2" type="stmt"/>
          <line num="91" count="5" type="cond" truecount="2" falsecount="0"/>
          <line num="94" count="6" type="cond" truecount="2" falsecount="0"/>
          <line num="95" count="4" type="stmt"/>
          <line num="97" count="2" type="stmt"/>
          <line num="102" count="1" type="stmt"/>
          <line num="105" count="1" type="stmt"/>
          <line num="108" count="1" type="stmt"/>
          <line num="112" count="0" type="stmt"/>
          <line num="116" count="1" type="cond" truecount="1" falsecount="1"/>
          <line num="117" count="0" type="stmt"/>
          <line num="119" count="1" type="cond" truecount="1" falsecount="1"/>
          <line num="120" count="1" type="stmt"/>
          <line num="125" count="1" type="cond" truecount="1" falsecount="1"/>
          <line num="126" count="1" type="stmt"/>
          <line num="128" count="1" type="cond" truecount="1" falsecount="1"/>
          <line num="129" count="1" type="stmt"/>
        </file>
      </package>
      <package name="imports.modules.layout.client.state">
        <metrics statements="22" coveredstatements="22" conditionals="2" coveredconditionals="2" methods="12" coveredmethods="12"/>
        <file name="layout-actions-mutations.js" path="/Users/stevend/coding/meteor/Meteor-Vue-Enterprise-Starter/src/imports/modules/layout/client/state/layout-actions-mutations.js">
          <metrics statements="19" coveredstatements="19" conditionals="2" coveredconditionals="2" methods="12" coveredmethods="12"/>
          <line num="5" count="22" type="stmt"/>
          <line num="15" count="22" type="stmt"/>
          <line num="28" count="22" type="stmt"/>
          <line num="36" count="22" type="stmt"/>
          <line num="38" count="1" type="stmt"/>
          <line num="41" count="1" type="stmt"/>
          <line num="44" count="2" type="stmt"/>
          <line num="47" count="8" type="stmt"/>
          <line num="50" count="48" type="stmt"/>
          <line num="53" count="9" type="stmt"/>
          <line num="57" count="22" type="stmt"/>
          <line num="59" count="1" type="stmt"/>
          <line num="62" count="1" type="stmt"/>
          <line num="65" count="3" type="stmt"/>
          <line num="68" count="8" type="stmt"/>
          <line num="71" count="48" type="stmt"/>
          <line num="74" count="9" type="cond" truecount="2" falsecount="0"/>
          <line num="75" count="1" type="stmt"/>
          <line num="77" count="8" type="stmt"/>
        </file>
        <file name="layout-store.js" path="/Users/stevend/coding/meteor/Meteor-Vue-Enterprise-Starter/src/imports/modules/layout/client/state/layout-store.js">
          <metrics statements="3" coveredstatements="3" conditionals="0" coveredconditionals="0" methods="0" coveredmethods="0"/>
          <line num="3" count="21" type="stmt"/>
          <line num="10" count="21" type="stmt"/>
          <line num="12" count="21" type="stmt"/>
        </file>
      </package>
      <package name="imports.modules.pages.client.components.PageAccountsAdmin">
        <metrics statements="11" coveredstatements="10" conditionals="4" coveredconditionals="3" methods="3" coveredmethods="2"/>
        <file name="PageAccountsAdmin.vue" path="/Users/stevend/coding/meteor/Meteor-Vue-Enterprise-Starter/src/imports/modules/pages/client/components/PageAccountsAdmin/PageAccountsAdmin.vue">
          <metrics statements="11" coveredstatements="10" conditionals="4" coveredconditionals="3" methods="3" coveredmethods="2"/>
          <line num="1" count="1" type="stmt"/>
          <line num="4" count="1" type="stmt"/>
          <line num="8" count="1" type="stmt"/>
          <line num="10" count="1" type="stmt"/>
          <line num="12" count="1" type="stmt"/>
          <line num="14" count="1" type="stmt"/>
          <line num="16" count="1" type="stmt"/>
          <line num="18" count="1" type="stmt"/>
          <line num="20" count="2" type="cond" truecount="3" falsecount="1"/>
          <line num="54" count="1" type="stmt"/>
          <line num="62" count="0" type="stmt"/>
        </file>
      </package>
      <package name="imports.modules.pages.client.components.PageAccountsAdminInvites">
        <metrics statements="7" coveredstatements="7" conditionals="4" coveredconditionals="3" methods="2" coveredmethods="2"/>
        <file name="PageAccountsAdminInvites.vue" path="/Users/stevend/coding/meteor/Meteor-Vue-Enterprise-Starter/src/imports/modules/pages/client/components/PageAccountsAdminInvites/PageAccountsAdminInvites.vue">
          <metrics statements="7" coveredstatements="7" conditionals="4" coveredconditionals="3" methods="2" coveredmethods="2"/>
          <line num="1" count="1" type="stmt"/>
          <line num="4" count="1" type="stmt"/>
          <line num="8" count="1" type="stmt"/>
          <line num="10" count="1" type="stmt"/>
          <line num="12" count="1" type="stmt"/>
          <line num="14" count="1" type="cond" truecount="3" falsecount="1"/>
          <line num="33" count="1" type="stmt"/>
        </file>
      </package>
      <package name="imports.modules.pages.client.components.PageBase">
        <metrics statements="3" coveredstatements="3" conditionals="0" coveredconditionals="0" methods="1" coveredmethods="1"/>
        <file name="PageBase.vue" path="/Users/stevend/coding/meteor/Meteor-Vue-Enterprise-Starter/src/imports/modules/pages/client/components/PageBase/PageBase.vue">
          <metrics statements="3" coveredstatements="3" conditionals="0" coveredconditionals="0" methods="1" coveredmethods="1"/>
          <line num="1" count="25" type="stmt"/>
          <line num="4" count="25" type="stmt"/>
          <line num="22" count="25" type="stmt"/>
        </file>
      </package>
      <package name="imports.modules.pages.client.components.PageEnrollAccount">
        <metrics statements="14" coveredstatements="14" conditionals="8" coveredconditionals="7" methods="5" coveredmethods="5"/>
        <file name="PageEnrollAccount.vue" path="/Users/stevend/coding/meteor/Meteor-Vue-Enterprise-Starter/src/imports/modules/pages/client/components/PageEnrollAccount/PageEnrollAccount.vue">
          <metrics statements="14" coveredstatements="14" conditionals="8" coveredconditionals="7" methods="5" coveredmethods="5"/>
          <line num="1" count="2" type="stmt"/>
          <line num="4" count="2" type="stmt"/>
          <line num="8" count="2" type="stmt"/>
          <line num="10" count="2" type="stmt"/>
          <line num="12" count="2" type="stmt"/>
          <line num="14" count="2" type="stmt"/>
          <line num="16" count="2" type="stmt"/>
          <line num="18" count="4" type="cond" truecount="4" falsecount="0"/>
          <line num="31" count="2" type="stmt"/>
          <line num="37" count="1" type="cond" truecount="3" falsecount="1"/>
          <line num="38" count="1" type="stmt"/>
          <line num="39" count="1" type="stmt"/>
          <line num="45" count="1" type="stmt"/>
          <line num="48" count="1" type="stmt"/>
        </file>
      </package>
      <package name="imports.modules.pages.client.components.PageHome">
        <metrics statements="10" coveredstatements="10" conditionals="4" coveredconditionals="3" methods="3" coveredmethods="3"/>
        <file name="PageHome.vue" path="/Users/stevend/coding/meteor/Meteor-Vue-Enterprise-Starter/src/imports/modules/pages/client/components/PageHome/PageHome.vue">
          <metrics statements="10" coveredstatements="10" conditionals="4" coveredconditionals="3" methods="3" coveredmethods="3"/>
          <line num="1" count="21" type="stmt"/>
          <line num="4" count="21" type="stmt"/>
          <line num="8" count="21" type="stmt"/>
          <line num="10" count="21" type="stmt"/>
          <line num="12" count="21" type="stmt"/>
          <line num="14" count="21" type="stmt"/>
          <line num="16" count="21" type="stmt"/>
          <line num="18" count="42" type="cond" truecount="3" falsecount="1"/>
          <line num="20" count="21" type="stmt"/>
          <line num="27" count="1" type="stmt"/>
        </file>
      </package>
      <package name="imports.modules.pages.client.components.PagePasswordReset">
        <metrics statements="13" coveredstatements="13" conditionals="4" coveredconditionals="4" methods="4" coveredmethods="4"/>
        <file name="PagePasswordReset.vue" path="/Users/stevend/coding/meteor/Meteor-Vue-Enterprise-Starter/src/imports/modules/pages/client/components/PagePasswordReset/PagePasswordReset.vue">
          <metrics statements="13" coveredstatements="13" conditionals="4" coveredconditionals="4" methods="4" coveredmethods="4"/>
          <line num="1" count="2" type="stmt"/>
          <line num="4" count="2" type="stmt"/>
          <line num="8" count="2" type="stmt"/>
          <line num="10" count="2" type="stmt"/>
          <line num="12" count="2" type="stmt"/>
          <line num="14" count="2" type="stmt"/>
          <line num="16" count="2" type="stmt"/>
          <line num="18" count="2" type="stmt"/>
          <line num="20" count="2" type="stmt"/>
          <line num="22" count="6" type="cond" truecount="4" falsecount="0"/>
          <line num="24" count="2" type="stmt"/>
          <line num="32" count="2" type="stmt"/>
          <line num="35" count="2" type="stmt"/>
        </file>
      </package>
      <package name="imports.modules.pages.client.components.PagePrivate">
        <metrics statements="6" coveredstatements="6" conditionals="4" coveredconditionals="3" methods="2" coveredmethods="2"/>
        <file name="PagePrivate.vue" path="/Users/stevend/coding/meteor/Meteor-Vue-Enterprise-Starter/src/imports/modules/pages/client/components/PagePrivate/PagePrivate.vue">
          <metrics statements="6" coveredstatements="6" conditionals="4" coveredconditionals="3" methods="2" coveredmethods="2"/>
          <line num="1" count="2" type="stmt"/>
          <line num="4" count="2" type="stmt"/>
          <line num="8" count="2" type="stmt"/>
          <line num="10" count="2" type="stmt"/>
          <line num="12" count="2" type="cond" truecount="3" falsecount="1"/>
          <line num="14" count="2" type="stmt"/>
        </file>
      </package>
      <package name="imports.modules.pages.client.components.PageSignIn">
        <metrics statements="6" coveredstatements="6" conditionals="4" coveredconditionals="3" methods="2" coveredmethods="2"/>
        <file name="PageSignIn.vue" path="/Users/stevend/coding/meteor/Meteor-Vue-Enterprise-Starter/src/imports/modules/pages/client/components/PageSignIn/PageSignIn.vue">
          <metrics statements="6" coveredstatements="6" conditionals="4" coveredconditionals="3" methods="2" coveredmethods="2"/>
          <line num="1" count="2" type="stmt"/>
          <line num="4" count="2" type="stmt"/>
          <line num="8" count="2" type="stmt"/>
          <line num="10" count="2" type="stmt"/>
          <line num="12" count="2" type="cond" truecount="3" falsecount="1"/>
          <line num="14" count="2" type="stmt"/>
        </file>
      </package>
      <package name="imports.modules.pages.client.components.PageSignUp">
        <metrics statements="6" coveredstatements="6" conditionals="4" coveredconditionals="3" methods="2" coveredmethods="2"/>
        <file name="PageSignUp.vue" path="/Users/stevend/coding/meteor/Meteor-Vue-Enterprise-Starter/src/imports/modules/pages/client/components/PageSignUp/PageSignUp.vue">
          <metrics statements="6" coveredstatements="6" conditionals="4" coveredconditionals="3" methods="2" coveredmethods="2"/>
          <line num="1" count="2" type="stmt"/>
          <line num="4" count="2" type="stmt"/>
          <line num="8" count="2" type="stmt"/>
          <line num="10" count="2" type="stmt"/>
          <line num="12" count="2" type="cond" truecount="3" falsecount="1"/>
          <line num="14" count="2" type="stmt"/>
        </file>
      </package>
      <package name="imports.modules.router.client.lib">
        <metrics statements="37" coveredstatements="32" conditionals="2" coveredconditionals="1" methods="20" coveredmethods="16"/>
        <file name="router.js" path="/Users/stevend/coding/meteor/Meteor-Vue-Enterprise-Starter/src/imports/modules/router/client/lib/router.js">
          <metrics statements="37" coveredstatements="32" conditionals="2" coveredconditionals="1" methods="20" coveredmethods="16"/>
          <line num="11" count="21" type="stmt"/>
          <line num="12" count="64" type="cond" truecount="1" falsecount="1"/>
          <line num="13" count="64" type="stmt"/>
          <line num="15" count="0" type="stmt"/>
          <line num="18" count="21" type="stmt"/>
          <line num="19" count="1" type="stmt"/>
          <line num="20" count="1" type="stmt"/>
          <line num="22" count="21" type="stmt"/>
          <line num="23" count="1" type="stmt"/>
          <line num="24" count="1" type="stmt"/>
          <line num="26" count="21" type="stmt"/>
          <line num="27" count="1" type="stmt"/>
          <line num="28" count="1" type="stmt"/>
          <line num="30" count="21" type="stmt"/>
          <line num="31" count="1" type="stmt"/>
          <line num="32" count="1" type="stmt"/>
          <line num="34" count="21" type="stmt"/>
          <line num="35" count="59" type="stmt"/>
          <line num="36" count="59" type="stmt"/>
          <line num="38" count="21" type="stmt"/>
          <line num="39" count="0" type="stmt"/>
          <line num="40" count="0" type="stmt"/>
          <line num="42" count="21" type="stmt"/>
          <line num="43" count="0" type="stmt"/>
          <line num="44" count="0" type="stmt"/>
          <line num="46" count="21" type="stmt"/>
          <line num="47" count="1" type="stmt"/>
          <line num="48" count="1" type="stmt"/>
          <line num="51" count="21" type="stmt"/>
          <line num="52" count="99" type="stmt"/>
          <line num="105" count="99" type="stmt"/>
          <line num="111" count="99" type="stmt"/>
          <line num="112" count="59" type="stmt"/>
          <line num="113" count="59" type="stmt"/>
          <line num="115" count="99" type="stmt"/>
          <line num="116" count="51" type="stmt"/>
          <line num="119" count="99" type="stmt"/>
        </file>
      </package>
      <package name="imports.modules.store.client.lib">
        <metrics statements="7" coveredstatements="6" conditionals="2" coveredconditionals="1" methods="1" coveredmethods="1"/>
        <file name="store.js" path="/Users/stevend/coding/meteor/Meteor-Vue-Enterprise-Starter/src/imports/modules/store/client/lib/store.js">
          <metrics statements="7" coveredstatements="6" conditionals="2" coveredconditionals="1" methods="1" coveredmethods="1"/>
          <line num="9" count="20" type="stmt"/>
          <line num="13" count="20" type="cond" truecount="1" falsecount="1"/>
          <line num="14" count="0" type="stmt"/>
          <line num="17" count="20" type="stmt"/>
          <line num="18" count="92" type="stmt"/>
          <line num="26" count="92" type="stmt"/>
          <line num="27" count="92" type="stmt"/>
        </file>
      </package>
      <package name="imports.startup.client">
        <metrics statements="30" coveredstatements="24" conditionals="9" coveredconditionals="7" methods="9" coveredmethods="4"/>
        <file name="App.vue" path="/Users/stevend/coding/meteor/Meteor-Vue-Enterprise-Starter/src/imports/startup/client/App.vue">
          <metrics statements="6" coveredstatements="6" conditionals="4" coveredconditionals="3" methods="2" coveredmethods="2"/>
          <line num="1" count="20" type="stmt"/>
          <line num="4" count="20" type="stmt"/>
          <line num="8" count="20" type="stmt"/>
          <line num="10" count="20" type="stmt"/>
          <line num="12" count="20" type="cond" truecount="3" falsecount="1"/>
          <line num="14" count="20" type="stmt"/>
        </file>
        <file name="client-index.js" path="/Users/stevend/coding/meteor/Meteor-Vue-Enterprise-Starter/src/imports/startup/client/client-index.js">
          <metrics statements="24" coveredstatements="18" conditionals="5" coveredconditionals="4" methods="7" coveredmethods="2"/>
          <line num="16" count="20" type="stmt"/>
          <line num="18" count="0" type="stmt"/>
          <line num="21" count="20" type="stmt"/>
          <line num="23" count="0" type="stmt"/>
          <line num="26" count="20" type="stmt"/>
          <line num="28" count="0" type="stmt"/>
          <line num="31" count="20" type="stmt"/>
          <line num="33" count="0" type="stmt"/>
          <line num="44" count="20" type="cond" truecount="1" falsecount="0"/>
          <line num="48" count="93" type="stmt"/>
          <line num="49" count="93" type="stmt"/>
          <line num="50" count="93" type="stmt"/>
          <line num="51" count="93" type="stmt"/>
          <line num="53" count="93" type="stmt"/>
          <line num="54" count="93" type="stmt"/>
          <line num="56" count="93" type="stmt"/>
          <line num="58" count="93" type="stmt"/>
          <line num="59" count="93" type="stmt"/>
          <line num="63" count="20" type="stmt"/>
          <line num="64" count="20" type="stmt"/>
          <line num="65" count="20" type="stmt"/>
          <line num="66" count="0" type="stmt"/>
          <line num="71" count="20" type="cond" truecount="1" falsecount="1"/>
          <line num="72" count="0" type="stmt"/>
        </file>
      </package>
      <package name="imports.startup.server">
        <metrics statements="19" coveredstatements="0" conditionals="4" coveredconditionals="0" methods="3" coveredmethods="0"/>
        <file name="server-index.js" path="/Users/stevend/coding/meteor/Meteor-Vue-Enterprise-Starter/src/imports/startup/server/server-index.js">
          <metrics statements="19" coveredstatements="0" conditionals="4" coveredconditionals="0" methods="3" coveredmethods="0"/>
          <line num="1" count="0" type="stmt"/>
          <line num="2" count="0" type="stmt"/>
          <line num="4" count="0" type="stmt"/>
          <line num="5" count="0" type="stmt"/>
          <line num="6" count="0" type="stmt"/>
          <line num="9" count="0" type="stmt"/>
          <line num="15" count="0" type="stmt"/>
          <line num="16" count="0" type="stmt"/>
          <line num="17" count="0" type="stmt"/>
          <line num="18" count="0" type="cond" truecount="0" falsecount="4"/>
          <line num="21" count="0" type="stmt"/>
          <line num="22" count="0" type="stmt"/>
          <line num="24" count="0" type="stmt"/>
          <line num="27" count="0" type="stmt"/>
          <line num="33" count="0" type="stmt"/>
          <line num="34" count="0" type="stmt"/>
          <line num="35" count="0" type="stmt"/>
          <line num="36" count="0" type="stmt"/>
          <line num="37" count="0" type="stmt"/>
        </file>
      </package>
      <package name="server">
        <metrics statements="1" coveredstatements="0" conditionals="0" coveredconditionals="0" methods="0" coveredmethods="0"/>
        <file name="server-main.js" path="/Users/stevend/coding/meteor/Meteor-Vue-Enterprise-Starter/src/server/server-main.js">
          <metrics statements="1" coveredstatements="0" conditionals="0" coveredconditionals="0" methods="0" coveredmethods="0"/>
          <line num="1" count="0" type="stmt"/>
        </file>
      </package>
    </metrics>
  </project>
</coverage>
