{"/Users/stevend/coding/meteor/Meteor-Vue-Enterprise-Starter/src/client/client-main.js": {"path":"/Users/stevend/coding/meteor/Meteor-Vue-Enterprise-Starter/src/client/client-main.js","statementMap":{"0":{"start":{"line":1,"column":13},"end":{"line":1,"column":68}}},"fnMap":{},"branchMap":{},"s":{"0":0},"f":{},"b":{}}
,"/Users/stevend/coding/meteor/Meteor-Vue-Enterprise-Starter/src/imports/modules/accounts/client/components/AccountsAdminInvites/AccountsAdminInvites.vue": {"path":"/Users/stevend/coding/meteor/Meteor-Vue-Enterprise-Starter/src/imports/modules/accounts/client/components/AccountsAdminInvites/AccountsAdminInvites.vue","statementMap":{"0":{"start":{"line":1,"column":27},"end":{"line":24,"column":4}},"1":{"start":{"line":4,"column":0},"end":{"line":6,"column":3}},"2":{"start":{"line":21,"column":0},"end":{"line":23,"column":2}}},"fnMap":{"0":{"name":"(anonymous_0)","decl":{"start":{"line":1,"column":28},"end":{"line":1,"column":29}},"loc":{"start":{"line":1,"column":38},"end":{"line":24,"column":1}},"line":1}},"branchMap":{},"s":{"0":1,"1":1,"2":1},"f":{"0":1},"b":{},"_coverageSchema":"332fd63041d2c1bcb487cc26dd0d5f7d97098a6c","hash":"9d364b66ee388e384f91841da60bacea63d556b3"}
,"/Users/stevend/coding/meteor/Meteor-Vue-Enterprise-Starter/src/imports/modules/accounts/client/components/AccountsAdminUsersList/AccountsAdminUsersList.vue": {"path":"/Users/stevend/coding/meteor/Meteor-Vue-Enterprise-Starter/src/imports/modules/accounts/client/components/AccountsAdminUsersList/AccountsAdminUsersList.vue","statementMap":{"0":{"start":{"line":1,"column":27},"end":{"line":353,"column":4}},"1":{"start":{"line":4,"column":0},"end":{"line":6,"column":3}},"2":{"start":{"line":8,"column":14},"end":{"line":8,"column":60}},"3":{"start":{"line":10,"column":15},"end":{"line":10,"column":46}},"4":{"start":{"line":12,"column":16},"end":{"line":12,"column":56}},"5":{"start":{"line":14,"column":16},"end":{"line":14,"column":49}},"6":{"start":{"line":16,"column":19},"end":{"line":16,"column":55}},"7":{"start":{"line":18,"column":20},"end":{"line":18,"column":56}},"8":{"start":{"line":20,"column":25},"end":{"line":20,"column":74}},"9":{"start":{"line":22,"column":25},"end":{"line":22,"column":67}},"10":{"start":{"line":24,"column":14},"end":{"line":24,"column":38}},"11":{"start":{"line":26,"column":21},"end":{"line":26,"column":53}},"12":{"start":{"line":28,"column":23},"end":{"line":28,"column":79}},"13":{"start":{"line":30,"column":15},"end":{"line":30,"column":34}},"14":{"start":{"line":32,"column":13},"end":{"line":32,"column":29}},"15":{"start":{"line":34,"column":14},"end":{"line":34,"column":44}},"16":{"start":{"line":36,"column":39},"end":{"line":36,"column":93}},"17":{"start":{"line":38,"column":0},"end":{"line":290,"column":2}},"18":{"start":{"line":41,"column":16},"end":{"line":41,"column":20}},"19":{"start":{"line":43,"column":4},"end":{"line":66,"column":10}},"20":{"start":{"line":44,"column":6},"end":{"line":65,"column":35}},"21":{"start":{"line":45,"column":8},"end":{"line":64,"column":9}},"22":{"start":{"line":46,"column":10},"end":{"line":63,"column":11}},"23":{"start":{"line":48,"column":14},"end":{"line":48,"column":32}},"24":{"start":{"line":49,"column":14},"end":{"line":49,"column":32}},"25":{"start":{"line":50,"column":14},"end":{"line":50,"column":93}},"26":{"start":{"line":53,"column":14},"end":{"line":53,"column":32}},"27":{"start":{"line":54,"column":14},"end":{"line":54,"column":20}},"28":{"start":{"line":57,"column":14},"end":{"line":57,"column":32}},"29":{"start":{"line":58,"column":14},"end":{"line":58,"column":49}},"30":{"start":{"line":62,"column":14},"end":{"line":62,"column":37}},"31":{"start":{"line":69,"column":4},"end":{"line":69,"column":41}},"32":{"start":{"line":74,"column":6},"end":{"line":74,"column":48}},"33":{"start":{"line":77,"column":6},"end":{"line":77,"column":60}},"34":{"start":{"line":80,"column":6},"end":{"line":80,"column":48}},"35":{"start":{"line":84,"column":6},"end":{"line":86,"column":7}},"36":{"start":{"line":85,"column":8},"end":{"line":85,"column":30}},"37":{"start":{"line":87,"column":6},"end":{"line":87,"column":16}},"38":{"start":{"line":90,"column":6},"end":{"line":92,"column":7}},"39":{"start":{"line":91,"column":8},"end":{"line":91,"column":180}},"40":{"start":{"line":95,"column":6},"end":{"line":95,"column":138}},"41":{"start":{"line":98,"column":6},"end":{"line":98,"column":132}},"42":{"start":{"line":101,"column":6},"end":{"line":101,"column":74}},"43":{"start":{"line":102,"column":23},"end":{"line":102,"column":52}},"44":{"start":{"line":103,"column":6},"end":{"line":103,"column":57}},"45":{"start":{"line":106,"column":19},"end":{"line":106,"column":23}},"46":{"start":{"line":108,"column":19},"end":{"line":108,"column":30}},"47":{"start":{"line":109,"column":17},"end":{"line":109,"column":26}},"48":{"start":{"line":110,"column":6},"end":{"line":168,"column":12}},"49":{"start":{"line":112,"column":8},"end":{"line":167,"column":49}},"50":{"start":{"line":113,"column":10},"end":{"line":166,"column":11}},"51":{"start":{"line":114,"column":12},"end":{"line":165,"column":13}},"52":{"start":{"line":116,"column":16},"end":{"line":116,"column":35}},"53":{"start":{"line":118,"column":16},"end":{"line":118,"column":40}},"54":{"start":{"line":119,"column":16},"end":{"line":119,"column":35}},"55":{"start":{"line":120,"column":16},"end":{"line":120,"column":80}},"56":{"start":{"line":123,"column":16},"end":{"line":123,"column":41}},"57":{"start":{"line":125,"column":16},"end":{"line":128,"column":17}},"58":{"start":{"line":126,"column":18},"end":{"line":126,"column":38}},"59":{"start":{"line":127,"column":18},"end":{"line":127,"column":24}},"60":{"start":{"line":130,"column":16},"end":{"line":130,"column":35}},"61":{"start":{"line":131,"column":16},"end":{"line":131,"column":35}},"62":{"start":{"line":132,"column":16},"end":{"line":132,"column":97}},"63":{"start":{"line":135,"column":16},"end":{"line":135,"column":41}},"64":{"start":{"line":136,"column":16},"end":{"line":136,"column":36}},"65":{"start":{"line":137,"column":16},"end":{"line":137,"column":22}},"66":{"start":{"line":140,"column":16},"end":{"line":140,"column":36}},"67":{"start":{"line":141,"column":16},"end":{"line":141,"column":53}},"68":{"start":{"line":143,"column":16},"end":{"line":143,"column":40}},"69":{"start":{"line":146,"column":16},"end":{"line":146,"column":36}},"70":{"start":{"line":147,"column":16},"end":{"line":147,"column":22}},"71":{"start":{"line":150,"column":16},"end":{"line":150,"column":40}},"72":{"start":{"line":153,"column":16},"end":{"line":153,"column":36}},"73":{"start":{"line":154,"column":16},"end":{"line":154,"column":22}},"74":{"start":{"line":157,"column":16},"end":{"line":157,"column":36}},"75":{"start":{"line":158,"column":16},"end":{"line":158,"column":53}},"76":{"start":{"line":160,"column":16},"end":{"line":160,"column":40}},"77":{"start":{"line":164,"column":16},"end":{"line":164,"column":40}},"78":{"start":{"line":173,"column":6},"end":{"line":173,"column":53}},"79":{"start":{"line":176,"column":6},"end":{"line":176,"column":43}},"80":{"start":{"line":179,"column":6},"end":{"line":179,"column":42}},"81":{"start":{"line":182,"column":6},"end":{"line":182,"column":41}},"82":{"start":{"line":185,"column":6},"end":{"line":185,"column":51}},"83":{"start":{"line":189,"column":6},"end":{"line":189,"column":51}},"84":{"start":{"line":192,"column":6},"end":{"line":192,"column":32}},"85":{"start":{"line":195,"column":6},"end":{"line":199,"column":7}},"86":{"start":{"line":196,"column":8},"end":{"line":196,"column":45}},"87":{"start":{"line":198,"column":8},"end":{"line":198,"column":17}},"88":{"start":{"line":202,"column":6},"end":{"line":206,"column":7}},"89":{"start":{"line":203,"column":8},"end":{"line":203,"column":43}},"90":{"start":{"line":205,"column":8},"end":{"line":205,"column":18}},"91":{"start":{"line":209,"column":19},"end":{"line":209,"column":23}},"92":{"start":{"line":212,"column":34},"end":{"line":212,"column":60}},"93":{"start":{"line":213,"column":29},"end":{"line":213,"column":50}},"94":{"start":{"line":214,"column":24},"end":{"line":214,"column":40}},"95":{"start":{"line":215,"column":27},"end":{"line":215,"column":46}},"96":{"start":{"line":216,"column":6},"end":{"line":287,"column":8}},"97":{"start":{"line":235,"column":12},"end":{"line":271,"column":18}},"98":{"start":{"line":244,"column":18},"end":{"line":244,"column":77}},"99":{"start":{"line":254,"column":14},"end":{"line":270,"column":23}},"100":{"start":{"line":275,"column":25},"end":{"line":284,"column":11}},"101":{"start":{"line":285,"column":10},"end":{"line":285,"column":26}}},"fnMap":{"0":{"name":"(anonymous_0)","decl":{"start":{"line":1,"column":28},"end":{"line":1,"column":29}},"loc":{"start":{"line":1,"column":38},"end":{"line":353,"column":1}},"line":1},"1":{"name":"_interopRequireDefault","decl":{"start":{"line":36,"column":9},"end":{"line":36,"column":31}},"loc":{"start":{"line":36,"column":37},"end":{"line":36,"column":95}},"line":36},"2":{"name":"created","decl":{"start":{"line":40,"column":20},"end":{"line":40,"column":27}},"loc":{"start":{"line":40,"column":30},"end":{"line":67,"column":3}},"line":40},"3":{"name":"_callee","decl":{"start":{"line":43,"column":79},"end":{"line":43,"column":86}},"loc":{"start":{"line":43,"column":89},"end":{"line":66,"column":5}},"line":43},"4":{"name":"_callee$","decl":{"start":{"line":44,"column":49},"end":{"line":44,"column":57}},"loc":{"start":{"line":44,"column":68},"end":{"line":65,"column":7}},"line":44},"5":{"name":"destroyed","decl":{"start":{"line":68,"column":22},"end":{"line":68,"column":31}},"loc":{"start":{"line":68,"column":34},"end":{"line":70,"column":3}},"line":68},"6":{"name":"getUsersWithRoles","decl":{"start":{"line":73,"column":32},"end":{"line":73,"column":49}},"loc":{"start":{"line":73,"column":59},"end":{"line":75,"column":5}},"line":73},"7":{"name":"clearGetUsersWithRolesFailure","decl":{"start":{"line":76,"column":44},"end":{"line":76,"column":73}},"loc":{"start":{"line":76,"column":83},"end":{"line":78,"column":5}},"line":76},"8":{"name":"setUserGlobalRole","decl":{"start":{"line":79,"column":32},"end":{"line":79,"column":49}},"loc":{"start":{"line":79,"column":59},"end":{"line":81,"column":5}},"line":79},"9":{"name":"rowClassName","decl":{"start":{"line":83,"column":27},"end":{"line":83,"column":39}},"loc":{"start":{"line":83,"column":52},"end":{"line":88,"column":5}},"line":83},"10":{"name":"isCurrentUserAndAdmin","decl":{"start":{"line":89,"column":36},"end":{"line":89,"column":57}},"loc":{"start":{"line":89,"column":66},"end":{"line":93,"column":5}},"line":89},"11":{"name":"isUserSuperAdmin","decl":{"start":{"line":94,"column":31},"end":{"line":94,"column":47}},"loc":{"start":{"line":94,"column":56},"end":{"line":96,"column":5}},"line":94},"12":{"name":"isUserAdmin","decl":{"start":{"line":97,"column":26},"end":{"line":97,"column":37}},"loc":{"start":{"line":97,"column":46},"end":{"line":99,"column":5}},"line":97},"13":{"name":"handlePageChange","decl":{"start":{"line":100,"column":31},"end":{"line":100,"column":47}},"loc":{"start":{"line":100,"column":53},"end":{"line":104,"column":5}},"line":100},"14":{"name":"changeUserRole","decl":{"start":{"line":105,"column":29},"end":{"line":105,"column":43}},"loc":{"start":{"line":105,"column":50},"end":{"line":169,"column":5}},"line":105},"15":{"name":"_callee2","decl":{"start":{"line":110,"column":81},"end":{"line":110,"column":89}},"loc":{"start":{"line":110,"column":92},"end":{"line":168,"column":7}},"line":110},"16":{"name":"_callee2$","decl":{"start":{"line":112,"column":51},"end":{"line":112,"column":60}},"loc":{"start":{"line":112,"column":72},"end":{"line":167,"column":9}},"line":112},"17":{"name":"getUsersWithRolesLoading","decl":{"start":{"line":172,"column":39},"end":{"line":172,"column":63}},"loc":{"start":{"line":172,"column":71},"end":{"line":174,"column":5}},"line":172},"18":{"name":"usersWithRoles","decl":{"start":{"line":175,"column":29},"end":{"line":175,"column":43}},"loc":{"start":{"line":175,"column":51},"end":{"line":177,"column":5}},"line":175},"19":{"name":"allUsersCount","decl":{"start":{"line":178,"column":28},"end":{"line":178,"column":41}},"loc":{"start":{"line":178,"column":49},"end":{"line":180,"column":5}},"line":178},"20":{"name":"pageNumber","decl":{"start":{"line":181,"column":25},"end":{"line":181,"column":35}},"loc":{"start":{"line":181,"column":43},"end":{"line":183,"column":5}},"line":181},"21":{"name":"pageSize","decl":{"start":{"line":184,"column":23},"end":{"line":184,"column":31}},"loc":{"start":{"line":184,"column":39},"end":{"line":186,"column":5}},"line":184},"22":{"name":"usersWithRolesStartIndex","decl":{"start":{"line":188,"column":39},"end":{"line":188,"column":63}},"loc":{"start":{"line":188,"column":66},"end":{"line":190,"column":5}},"line":188},"23":{"name":"pagesTotalNumber","decl":{"start":{"line":191,"column":31},"end":{"line":191,"column":47}},"loc":{"start":{"line":191,"column":50},"end":{"line":193,"column":5}},"line":191},"24":{"name":"pageNumberInt","decl":{"start":{"line":194,"column":28},"end":{"line":194,"column":41}},"loc":{"start":{"line":194,"column":44},"end":{"line":200,"column":5}},"line":194},"25":{"name":"pageSizeInt","decl":{"start":{"line":201,"column":26},"end":{"line":201,"column":37}},"loc":{"start":{"line":201,"column":40},"end":{"line":207,"column":5}},"line":201},"26":{"name":"tableData","decl":{"start":{"line":208,"column":24},"end":{"line":208,"column":33}},"loc":{"start":{"line":208,"column":36},"end":{"line":288,"column":5}},"line":208},"27":{"name":"render","decl":{"start":{"line":233,"column":27},"end":{"line":233,"column":33}},"loc":{"start":{"line":233,"column":45},"end":{"line":272,"column":11}},"line":233},"28":{"name":"onClick","decl":{"start":{"line":243,"column":37},"end":{"line":243,"column":44}},"loc":{"start":{"line":243,"column":55},"end":{"line":245,"column":17}},"line":243},"29":{"name":"(anonymous_29)","decl":{"start":{"line":253,"column":75},"end":{"line":253,"column":76}},"loc":{"start":{"line":253,"column":98},"end":{"line":271,"column":13}},"line":253},"30":{"name":"(anonymous_30)","decl":{"start":{"line":274,"column":90},"end":{"line":274,"column":91}},"loc":{"start":{"line":274,"column":113},"end":{"line":286,"column":9}},"line":274}},"branchMap":{"0":{"loc":{"start":{"line":36,"column":46},"end":{"line":36,"column":92}},"type":"cond-expr","locations":[{"start":{"line":36,"column":70},"end":{"line":36,"column":73}},{"start":{"line":36,"column":76},"end":{"line":36,"column":92}}],"line":36},"1":{"loc":{"start":{"line":36,"column":46},"end":{"line":36,"column":67}},"type":"binary-expr","locations":[{"start":{"line":36,"column":46},"end":{"line":36,"column":49}},{"start":{"line":36,"column":53},"end":{"line":36,"column":67}}],"line":36},"2":{"loc":{"start":{"line":46,"column":10},"end":{"line":63,"column":11}},"type":"switch","locations":[{"start":{"line":47,"column":12},"end":{"line":50,"column":93}},{"start":{"line":52,"column":12},"end":{"line":54,"column":20}},{"start":{"line":56,"column":12},"end":{"line":58,"column":49}},{"start":{"line":60,"column":12},"end":{"line":60,"column":19}},{"start":{"line":61,"column":12},"end":{"line":62,"column":37}}],"line":46},"3":{"loc":{"start":{"line":84,"column":6},"end":{"line":86,"column":7}},"type":"if","locations":[{"start":{"line":84,"column":6},"end":{"line":86,"column":7}},{"start":{"line":84,"column":6},"end":{"line":86,"column":7}}],"line":84},"4":{"loc":{"start":{"line":90,"column":6},"end":{"line":92,"column":7}},"type":"if","locations":[{"start":{"line":90,"column":6},"end":{"line":92,"column":7}},{"start":{"line":90,"column":6},"end":{"line":92,"column":7}}],"line":90},"5":{"loc":{"start":{"line":114,"column":12},"end":{"line":165,"column":13}},"type":"switch","locations":[{"start":{"line":115,"column":14},"end":{"line":120,"column":80}},{"start":{"line":122,"column":14},"end":{"line":132,"column":97}},{"start":{"line":134,"column":14},"end":{"line":137,"column":22}},{"start":{"line":139,"column":14},"end":{"line":143,"column":40}},{"start":{"line":145,"column":14},"end":{"line":147,"column":22}},{"start":{"line":149,"column":14},"end":{"line":150,"column":40}},{"start":{"line":152,"column":14},"end":{"line":154,"column":22}},{"start":{"line":156,"column":14},"end":{"line":160,"column":40}},{"start":{"line":162,"column":14},"end":{"line":162,"column":22}},{"start":{"line":163,"column":14},"end":{"line":164,"column":40}}],"line":114},"6":{"loc":{"start":{"line":125,"column":16},"end":{"line":128,"column":17}},"type":"if","locations":[{"start":{"line":125,"column":16},"end":{"line":128,"column":17}},{"start":{"line":125,"column":16},"end":{"line":128,"column":17}}],"line":125},"7":{"loc":{"start":{"line":182,"column":13},"end":{"line":182,"column":40}},"type":"binary-expr","locations":[{"start":{"line":182,"column":13},"end":{"line":182,"column":35}},{"start":{"line":182,"column":39},"end":{"line":182,"column":40}}],"line":182},"8":{"loc":{"start":{"line":259,"column":18},"end":{"line":268,"column":111}},"type":"binary-expr","locations":[{"start":{"line":259,"column":18},"end":{"line":259,"column":55}},{"start":{"line":261,"column":18},"end":{"line":261,"column":125}},{"start":{"line":263,"column":18},"end":{"line":263,"column":60}},{"start":{"line":263,"column":64},"end":{"line":263,"column":117}},{"start":{"line":266,"column":18},"end":{"line":266,"column":45}},{"start":{"line":266,"column":49},"end":{"line":266,"column":156}},{"start":{"line":266,"column":160},"end":{"line":266,"column":202}},{"start":{"line":268,"column":18},"end":{"line":268,"column":54}},{"start":{"line":268,"column":58},"end":{"line":268,"column":111}}],"line":259},"9":{"loc":{"start":{"line":274,"column":14},"end":{"line":286,"column":15}},"type":"cond-expr","locations":[{"start":{"line":274,"column":66},"end":{"line":286,"column":10}},{"start":{"line":286,"column":13},"end":{"line":286,"column":15}}],"line":274},"10":{"loc":{"start":{"line":274,"column":14},"end":{"line":274,"column":63}},"type":"binary-expr","locations":[{"start":{"line":274,"column":14},"end":{"line":274,"column":33}},{"start":{"line":274,"column":37},"end":{"line":274,"column":63}}],"line":274}},"s":{"0":2,"1":2,"2":2,"3":2,"4":2,"5":2,"6":2,"7":2,"8":2,"9":2,"10":2,"11":2,"12":2,"13":2,"14":2,"15":2,"16":10,"17":2,"18":5,"19":5,"20":5,"21":10,"22":10,"23":5,"24":5,"25":5,"26":0,"27":0,"28":5,"29":5,"30":5,"31":0,"32":5,"33":0,"34":1,"35":12,"36":6,"37":6,"38":16,"39":8,"40":16,"41":24,"42":0,"43":0,"44":0,"45":1,"46":1,"47":1,"48":1,"49":1,"50":3,"51":4,"52":1,"53":1,"54":1,"55":1,"56":1,"57":1,"58":1,"59":1,"60":0,"61":0,"62":0,"63":0,"64":0,"65":0,"66":0,"67":0,"68":0,"69":0,"70":0,"71":1,"72":0,"73":0,"74":1,"75":1,"76":1,"77":1,"78":9,"79":5,"80":4,"81":5,"82":5,"83":5,"84":4,"85":4,"86":4,"87":0,"88":4,"89":4,"90":0,"91":4,"92":4,"93":4,"94":4,"95":4,"96":4,"97":4,"98":1,"99":16,"100":4,"101":4},"f":{"0":2,"1":10,"2":5,"3":5,"4":10,"5":0,"6":5,"7":0,"8":1,"9":12,"10":16,"11":16,"12":24,"13":0,"14":1,"15":1,"16":3,"17":9,"18":5,"19":4,"20":5,"21":5,"22":5,"23":4,"24":4,"25":4,"26":4,"27":4,"28":1,"29":16,"30":4},"b":{"0":[6,4],"1":[10,10],"2":[5,0,5,5,5],"3":[6,6],"4":[8,8],"5":[1,1,0,0,0,1,0,1,1,1],"6":[1,0],"7":[5,5],"8":[16,0,16,16,12,0,0,12,0],"9":[2,2],"10":[4,4]},"_coverageSchema":"332fd63041d2c1bcb487cc26dd0d5f7d97098a6c","hash":"a8bd69d8c36d8f82cb865436f5d864f1a91682eb"}
,"/Users/stevend/coding/meteor/Meteor-Vue-Enterprise-Starter/src/imports/modules/accounts/client/components/AccountsFormContainer/AccountsFormContainer.vue": {"path":"/Users/stevend/coding/meteor/Meteor-Vue-Enterprise-Starter/src/imports/modules/accounts/client/components/AccountsFormContainer/AccountsFormContainer.vue","statementMap":{"0":{"start":{"line":1,"column":27},"end":{"line":106,"column":4}},"1":{"start":{"line":4,"column":0},"end":{"line":6,"column":3}},"2":{"start":{"line":8,"column":16},"end":{"line":8,"column":56}},"3":{"start":{"line":10,"column":16},"end":{"line":10,"column":49}},"4":{"start":{"line":12,"column":15},"end":{"line":12,"column":34}},"5":{"start":{"line":14,"column":16},"end":{"line":14,"column":36}},"6":{"start":{"line":16,"column":17},"end":{"line":16,"column":50}},"7":{"start":{"line":18,"column":39},"end":{"line":18,"column":93}},"8":{"start":{"line":72,"column":0},"end":{"line":105,"column":2}},"9":{"start":{"line":77,"column":4},"end":{"line":77,"column":30}},"10":{"start":{"line":80,"column":4},"end":{"line":80,"column":31}},"11":{"start":{"line":92,"column":6},"end":{"line":92,"column":48}},"12":{"start":{"line":95,"column":6},"end":{"line":95,"column":47}},"13":{"start":{"line":99,"column":6},"end":{"line":99,"column":33}},"14":{"start":{"line":102,"column":6},"end":{"line":102,"column":32}}},"fnMap":{"0":{"name":"(anonymous_0)","decl":{"start":{"line":1,"column":28},"end":{"line":1,"column":29}},"loc":{"start":{"line":1,"column":38},"end":{"line":106,"column":1}},"line":1},"1":{"name":"_interopRequireDefault","decl":{"start":{"line":18,"column":9},"end":{"line":18,"column":31}},"loc":{"start":{"line":18,"column":37},"end":{"line":18,"column":95}},"line":18},"2":{"name":"created","decl":{"start":{"line":76,"column":20},"end":{"line":76,"column":27}},"loc":{"start":{"line":76,"column":30},"end":{"line":78,"column":3}},"line":76},"3":{"name":"destroyed","decl":{"start":{"line":79,"column":22},"end":{"line":79,"column":31}},"loc":{"start":{"line":79,"column":34},"end":{"line":81,"column":3}},"line":79},"4":{"name":"setLayoutThemeLight","decl":{"start":{"line":91,"column":34},"end":{"line":91,"column":53}},"loc":{"start":{"line":91,"column":63},"end":{"line":93,"column":5}},"line":91},"5":{"name":"setLayoutThemeDark","decl":{"start":{"line":94,"column":33},"end":{"line":94,"column":51}},"loc":{"start":{"line":94,"column":61},"end":{"line":96,"column":5}},"line":94},"6":{"name":"handleEnterMobile","decl":{"start":{"line":98,"column":32},"end":{"line":98,"column":49}},"loc":{"start":{"line":98,"column":52},"end":{"line":100,"column":5}},"line":98},"7":{"name":"handleEnterLarge","decl":{"start":{"line":101,"column":31},"end":{"line":101,"column":47}},"loc":{"start":{"line":101,"column":50},"end":{"line":103,"column":5}},"line":101}},"branchMap":{"0":{"loc":{"start":{"line":18,"column":46},"end":{"line":18,"column":92}},"type":"cond-expr","locations":[{"start":{"line":18,"column":70},"end":{"line":18,"column":73}},{"start":{"line":18,"column":76},"end":{"line":18,"column":92}}],"line":18},"1":{"loc":{"start":{"line":18,"column":46},"end":{"line":18,"column":67}},"type":"binary-expr","locations":[{"start":{"line":18,"column":46},"end":{"line":18,"column":49}},{"start":{"line":18,"column":53},"end":{"line":18,"column":67}}],"line":18}},"s":{"0":11,"1":11,"2":11,"3":11,"4":11,"5":11,"6":11,"7":22,"8":11,"9":47,"10":7,"11":7,"12":47,"13":0,"14":0},"f":{"0":11,"1":22,"2":47,"3":7,"4":7,"5":47,"6":0,"7":0},"b":{"0":[11,11],"1":[22,22]},"_coverageSchema":"332fd63041d2c1bcb487cc26dd0d5f7d97098a6c","hash":"85131ab707b7055199cdd4b606cbb7128b50de5a"}
,"/Users/stevend/coding/meteor/Meteor-Vue-Enterprise-Starter/src/imports/modules/accounts/client/components/EnrollAccountForm/EnrollAccountForm.vue": {"path":"/Users/stevend/coding/meteor/Meteor-Vue-Enterprise-Starter/src/imports/modules/accounts/client/components/EnrollAccountForm/EnrollAccountForm.vue","statementMap":{"0":{"start":{"line":1,"column":27},"end":{"line":272,"column":4}},"1":{"start":{"line":4,"column":0},"end":{"line":6,"column":3}},"2":{"start":{"line":8,"column":19},"end":{"line":8,"column":55}},"3":{"start":{"line":10,"column":20},"end":{"line":10,"column":56}},"4":{"start":{"line":12,"column":25},"end":{"line":12,"column":74}},"5":{"start":{"line":14,"column":25},"end":{"line":14,"column":67}},"6":{"start":{"line":16,"column":16},"end":{"line":16,"column":56}},"7":{"start":{"line":18,"column":16},"end":{"line":18,"column":49}},"8":{"start":{"line":20,"column":14},"end":{"line":20,"column":38}},"9":{"start":{"line":22,"column":15},"end":{"line":22,"column":34}},"10":{"start":{"line":24,"column":22},"end":{"line":24,"column":74}},"11":{"start":{"line":26,"column":29},"end":{"line":26,"column":92}},"12":{"start":{"line":28,"column":30},"end":{"line":28,"column":76}},"13":{"start":{"line":30,"column":39},"end":{"line":30,"column":93}},"14":{"start":{"line":132,"column":2},"end":{"line":134,"column":3}},"15":{"start":{"line":133,"column":4},"end":{"line":133,"column":69}},"16":{"start":{"line":135,"column":22},"end":{"line":135,"column":100}},"17":{"start":{"line":136,"column":20},"end":{"line":136,"column":184}},"18":{"start":{"line":137,"column":2},"end":{"line":144,"column":3}},"19":{"start":{"line":138,"column":4},"end":{"line":143,"column":5}},"20":{"start":{"line":139,"column":6},"end":{"line":139,"column":67}},"21":{"start":{"line":140,"column":6},"end":{"line":140,"column":24}},"22":{"start":{"line":142,"column":6},"end":{"line":142,"column":62}},"23":{"start":{"line":145,"column":2},"end":{"line":151,"column":3}},"24":{"start":{"line":146,"column":4},"end":{"line":150,"column":5}},"25":{"start":{"line":147,"column":6},"end":{"line":147,"column":57}},"26":{"start":{"line":149,"column":6},"end":{"line":149,"column":24}},"27":{"start":{"line":152,"column":2},"end":{"line":152,"column":20}},"28":{"start":{"line":155,"column":0},"end":{"line":271,"column":2}},"29":{"start":{"line":162,"column":4},"end":{"line":162,"column":63}},"30":{"start":{"line":163,"column":4},"end":{"line":173,"column":6}},"31":{"start":{"line":176,"column":4},"end":{"line":176,"column":37}},"32":{"start":{"line":181,"column":6},"end":{"line":181,"column":37}},"33":{"start":{"line":184,"column":6},"end":{"line":184,"column":39}},"34":{"start":{"line":187,"column":6},"end":{"line":187,"column":39}},"35":{"start":{"line":190,"column":6},"end":{"line":190,"column":33}},"36":{"start":{"line":194,"column":6},"end":{"line":196,"column":7}},"37":{"start":{"line":195,"column":8},"end":{"line":195,"column":20}},"38":{"start":{"line":197,"column":6},"end":{"line":202,"column":7}},"39":{"start":{"line":198,"column":8},"end":{"line":198,"column":90}},"40":{"start":{"line":199,"column":8},"end":{"line":199,"column":21}},"41":{"start":{"line":201,"column":8},"end":{"line":201,"column":20}},"42":{"start":{"line":205,"column":6},"end":{"line":205,"column":62}},"43":{"start":{"line":208,"column":6},"end":{"line":208,"column":53}},"44":{"start":{"line":213,"column":6},"end":{"line":213,"column":50}},"45":{"start":{"line":216,"column":6},"end":{"line":216,"column":56}},"46":{"start":{"line":220,"column":6},"end":{"line":220,"column":45}},"47":{"start":{"line":223,"column":18},"end":{"line":223,"column":22}},"48":{"start":{"line":225,"column":6},"end":{"line":265,"column":12}},"49":{"start":{"line":227,"column":8},"end":{"line":264,"column":37}},"50":{"start":{"line":228,"column":10},"end":{"line":263,"column":11}},"51":{"start":{"line":229,"column":12},"end":{"line":262,"column":13}},"52":{"start":{"line":231,"column":16},"end":{"line":231,"column":34}},"53":{"start":{"line":232,"column":16},"end":{"line":232,"column":34}},"54":{"start":{"line":233,"column":16},"end":{"line":233,"column":115}},"55":{"start":{"line":236,"column":16},"end":{"line":236,"column":46}},"56":{"start":{"line":238,"column":16},"end":{"line":245,"column":17}},"57":{"start":{"line":239,"column":18},"end":{"line":243,"column":21}},"58":{"start":{"line":244,"column":18},"end":{"line":244,"column":91}},"59":{"start":{"line":246,"column":16},"end":{"line":246,"column":35}},"60":{"start":{"line":247,"column":16},"end":{"line":247,"column":22}},"61":{"start":{"line":250,"column":16},"end":{"line":250,"column":34}},"62":{"start":{"line":251,"column":16},"end":{"line":251,"column":51}},"63":{"start":{"line":253,"column":16},"end":{"line":257,"column":19}},"64":{"start":{"line":261,"column":16},"end":{"line":261,"column":39}},"65":{"start":{"line":268,"column":6},"end":{"line":268,"column":29}}},"fnMap":{"0":{"name":"(anonymous_0)","decl":{"start":{"line":1,"column":28},"end":{"line":1,"column":29}},"loc":{"start":{"line":1,"column":38},"end":{"line":272,"column":1}},"line":1},"1":{"name":"_interopRequireDefault","decl":{"start":{"line":30,"column":9},"end":{"line":30,"column":31}},"loc":{"start":{"line":30,"column":37},"end":{"line":30,"column":95}},"line":30},"2":{"name":"validatePasswordInputs","decl":{"start":{"line":131,"column":9},"end":{"line":131,"column":31}},"loc":{"start":{"line":131,"column":55},"end":{"line":153,"column":1}},"line":131},"3":{"name":"data","decl":{"start":{"line":160,"column":17},"end":{"line":160,"column":21}},"loc":{"start":{"line":160,"column":24},"end":{"line":174,"column":3}},"line":160},"4":{"name":"destroyed","decl":{"start":{"line":175,"column":22},"end":{"line":175,"column":31}},"loc":{"start":{"line":175,"column":34},"end":{"line":177,"column":3}},"line":175},"5":{"name":"token","decl":{"start":{"line":180,"column":20},"end":{"line":180,"column":25}},"loc":{"start":{"line":180,"column":33},"end":{"line":182,"column":5}},"line":180},"6":{"name":"enrolledAccountSuccessfully","decl":{"start":{"line":183,"column":42},"end":{"line":183,"column":69}},"loc":{"start":{"line":183,"column":77},"end":{"line":185,"column":5}},"line":183},"7":{"name":"changedSuccessfully","decl":{"start":{"line":186,"column":34},"end":{"line":186,"column":53}},"loc":{"start":{"line":186,"column":61},"end":{"line":188,"column":5}},"line":186},"8":{"name":"user","decl":{"start":{"line":189,"column":19},"end":{"line":189,"column":23}},"loc":{"start":{"line":189,"column":31},"end":{"line":191,"column":5}},"line":189},"9":{"name":"isNewPasswordSubmitDisabled","decl":{"start":{"line":193,"column":42},"end":{"line":193,"column":69}},"loc":{"start":{"line":193,"column":72},"end":{"line":203,"column":5}},"line":193},"10":{"name":"passwordInputType","decl":{"start":{"line":204,"column":32},"end":{"line":204,"column":49}},"loc":{"start":{"line":204,"column":52},"end":{"line":206,"column":5}},"line":204},"11":{"name":"siteName","decl":{"start":{"line":207,"column":23},"end":{"line":207,"column":31}},"loc":{"start":{"line":207,"column":34},"end":{"line":209,"column":5}},"line":207},"12":{"name":"enrollVerifyAccount","decl":{"start":{"line":212,"column":34},"end":{"line":212,"column":53}},"loc":{"start":{"line":212,"column":63},"end":{"line":214,"column":5}},"line":212},"13":{"name":"clearEnrollAccountFailure","decl":{"start":{"line":215,"column":40},"end":{"line":215,"column":65}},"loc":{"start":{"line":215,"column":75},"end":{"line":217,"column":5}},"line":215},"14":{"name":"toggleShowPassword","decl":{"start":{"line":219,"column":33},"end":{"line":219,"column":51}},"loc":{"start":{"line":219,"column":54},"end":{"line":221,"column":5}},"line":219},"15":{"name":"submitEnrollAccountForm","decl":{"start":{"line":222,"column":38},"end":{"line":222,"column":61}},"loc":{"start":{"line":222,"column":64},"end":{"line":266,"column":5}},"line":222},"16":{"name":"_callee","decl":{"start":{"line":225,"column":81},"end":{"line":225,"column":88}},"loc":{"start":{"line":225,"column":91},"end":{"line":265,"column":7}},"line":225},"17":{"name":"_callee$","decl":{"start":{"line":227,"column":51},"end":{"line":227,"column":59}},"loc":{"start":{"line":227,"column":70},"end":{"line":264,"column":9}},"line":227},"18":{"name":"goToHome","decl":{"start":{"line":267,"column":23},"end":{"line":267,"column":31}},"loc":{"start":{"line":267,"column":34},"end":{"line":269,"column":5}},"line":267}},"branchMap":{"0":{"loc":{"start":{"line":30,"column":46},"end":{"line":30,"column":92}},"type":"cond-expr","locations":[{"start":{"line":30,"column":70},"end":{"line":30,"column":73}},{"start":{"line":30,"column":76},"end":{"line":30,"column":92}}],"line":30},"1":{"loc":{"start":{"line":30,"column":46},"end":{"line":30,"column":67}},"type":"binary-expr","locations":[{"start":{"line":30,"column":46},"end":{"line":30,"column":49}},{"start":{"line":30,"column":53},"end":{"line":30,"column":67}}],"line":30},"2":{"loc":{"start":{"line":132,"column":2},"end":{"line":134,"column":3}},"type":"if","locations":[{"start":{"line":132,"column":2},"end":{"line":134,"column":3}},{"start":{"line":132,"column":2},"end":{"line":134,"column":3}}],"line":132},"3":{"loc":{"start":{"line":135,"column":22},"end":{"line":135,"column":100}},"type":"binary-expr","locations":[{"start":{"line":135,"column":22},"end":{"line":135,"column":59}},{"start":{"line":135,"column":63},"end":{"line":135,"column":100}}],"line":135},"4":{"loc":{"start":{"line":136,"column":20},"end":{"line":136,"column":184}},"type":"binary-expr","locations":[{"start":{"line":136,"column":20},"end":{"line":136,"column":57}},{"start":{"line":136,"column":61},"end":{"line":136,"column":100}},{"start":{"line":136,"column":104},"end":{"line":136,"column":143}},{"start":{"line":136,"column":147},"end":{"line":136,"column":184}}],"line":136},"5":{"loc":{"start":{"line":137,"column":2},"end":{"line":144,"column":3}},"type":"if","locations":[{"start":{"line":137,"column":2},"end":{"line":144,"column":3}},{"start":{"line":137,"column":2},"end":{"line":144,"column":3}}],"line":137},"6":{"loc":{"start":{"line":145,"column":2},"end":{"line":151,"column":3}},"type":"if","locations":[{"start":{"line":145,"column":2},"end":{"line":151,"column":3}},{"start":{"line":145,"column":2},"end":{"line":151,"column":3}}],"line":145},"7":{"loc":{"start":{"line":146,"column":4},"end":{"line":150,"column":5}},"type":"if","locations":[{"start":{"line":146,"column":4},"end":{"line":150,"column":5}},{"start":{"line":146,"column":4},"end":{"line":150,"column":5}}],"line":146},"8":{"loc":{"start":{"line":194,"column":6},"end":{"line":196,"column":7}},"type":"if","locations":[{"start":{"line":194,"column":6},"end":{"line":196,"column":7}},{"start":{"line":194,"column":6},"end":{"line":196,"column":7}}],"line":194},"9":{"loc":{"start":{"line":194,"column":10},"end":{"line":194,"column":129}},"type":"binary-expr","locations":[{"start":{"line":194,"column":10},"end":{"line":194,"column":37}},{"start":{"line":194,"column":41},"end":{"line":194,"column":68}},{"start":{"line":194,"column":72},"end":{"line":194,"column":129}}],"line":194},"10":{"loc":{"start":{"line":205,"column":13},"end":{"line":205,"column":61}},"type":"cond-expr","locations":[{"start":{"line":205,"column":42},"end":{"line":205,"column":48}},{"start":{"line":205,"column":51},"end":{"line":205,"column":61}}],"line":205},"11":{"loc":{"start":{"line":229,"column":12},"end":{"line":262,"column":13}},"type":"switch","locations":[{"start":{"line":230,"column":14},"end":{"line":233,"column":115}},{"start":{"line":235,"column":14},"end":{"line":247,"column":22}},{"start":{"line":249,"column":14},"end":{"line":257,"column":19}},{"start":{"line":259,"column":14},"end":{"line":259,"column":22}},{"start":{"line":260,"column":14},"end":{"line":261,"column":39}}],"line":229},"12":{"loc":{"start":{"line":238,"column":16},"end":{"line":245,"column":17}},"type":"if","locations":[{"start":{"line":238,"column":16},"end":{"line":245,"column":17}},{"start":{"line":238,"column":16},"end":{"line":245,"column":17}}],"line":238}},"s":{"0":3,"1":3,"2":3,"3":3,"4":3,"5":3,"6":3,"7":3,"8":3,"9":3,"10":3,"11":3,"12":3,"13":12,"14":10,"15":8,"16":2,"17":2,"18":2,"19":0,"20":0,"21":0,"22":0,"23":2,"24":0,"25":0,"26":0,"27":2,"28":3,"29":14,"30":14,"31":2,"32":1,"33":0,"34":16,"35":12,"36":21,"37":18,"38":3,"39":3,"40":2,"41":1,"42":12,"43":3,"44":1,"45":2,"46":0,"47":1,"48":1,"49":1,"50":2,"51":3,"52":1,"53":1,"54":1,"55":1,"56":1,"57":0,"58":0,"59":1,"60":1,"61":0,"62":0,"63":0,"64":1,"65":1},"f":{"0":3,"1":12,"2":10,"3":14,"4":2,"5":1,"6":0,"7":16,"8":12,"9":21,"10":12,"11":3,"12":1,"13":2,"14":0,"15":1,"16":1,"17":2,"18":1},"b":{"0":[6,6],"1":[12,12],"2":[8,2],"3":[2,0],"4":[2,0,2,2],"5":[0,2],"6":[0,2],"7":[0,0],"8":[18,3],"9":[21,9,3],"10":[0,12],"11":[1,1,0,1,1],"12":[0,1]},"_coverageSchema":"332fd63041d2c1bcb487cc26dd0d5f7d97098a6c","hash":"819171a3643ad88127f4709f07616b9dc9fc589c"}
,"/Users/stevend/coding/meteor/Meteor-Vue-Enterprise-Starter/src/imports/modules/accounts/client/components/NavBarAccounts/NavBarAccounts.vue": {"path":"/Users/stevend/coding/meteor/Meteor-Vue-Enterprise-Starter/src/imports/modules/accounts/client/components/NavBarAccounts/NavBarAccounts.vue","statementMap":{"0":{"start":{"line":1,"column":27},"end":{"line":122,"column":4}},"1":{"start":{"line":4,"column":0},"end":{"line":6,"column":3}},"2":{"start":{"line":8,"column":16},"end":{"line":8,"column":56}},"3":{"start":{"line":10,"column":16},"end":{"line":10,"column":49}},"4":{"start":{"line":12,"column":15},"end":{"line":12,"column":34}},"5":{"start":{"line":14,"column":14},"end":{"line":14,"column":38}},"6":{"start":{"line":16,"column":17},"end":{"line":16,"column":56}},"7":{"start":{"line":18,"column":18},"end":{"line":18,"column":52}},"8":{"start":{"line":20,"column":17},"end":{"line":20,"column":56}},"9":{"start":{"line":22,"column":18},"end":{"line":22,"column":52}},"10":{"start":{"line":24,"column":18},"end":{"line":24,"column":59}},"11":{"start":{"line":26,"column":19},"end":{"line":26,"column":54}},"12":{"start":{"line":28,"column":39},"end":{"line":28,"column":93}},"13":{"start":{"line":30,"column":0},"end":{"line":70,"column":2}},"14":{"start":{"line":38,"column":8},"end":{"line":38,"column":53}},"15":{"start":{"line":50,"column":6},"end":{"line":50,"column":52}},"16":{"start":{"line":51,"column":6},"end":{"line":51,"column":29}},"17":{"start":{"line":56,"column":6},"end":{"line":56,"column":33}},"18":{"start":{"line":59,"column":6},"end":{"line":59,"column":46}},"19":{"start":{"line":64,"column":6},"end":{"line":64,"column":38}},"20":{"start":{"line":67,"column":6},"end":{"line":67,"column":44}}},"fnMap":{"0":{"name":"(anonymous_0)","decl":{"start":{"line":1,"column":28},"end":{"line":1,"column":29}},"loc":{"start":{"line":1,"column":38},"end":{"line":122,"column":1}},"line":1},"1":{"name":"_interopRequireDefault","decl":{"start":{"line":28,"column":9},"end":{"line":28,"column":31}},"loc":{"start":{"line":28,"column":37},"end":{"line":28,"column":95}},"line":28},"2":{"name":"validator","decl":{"start":{"line":37,"column":26},"end":{"line":37,"column":35}},"loc":{"start":{"line":37,"column":41},"end":{"line":39,"column":7}},"line":37},"3":{"name":"setUserInStore","decl":{"start":{"line":49,"column":29},"end":{"line":49,"column":43}},"loc":{"start":{"line":49,"column":46},"end":{"line":52,"column":5}},"line":49},"4":{"name":"user","decl":{"start":{"line":55,"column":19},"end":{"line":55,"column":23}},"loc":{"start":{"line":55,"column":31},"end":{"line":57,"column":5}},"line":55},"5":{"name":"isAccountsVisible","decl":{"start":{"line":58,"column":32},"end":{"line":58,"column":49}},"loc":{"start":{"line":58,"column":57},"end":{"line":60,"column":5}},"line":58},"6":{"name":"setUser","decl":{"start":{"line":63,"column":22},"end":{"line":63,"column":29}},"loc":{"start":{"line":63,"column":39},"end":{"line":65,"column":5}},"line":63},"7":{"name":"updateNavRoutes","decl":{"start":{"line":66,"column":30},"end":{"line":66,"column":45}},"loc":{"start":{"line":66,"column":55},"end":{"line":68,"column":5}},"line":66}},"branchMap":{"0":{"loc":{"start":{"line":28,"column":46},"end":{"line":28,"column":92}},"type":"cond-expr","locations":[{"start":{"line":28,"column":70},"end":{"line":28,"column":73}},{"start":{"line":28,"column":76},"end":{"line":28,"column":92}}],"line":28},"1":{"loc":{"start":{"line":28,"column":46},"end":{"line":28,"column":67}},"type":"binary-expr","locations":[{"start":{"line":28,"column":46},"end":{"line":28,"column":49}},{"start":{"line":28,"column":53},"end":{"line":28,"column":67}}],"line":28}},"s":{"0":20,"1":20,"2":20,"3":20,"4":20,"5":20,"6":20,"7":20,"8":20,"9":20,"10":20,"11":20,"12":80,"13":20,"14":8,"15":7,"16":7,"17":11,"18":0,"19":7,"20":7},"f":{"0":20,"1":80,"2":8,"3":7,"4":11,"5":0,"6":7,"7":7},"b":{"0":[20,60],"1":[80,80]},"_coverageSchema":"332fd63041d2c1bcb487cc26dd0d5f7d97098a6c","hash":"077b7856ddfef9337a2550f3be2abd5a39c7f228"}
,"/Users/stevend/coding/meteor/Meteor-Vue-Enterprise-Starter/src/imports/modules/accounts/client/components/PasswordResetEmailForm/PasswordResetEmailForm.vue": {"path":"/Users/stevend/coding/meteor/Meteor-Vue-Enterprise-Starter/src/imports/modules/accounts/client/components/PasswordResetEmailForm/PasswordResetEmailForm.vue","statementMap":{"0":{"start":{"line":1,"column":27},"end":{"line":171,"column":4}},"1":{"start":{"line":4,"column":0},"end":{"line":6,"column":3}},"2":{"start":{"line":8,"column":19},"end":{"line":8,"column":55}},"3":{"start":{"line":10,"column":20},"end":{"line":10,"column":56}},"4":{"start":{"line":12,"column":25},"end":{"line":12,"column":74}},"5":{"start":{"line":14,"column":25},"end":{"line":14,"column":67}},"6":{"start":{"line":16,"column":16},"end":{"line":16,"column":56}},"7":{"start":{"line":18,"column":16},"end":{"line":18,"column":49}},"8":{"start":{"line":20,"column":15},"end":{"line":20,"column":34}},"9":{"start":{"line":22,"column":19},"end":{"line":22,"column":42}},"10":{"start":{"line":24,"column":20},"end":{"line":24,"column":56}},"11":{"start":{"line":26,"column":29},"end":{"line":26,"column":92}},"12":{"start":{"line":28,"column":30},"end":{"line":28,"column":76}},"13":{"start":{"line":30,"column":39},"end":{"line":30,"column":93}},"14":{"start":{"line":32,"column":0},"end":{"line":122,"column":2}},"15":{"start":{"line":38,"column":4},"end":{"line":45,"column":6}},"16":{"start":{"line":48,"column":4},"end":{"line":48,"column":37}},"17":{"start":{"line":53,"column":6},"end":{"line":53,"column":51}},"18":{"start":{"line":57,"column":6},"end":{"line":57,"column":105}},"19":{"start":{"line":62,"column":6},"end":{"line":62,"column":53}},"20":{"start":{"line":65,"column":6},"end":{"line":65,"column":56}},"21":{"start":{"line":69,"column":18},"end":{"line":69,"column":22}},"22":{"start":{"line":71,"column":6},"end":{"line":119,"column":12}},"23":{"start":{"line":73,"column":8},"end":{"line":118,"column":37}},"24":{"start":{"line":74,"column":10},"end":{"line":117,"column":11}},"25":{"start":{"line":75,"column":12},"end":{"line":116,"column":13}},"26":{"start":{"line":77,"column":16},"end":{"line":77,"column":34}},"27":{"start":{"line":79,"column":16},"end":{"line":82,"column":17}},"28":{"start":{"line":80,"column":18},"end":{"line":80,"column":36}},"29":{"start":{"line":81,"column":18},"end":{"line":81,"column":24}},"30":{"start":{"line":84,"column":16},"end":{"line":84,"column":49}},"31":{"start":{"line":87,"column":16},"end":{"line":87,"column":34}},"32":{"start":{"line":88,"column":16},"end":{"line":88,"column":85}},"33":{"start":{"line":91,"column":16},"end":{"line":91,"column":40}},"34":{"start":{"line":93,"column":16},"end":{"line":99,"column":17}},"35":{"start":{"line":94,"column":18},"end":{"line":98,"column":21}},"36":{"start":{"line":100,"column":16},"end":{"line":100,"column":35}},"37":{"start":{"line":101,"column":16},"end":{"line":101,"column":22}},"38":{"start":{"line":104,"column":16},"end":{"line":104,"column":34}},"39":{"start":{"line":105,"column":16},"end":{"line":105,"column":51}},"40":{"start":{"line":107,"column":16},"end":{"line":111,"column":19}},"41":{"start":{"line":115,"column":16},"end":{"line":115,"column":39}}},"fnMap":{"0":{"name":"(anonymous_0)","decl":{"start":{"line":1,"column":28},"end":{"line":1,"column":29}},"loc":{"start":{"line":1,"column":38},"end":{"line":171,"column":1}},"line":1},"1":{"name":"_interopRequireDefault","decl":{"start":{"line":30,"column":9},"end":{"line":30,"column":31}},"loc":{"start":{"line":30,"column":37},"end":{"line":30,"column":95}},"line":30},"2":{"name":"data","decl":{"start":{"line":37,"column":17},"end":{"line":37,"column":21}},"loc":{"start":{"line":37,"column":24},"end":{"line":46,"column":3}},"line":37},"3":{"name":"destroyed","decl":{"start":{"line":47,"column":22},"end":{"line":47,"column":31}},"loc":{"start":{"line":47,"column":34},"end":{"line":49,"column":3}},"line":47},"4":{"name":"passwordResetEmailSent","decl":{"start":{"line":52,"column":37},"end":{"line":52,"column":59}},"loc":{"start":{"line":52,"column":67},"end":{"line":54,"column":5}},"line":52},"5":{"name":"isSubmitDisabled","decl":{"start":{"line":56,"column":31},"end":{"line":56,"column":47}},"loc":{"start":{"line":56,"column":50},"end":{"line":58,"column":5}},"line":56},"6":{"name":"sendPasswordResetEmail","decl":{"start":{"line":61,"column":37},"end":{"line":61,"column":59}},"loc":{"start":{"line":61,"column":69},"end":{"line":63,"column":5}},"line":61},"7":{"name":"clearPasswordResetFailure","decl":{"start":{"line":64,"column":40},"end":{"line":64,"column":65}},"loc":{"start":{"line":64,"column":75},"end":{"line":66,"column":5}},"line":64},"8":{"name":"submitSendEmailForm","decl":{"start":{"line":68,"column":34},"end":{"line":68,"column":53}},"loc":{"start":{"line":68,"column":56},"end":{"line":120,"column":5}},"line":68},"9":{"name":"_callee","decl":{"start":{"line":71,"column":81},"end":{"line":71,"column":88}},"loc":{"start":{"line":71,"column":91},"end":{"line":119,"column":7}},"line":71},"10":{"name":"_callee$","decl":{"start":{"line":73,"column":51},"end":{"line":73,"column":59}},"loc":{"start":{"line":73,"column":70},"end":{"line":118,"column":9}},"line":73}},"branchMap":{"0":{"loc":{"start":{"line":30,"column":46},"end":{"line":30,"column":92}},"type":"cond-expr","locations":[{"start":{"line":30,"column":70},"end":{"line":30,"column":73}},{"start":{"line":30,"column":76},"end":{"line":30,"column":92}}],"line":30},"1":{"loc":{"start":{"line":30,"column":46},"end":{"line":30,"column":67}},"type":"binary-expr","locations":[{"start":{"line":30,"column":46},"end":{"line":30,"column":49}},{"start":{"line":30,"column":53},"end":{"line":30,"column":67}}],"line":30},"2":{"loc":{"start":{"line":57,"column":13},"end":{"line":57,"column":104}},"type":"binary-expr","locations":[{"start":{"line":57,"column":13},"end":{"line":57,"column":33}},{"start":{"line":57,"column":37},"end":{"line":57,"column":104}}],"line":57},"3":{"loc":{"start":{"line":75,"column":12},"end":{"line":116,"column":13}},"type":"switch","locations":[{"start":{"line":76,"column":14},"end":{"line":84,"column":49}},{"start":{"line":86,"column":14},"end":{"line":88,"column":85}},{"start":{"line":90,"column":14},"end":{"line":101,"column":22}},{"start":{"line":103,"column":14},"end":{"line":111,"column":19}},{"start":{"line":113,"column":14},"end":{"line":113,"column":22}},{"start":{"line":114,"column":14},"end":{"line":115,"column":39}}],"line":75},"4":{"loc":{"start":{"line":79,"column":16},"end":{"line":82,"column":17}},"type":"if","locations":[{"start":{"line":79,"column":16},"end":{"line":82,"column":17}},{"start":{"line":79,"column":16},"end":{"line":82,"column":17}}],"line":79},"5":{"loc":{"start":{"line":93,"column":16},"end":{"line":99,"column":17}},"type":"if","locations":[{"start":{"line":93,"column":16},"end":{"line":99,"column":17}},{"start":{"line":93,"column":16},"end":{"line":99,"column":17}}],"line":93}},"s":{"0":3,"1":3,"2":3,"3":3,"4":3,"5":3,"6":3,"7":3,"8":3,"9":3,"10":3,"11":3,"12":3,"13":15,"14":3,"15":9,"16":1,"17":0,"18":14,"19":3,"20":1,"21":3,"22":3,"23":3,"24":6,"25":11,"26":3,"27":3,"28":3,"29":3,"30":0,"31":3,"32":3,"33":2,"34":2,"35":1,"36":2,"37":2,"38":1,"39":1,"40":1,"41":3},"f":{"0":3,"1":15,"2":9,"3":1,"4":0,"5":14,"6":3,"7":1,"8":3,"9":3,"10":6},"b":{"0":[9,6],"1":[15,15],"2":[14,5],"3":[3,3,2,1,3,3],"4":[3,0],"5":[1,1]},"_coverageSchema":"332fd63041d2c1bcb487cc26dd0d5f7d97098a6c","hash":"4395ff8b03d9c3f5c449321d9d1d75683e32b074"}
,"/Users/stevend/coding/meteor/Meteor-Vue-Enterprise-Starter/src/imports/modules/accounts/client/components/PasswordResetForm/PasswordResetForm.vue": {"path":"/Users/stevend/coding/meteor/Meteor-Vue-Enterprise-Starter/src/imports/modules/accounts/client/components/PasswordResetForm/PasswordResetForm.vue","statementMap":{"0":{"start":{"line":1,"column":27},"end":{"line":218,"column":4}},"1":{"start":{"line":4,"column":0},"end":{"line":6,"column":3}},"2":{"start":{"line":8,"column":19},"end":{"line":8,"column":55}},"3":{"start":{"line":10,"column":20},"end":{"line":10,"column":56}},"4":{"start":{"line":12,"column":25},"end":{"line":12,"column":74}},"5":{"start":{"line":14,"column":25},"end":{"line":14,"column":67}},"6":{"start":{"line":16,"column":16},"end":{"line":16,"column":56}},"7":{"start":{"line":18,"column":16},"end":{"line":18,"column":49}},"8":{"start":{"line":20,"column":15},"end":{"line":20,"column":34}},"9":{"start":{"line":22,"column":22},"end":{"line":22,"column":74}},"10":{"start":{"line":24,"column":29},"end":{"line":24,"column":92}},"11":{"start":{"line":26,"column":30},"end":{"line":26,"column":76}},"12":{"start":{"line":28,"column":39},"end":{"line":28,"column":93}},"13":{"start":{"line":31,"column":2},"end":{"line":33,"column":3}},"14":{"start":{"line":32,"column":4},"end":{"line":32,"column":69}},"15":{"start":{"line":34,"column":22},"end":{"line":34,"column":100}},"16":{"start":{"line":35,"column":20},"end":{"line":35,"column":184}},"17":{"start":{"line":36,"column":2},"end":{"line":43,"column":3}},"18":{"start":{"line":37,"column":4},"end":{"line":42,"column":5}},"19":{"start":{"line":38,"column":6},"end":{"line":38,"column":67}},"20":{"start":{"line":39,"column":6},"end":{"line":39,"column":24}},"21":{"start":{"line":41,"column":6},"end":{"line":41,"column":62}},"22":{"start":{"line":44,"column":2},"end":{"line":50,"column":3}},"23":{"start":{"line":45,"column":4},"end":{"line":49,"column":5}},"24":{"start":{"line":46,"column":6},"end":{"line":46,"column":57}},"25":{"start":{"line":48,"column":6},"end":{"line":48,"column":24}},"26":{"start":{"line":51,"column":2},"end":{"line":51,"column":20}},"27":{"start":{"line":105,"column":0},"end":{"line":217,"column":2}},"28":{"start":{"line":111,"column":4},"end":{"line":111,"column":63}},"29":{"start":{"line":112,"column":4},"end":{"line":122,"column":6}},"30":{"start":{"line":125,"column":4},"end":{"line":125,"column":37}},"31":{"start":{"line":130,"column":6},"end":{"line":130,"column":37}},"32":{"start":{"line":134,"column":6},"end":{"line":136,"column":7}},"33":{"start":{"line":135,"column":8},"end":{"line":135,"column":20}},"34":{"start":{"line":137,"column":6},"end":{"line":142,"column":7}},"35":{"start":{"line":138,"column":8},"end":{"line":138,"column":90}},"36":{"start":{"line":139,"column":8},"end":{"line":139,"column":21}},"37":{"start":{"line":141,"column":8},"end":{"line":141,"column":20}},"38":{"start":{"line":145,"column":6},"end":{"line":145,"column":62}},"39":{"start":{"line":150,"column":6},"end":{"line":150,"column":44}},"40":{"start":{"line":153,"column":6},"end":{"line":153,"column":56}},"41":{"start":{"line":157,"column":6},"end":{"line":157,"column":45}},"42":{"start":{"line":160,"column":18},"end":{"line":160,"column":22}},"43":{"start":{"line":162,"column":6},"end":{"line":214,"column":12}},"44":{"start":{"line":164,"column":8},"end":{"line":213,"column":37}},"45":{"start":{"line":165,"column":10},"end":{"line":212,"column":11}},"46":{"start":{"line":166,"column":12},"end":{"line":211,"column":13}},"47":{"start":{"line":168,"column":16},"end":{"line":168,"column":34}},"48":{"start":{"line":170,"column":16},"end":{"line":173,"column":17}},"49":{"start":{"line":171,"column":18},"end":{"line":171,"column":36}},"50":{"start":{"line":172,"column":18},"end":{"line":172,"column":24}},"51":{"start":{"line":175,"column":16},"end":{"line":175,"column":49}},"52":{"start":{"line":178,"column":16},"end":{"line":178,"column":34}},"53":{"start":{"line":179,"column":16},"end":{"line":182,"column":19}},"54":{"start":{"line":185,"column":16},"end":{"line":185,"column":45}},"55":{"start":{"line":187,"column":16},"end":{"line":194,"column":17}},"56":{"start":{"line":188,"column":18},"end":{"line":192,"column":21}},"57":{"start":{"line":193,"column":18},"end":{"line":193,"column":91}},"58":{"start":{"line":195,"column":16},"end":{"line":195,"column":35}},"59":{"start":{"line":196,"column":16},"end":{"line":196,"column":22}},"60":{"start":{"line":199,"column":16},"end":{"line":199,"column":34}},"61":{"start":{"line":200,"column":16},"end":{"line":200,"column":51}},"62":{"start":{"line":202,"column":16},"end":{"line":206,"column":19}},"63":{"start":{"line":210,"column":16},"end":{"line":210,"column":39}}},"fnMap":{"0":{"name":"(anonymous_0)","decl":{"start":{"line":1,"column":28},"end":{"line":1,"column":29}},"loc":{"start":{"line":1,"column":38},"end":{"line":218,"column":1}},"line":1},"1":{"name":"_interopRequireDefault","decl":{"start":{"line":28,"column":9},"end":{"line":28,"column":31}},"loc":{"start":{"line":28,"column":37},"end":{"line":28,"column":95}},"line":28},"2":{"name":"validatePasswordInputs","decl":{"start":{"line":30,"column":9},"end":{"line":30,"column":31}},"loc":{"start":{"line":30,"column":55},"end":{"line":52,"column":1}},"line":30},"3":{"name":"data","decl":{"start":{"line":110,"column":17},"end":{"line":110,"column":21}},"loc":{"start":{"line":110,"column":24},"end":{"line":123,"column":3}},"line":110},"4":{"name":"destroyed","decl":{"start":{"line":124,"column":22},"end":{"line":124,"column":31}},"loc":{"start":{"line":124,"column":34},"end":{"line":126,"column":3}},"line":124},"5":{"name":"token","decl":{"start":{"line":129,"column":20},"end":{"line":129,"column":25}},"loc":{"start":{"line":129,"column":33},"end":{"line":131,"column":5}},"line":129},"6":{"name":"isNewPasswordSubmitDisabled","decl":{"start":{"line":133,"column":42},"end":{"line":133,"column":69}},"loc":{"start":{"line":133,"column":72},"end":{"line":143,"column":5}},"line":133},"7":{"name":"passwordInputType","decl":{"start":{"line":144,"column":32},"end":{"line":144,"column":49}},"loc":{"start":{"line":144,"column":52},"end":{"line":146,"column":5}},"line":144},"8":{"name":"passwordReset","decl":{"start":{"line":149,"column":28},"end":{"line":149,"column":41}},"loc":{"start":{"line":149,"column":51},"end":{"line":151,"column":5}},"line":149},"9":{"name":"clearPasswordResetFailure","decl":{"start":{"line":152,"column":40},"end":{"line":152,"column":65}},"loc":{"start":{"line":152,"column":75},"end":{"line":154,"column":5}},"line":152},"10":{"name":"toggleShowPassword","decl":{"start":{"line":156,"column":33},"end":{"line":156,"column":51}},"loc":{"start":{"line":156,"column":54},"end":{"line":158,"column":5}},"line":156},"11":{"name":"submitResetPasswordForm","decl":{"start":{"line":159,"column":38},"end":{"line":159,"column":61}},"loc":{"start":{"line":159,"column":64},"end":{"line":215,"column":5}},"line":159},"12":{"name":"_callee","decl":{"start":{"line":162,"column":81},"end":{"line":162,"column":88}},"loc":{"start":{"line":162,"column":91},"end":{"line":214,"column":7}},"line":162},"13":{"name":"_callee$","decl":{"start":{"line":164,"column":51},"end":{"line":164,"column":59}},"loc":{"start":{"line":164,"column":70},"end":{"line":213,"column":9}},"line":164}},"branchMap":{"0":{"loc":{"start":{"line":28,"column":46},"end":{"line":28,"column":92}},"type":"cond-expr","locations":[{"start":{"line":28,"column":70},"end":{"line":28,"column":73}},{"start":{"line":28,"column":76},"end":{"line":28,"column":92}}],"line":28},"1":{"loc":{"start":{"line":28,"column":46},"end":{"line":28,"column":67}},"type":"binary-expr","locations":[{"start":{"line":28,"column":46},"end":{"line":28,"column":49}},{"start":{"line":28,"column":53},"end":{"line":28,"column":67}}],"line":28},"2":{"loc":{"start":{"line":31,"column":2},"end":{"line":33,"column":3}},"type":"if","locations":[{"start":{"line":31,"column":2},"end":{"line":33,"column":3}},{"start":{"line":31,"column":2},"end":{"line":33,"column":3}}],"line":31},"3":{"loc":{"start":{"line":34,"column":22},"end":{"line":34,"column":100}},"type":"binary-expr","locations":[{"start":{"line":34,"column":22},"end":{"line":34,"column":59}},{"start":{"line":34,"column":63},"end":{"line":34,"column":100}}],"line":34},"4":{"loc":{"start":{"line":35,"column":20},"end":{"line":35,"column":184}},"type":"binary-expr","locations":[{"start":{"line":35,"column":20},"end":{"line":35,"column":57}},{"start":{"line":35,"column":61},"end":{"line":35,"column":100}},{"start":{"line":35,"column":104},"end":{"line":35,"column":143}},{"start":{"line":35,"column":147},"end":{"line":35,"column":184}}],"line":35},"5":{"loc":{"start":{"line":36,"column":2},"end":{"line":43,"column":3}},"type":"if","locations":[{"start":{"line":36,"column":2},"end":{"line":43,"column":3}},{"start":{"line":36,"column":2},"end":{"line":43,"column":3}}],"line":36},"6":{"loc":{"start":{"line":44,"column":2},"end":{"line":50,"column":3}},"type":"if","locations":[{"start":{"line":44,"column":2},"end":{"line":50,"column":3}},{"start":{"line":44,"column":2},"end":{"line":50,"column":3}}],"line":44},"7":{"loc":{"start":{"line":45,"column":4},"end":{"line":49,"column":5}},"type":"if","locations":[{"start":{"line":45,"column":4},"end":{"line":49,"column":5}},{"start":{"line":45,"column":4},"end":{"line":49,"column":5}}],"line":45},"8":{"loc":{"start":{"line":134,"column":6},"end":{"line":136,"column":7}},"type":"if","locations":[{"start":{"line":134,"column":6},"end":{"line":136,"column":7}},{"start":{"line":134,"column":6},"end":{"line":136,"column":7}}],"line":134},"9":{"loc":{"start":{"line":134,"column":10},"end":{"line":134,"column":129}},"type":"binary-expr","locations":[{"start":{"line":134,"column":10},"end":{"line":134,"column":37}},{"start":{"line":134,"column":41},"end":{"line":134,"column":68}},{"start":{"line":134,"column":72},"end":{"line":134,"column":129}}],"line":134},"10":{"loc":{"start":{"line":145,"column":13},"end":{"line":145,"column":61}},"type":"cond-expr","locations":[{"start":{"line":145,"column":42},"end":{"line":145,"column":48}},{"start":{"line":145,"column":51},"end":{"line":145,"column":61}}],"line":145},"11":{"loc":{"start":{"line":166,"column":12},"end":{"line":211,"column":13}},"type":"switch","locations":[{"start":{"line":167,"column":14},"end":{"line":175,"column":49}},{"start":{"line":177,"column":14},"end":{"line":182,"column":19}},{"start":{"line":184,"column":14},"end":{"line":196,"column":22}},{"start":{"line":198,"column":14},"end":{"line":206,"column":19}},{"start":{"line":208,"column":14},"end":{"line":208,"column":22}},{"start":{"line":209,"column":14},"end":{"line":210,"column":39}}],"line":166},"12":{"loc":{"start":{"line":170,"column":16},"end":{"line":173,"column":17}},"type":"if","locations":[{"start":{"line":170,"column":16},"end":{"line":173,"column":17}},{"start":{"line":170,"column":16},"end":{"line":173,"column":17}}],"line":170},"13":{"loc":{"start":{"line":187,"column":16},"end":{"line":194,"column":17}},"type":"if","locations":[{"start":{"line":187,"column":16},"end":{"line":194,"column":17}},{"start":{"line":187,"column":16},"end":{"line":194,"column":17}}],"line":187}},"s":{"0":3,"1":3,"2":3,"3":3,"4":3,"5":3,"6":3,"7":3,"8":3,"9":3,"10":3,"11":3,"12":12,"13":9,"14":4,"15":5,"16":5,"17":5,"18":0,"19":0,"20":0,"21":0,"22":5,"23":0,"24":0,"25":0,"26":5,"27":3,"28":7,"29":7,"30":1,"31":1,"32":16,"33":13,"34":3,"35":3,"36":2,"37":1,"38":7,"39":1,"40":1,"41":0,"42":1,"43":1,"44":1,"45":2,"46":4,"47":1,"48":1,"49":1,"50":1,"51":0,"52":1,"53":1,"54":1,"55":1,"56":0,"57":0,"58":1,"59":1,"60":0,"61":0,"62":0,"63":1},"f":{"0":3,"1":12,"2":9,"3":7,"4":1,"5":1,"6":16,"7":7,"8":1,"9":1,"10":0,"11":1,"12":1,"13":2},"b":{"0":[6,6],"1":[12,12],"2":[4,5],"3":[5,0],"4":[5,0,5,5],"5":[0,5],"6":[0,5],"7":[0,0],"8":[13,3],"9":[16,9,4],"10":[0,7],"11":[1,1,1,0,1,1],"12":[1,0],"13":[0,1]},"_coverageSchema":"332fd63041d2c1bcb487cc26dd0d5f7d97098a6c","hash":"dad6b2ef3810705e3302d439f2cf42109fa6ecea"}
,"/Users/stevend/coding/meteor/Meteor-Vue-Enterprise-Starter/src/imports/modules/accounts/client/components/SignInBtn/SignInBtn.vue": {"path":"/Users/stevend/coding/meteor/Meteor-Vue-Enterprise-Starter/src/imports/modules/accounts/client/components/SignInBtn/SignInBtn.vue","statementMap":{"0":{"start":{"line":1,"column":27},"end":{"line":57,"column":4}},"1":{"start":{"line":4,"column":0},"end":{"line":6,"column":3}},"2":{"start":{"line":31,"column":0},"end":{"line":56,"column":2}},"3":{"start":{"line":39,"column":8},"end":{"line":39,"column":53}},"4":{"start":{"line":45,"column":6},"end":{"line":45,"column":35}},"5":{"start":{"line":48,"column":6},"end":{"line":48,"column":34}},"6":{"start":{"line":53,"column":6},"end":{"line":53,"column":45}}},"fnMap":{"0":{"name":"(anonymous_0)","decl":{"start":{"line":1,"column":28},"end":{"line":1,"column":29}},"loc":{"start":{"line":1,"column":38},"end":{"line":57,"column":1}},"line":1},"1":{"name":"validator","decl":{"start":{"line":38,"column":26},"end":{"line":38,"column":35}},"loc":{"start":{"line":38,"column":41},"end":{"line":40,"column":7}},"line":38},"2":{"name":"isLightTheme","decl":{"start":{"line":44,"column":27},"end":{"line":44,"column":39}},"loc":{"start":{"line":44,"column":42},"end":{"line":46,"column":5}},"line":44},"3":{"name":"isDarkTheme","decl":{"start":{"line":47,"column":26},"end":{"line":47,"column":37}},"loc":{"start":{"line":47,"column":40},"end":{"line":49,"column":5}},"line":47},"4":{"name":"handleClick","decl":{"start":{"line":52,"column":26},"end":{"line":52,"column":37}},"loc":{"start":{"line":52,"column":40},"end":{"line":54,"column":5}},"line":52}},"branchMap":{},"s":{"0":20,"1":20,"2":20,"3":3,"4":3,"5":3,"6":1},"f":{"0":20,"1":3,"2":3,"3":3,"4":1},"b":{},"_coverageSchema":"332fd63041d2c1bcb487cc26dd0d5f7d97098a6c","hash":"34bbdc11617c69cbd52eb1cebe32a2164eade297"}
,"/Users/stevend/coding/meteor/Meteor-Vue-Enterprise-Starter/src/imports/modules/accounts/client/components/SignInForm/SignInForm.vue": {"path":"/Users/stevend/coding/meteor/Meteor-Vue-Enterprise-Starter/src/imports/modules/accounts/client/components/SignInForm/SignInForm.vue","statementMap":{"0":{"start":{"line":1,"column":27},"end":{"line":193,"column":4}},"1":{"start":{"line":4,"column":0},"end":{"line":6,"column":3}},"2":{"start":{"line":8,"column":19},"end":{"line":8,"column":55}},"3":{"start":{"line":10,"column":20},"end":{"line":10,"column":56}},"4":{"start":{"line":12,"column":25},"end":{"line":12,"column":74}},"5":{"start":{"line":14,"column":25},"end":{"line":14,"column":67}},"6":{"start":{"line":16,"column":16},"end":{"line":16,"column":56}},"7":{"start":{"line":18,"column":16},"end":{"line":18,"column":49}},"8":{"start":{"line":20,"column":15},"end":{"line":20,"column":34}},"9":{"start":{"line":22,"column":14},"end":{"line":22,"column":38}},"10":{"start":{"line":24,"column":22},"end":{"line":24,"column":74}},"11":{"start":{"line":26,"column":29},"end":{"line":26,"column":92}},"12":{"start":{"line":28,"column":30},"end":{"line":28,"column":76}},"13":{"start":{"line":30,"column":39},"end":{"line":30,"column":93}},"14":{"start":{"line":91,"column":0},"end":{"line":192,"column":2}},"15":{"start":{"line":97,"column":4},"end":{"line":97,"column":29}},"16":{"start":{"line":102,"column":6},"end":{"line":102,"column":40}},"17":{"start":{"line":106,"column":6},"end":{"line":108,"column":7}},"18":{"start":{"line":107,"column":8},"end":{"line":107,"column":51}},"19":{"start":{"line":112,"column":4},"end":{"line":122,"column":6}},"20":{"start":{"line":127,"column":6},"end":{"line":127,"column":40}},"21":{"start":{"line":131,"column":6},"end":{"line":131,"column":62}},"22":{"start":{"line":134,"column":6},"end":{"line":134,"column":82}},"23":{"start":{"line":139,"column":6},"end":{"line":139,"column":40}},"24":{"start":{"line":142,"column":6},"end":{"line":142,"column":48}},"25":{"start":{"line":146,"column":6},"end":{"line":146,"column":45}},"26":{"start":{"line":149,"column":18},"end":{"line":149,"column":22}},"27":{"start":{"line":151,"column":6},"end":{"line":189,"column":12}},"28":{"start":{"line":153,"column":8},"end":{"line":188,"column":37}},"29":{"start":{"line":154,"column":10},"end":{"line":187,"column":11}},"30":{"start":{"line":155,"column":12},"end":{"line":186,"column":13}},"31":{"start":{"line":157,"column":16},"end":{"line":157,"column":34}},"32":{"start":{"line":158,"column":16},"end":{"line":158,"column":34}},"33":{"start":{"line":159,"column":16},"end":{"line":162,"column":19}},"34":{"start":{"line":165,"column":16},"end":{"line":165,"column":50}},"35":{"start":{"line":167,"column":16},"end":{"line":169,"column":17}},"36":{"start":{"line":168,"column":18},"end":{"line":168,"column":63}},"37":{"start":{"line":170,"column":16},"end":{"line":170,"column":35}},"38":{"start":{"line":171,"column":16},"end":{"line":171,"column":22}},"39":{"start":{"line":174,"column":16},"end":{"line":174,"column":34}},"40":{"start":{"line":175,"column":16},"end":{"line":175,"column":51}},"41":{"start":{"line":177,"column":16},"end":{"line":181,"column":19}},"42":{"start":{"line":185,"column":16},"end":{"line":185,"column":39}}},"fnMap":{"0":{"name":"(anonymous_0)","decl":{"start":{"line":1,"column":28},"end":{"line":1,"column":29}},"loc":{"start":{"line":1,"column":38},"end":{"line":193,"column":1}},"line":1},"1":{"name":"_interopRequireDefault","decl":{"start":{"line":30,"column":9},"end":{"line":30,"column":31}},"loc":{"start":{"line":30,"column":37},"end":{"line":30,"column":95}},"line":30},"2":{"name":"destroyed","decl":{"start":{"line":96,"column":22},"end":{"line":96,"column":31}},"loc":{"start":{"line":96,"column":34},"end":{"line":98,"column":3}},"line":96},"3":{"name":"loggingIn","decl":{"start":{"line":101,"column":24},"end":{"line":101,"column":33}},"loc":{"start":{"line":101,"column":36},"end":{"line":103,"column":5}},"line":101},"4":{"name":"redirectWhenAuthenticated","decl":{"start":{"line":104,"column":40},"end":{"line":104,"column":65}},"loc":{"start":{"line":104,"column":68},"end":{"line":109,"column":5}},"line":104},"5":{"name":"data","decl":{"start":{"line":111,"column":17},"end":{"line":111,"column":21}},"loc":{"start":{"line":111,"column":24},"end":{"line":123,"column":3}},"line":111},"6":{"name":"urlRedirect","decl":{"start":{"line":126,"column":26},"end":{"line":126,"column":37}},"loc":{"start":{"line":126,"column":45},"end":{"line":128,"column":5}},"line":126},"7":{"name":"passwordInputType","decl":{"start":{"line":130,"column":32},"end":{"line":130,"column":49}},"loc":{"start":{"line":130,"column":52},"end":{"line":132,"column":5}},"line":130},"8":{"name":"isSubmitDisabled","decl":{"start":{"line":133,"column":31},"end":{"line":133,"column":47}},"loc":{"start":{"line":133,"column":50},"end":{"line":135,"column":5}},"line":133},"9":{"name":"loginUser","decl":{"start":{"line":138,"column":24},"end":{"line":138,"column":33}},"loc":{"start":{"line":138,"column":43},"end":{"line":140,"column":5}},"line":138},"10":{"name":"clearLoginFailure","decl":{"start":{"line":141,"column":32},"end":{"line":141,"column":49}},"loc":{"start":{"line":141,"column":59},"end":{"line":143,"column":5}},"line":141},"11":{"name":"toggleShowPassword","decl":{"start":{"line":145,"column":33},"end":{"line":145,"column":51}},"loc":{"start":{"line":145,"column":54},"end":{"line":147,"column":5}},"line":145},"12":{"name":"submitForm","decl":{"start":{"line":148,"column":25},"end":{"line":148,"column":35}},"loc":{"start":{"line":148,"column":38},"end":{"line":190,"column":5}},"line":148},"13":{"name":"_callee","decl":{"start":{"line":151,"column":81},"end":{"line":151,"column":88}},"loc":{"start":{"line":151,"column":91},"end":{"line":189,"column":7}},"line":151},"14":{"name":"_callee$","decl":{"start":{"line":153,"column":51},"end":{"line":153,"column":59}},"loc":{"start":{"line":153,"column":70},"end":{"line":188,"column":9}},"line":153}},"branchMap":{"0":{"loc":{"start":{"line":30,"column":46},"end":{"line":30,"column":92}},"type":"cond-expr","locations":[{"start":{"line":30,"column":70},"end":{"line":30,"column":73}},{"start":{"line":30,"column":76},"end":{"line":30,"column":92}}],"line":30},"1":{"loc":{"start":{"line":30,"column":46},"end":{"line":30,"column":67}},"type":"binary-expr","locations":[{"start":{"line":30,"column":46},"end":{"line":30,"column":49}},{"start":{"line":30,"column":53},"end":{"line":30,"column":67}}],"line":30},"2":{"loc":{"start":{"line":106,"column":6},"end":{"line":108,"column":7}},"type":"if","locations":[{"start":{"line":106,"column":6},"end":{"line":108,"column":7}},{"start":{"line":106,"column":6},"end":{"line":108,"column":7}}],"line":106},"3":{"loc":{"start":{"line":107,"column":26},"end":{"line":107,"column":49}},"type":"binary-expr","locations":[{"start":{"line":107,"column":26},"end":{"line":107,"column":42}},{"start":{"line":107,"column":46},"end":{"line":107,"column":49}}],"line":107},"4":{"loc":{"start":{"line":131,"column":13},"end":{"line":131,"column":61}},"type":"cond-expr","locations":[{"start":{"line":131,"column":42},"end":{"line":131,"column":48}},{"start":{"line":131,"column":51},"end":{"line":131,"column":61}}],"line":131},"5":{"loc":{"start":{"line":134,"column":13},"end":{"line":134,"column":81}},"type":"binary-expr","locations":[{"start":{"line":134,"column":13},"end":{"line":134,"column":27}},{"start":{"line":134,"column":31},"end":{"line":134,"column":54}},{"start":{"line":134,"column":58},"end":{"line":134,"column":81}}],"line":134},"6":{"loc":{"start":{"line":155,"column":12},"end":{"line":186,"column":13}},"type":"switch","locations":[{"start":{"line":156,"column":14},"end":{"line":162,"column":19}},{"start":{"line":164,"column":14},"end":{"line":171,"column":22}},{"start":{"line":173,"column":14},"end":{"line":181,"column":19}},{"start":{"line":183,"column":14},"end":{"line":183,"column":22}},{"start":{"line":184,"column":14},"end":{"line":185,"column":39}}],"line":155},"7":{"loc":{"start":{"line":167,"column":16},"end":{"line":169,"column":17}},"type":"if","locations":[{"start":{"line":167,"column":16},"end":{"line":169,"column":17}},{"start":{"line":167,"column":16},"end":{"line":169,"column":17}}],"line":167},"8":{"loc":{"start":{"line":168,"column":37},"end":{"line":168,"column":61}},"type":"binary-expr","locations":[{"start":{"line":168,"column":37},"end":{"line":168,"column":54}},{"start":{"line":168,"column":58},"end":{"line":168,"column":61}}],"line":168}},"s":{"0":3,"1":3,"2":3,"3":3,"4":3,"5":3,"6":3,"7":3,"8":3,"9":3,"10":3,"11":3,"12":3,"13":12,"14":3,"15":1,"16":8,"17":8,"18":8,"19":8,"20":8,"21":8,"22":11,"23":1,"24":1,"25":0,"26":1,"27":1,"28":1,"29":2,"30":3,"31":1,"32":1,"33":1,"34":1,"35":1,"36":0,"37":1,"38":1,"39":0,"40":0,"41":0,"42":1},"f":{"0":3,"1":12,"2":1,"3":8,"4":8,"5":8,"6":8,"7":8,"8":11,"9":1,"10":1,"11":0,"12":1,"13":1,"14":2},"b":{"0":[6,6],"1":[12,12],"2":[8,0],"3":[8,7],"4":[0,8],"5":[11,11,3],"6":[1,1,0,1,1],"7":[0,1],"8":[0,0]},"_coverageSchema":"332fd63041d2c1bcb487cc26dd0d5f7d97098a6c","hash":"7f2a5fd154a8b6c319d5c9e42ebc4ce4792c22dd"}
,"/Users/stevend/coding/meteor/Meteor-Vue-Enterprise-Starter/src/imports/modules/accounts/client/components/SignOutBtn/SignOutBtn.vue": {"path":"/Users/stevend/coding/meteor/Meteor-Vue-Enterprise-Starter/src/imports/modules/accounts/client/components/SignOutBtn/SignOutBtn.vue","statementMap":{"0":{"start":{"line":1,"column":27},"end":{"line":117,"column":4}},"1":{"start":{"line":4,"column":0},"end":{"line":6,"column":3}},"2":{"start":{"line":8,"column":19},"end":{"line":8,"column":55}},"3":{"start":{"line":10,"column":20},"end":{"line":10,"column":56}},"4":{"start":{"line":12,"column":25},"end":{"line":12,"column":74}},"5":{"start":{"line":14,"column":25},"end":{"line":14,"column":67}},"6":{"start":{"line":16,"column":16},"end":{"line":16,"column":56}},"7":{"start":{"line":18,"column":16},"end":{"line":18,"column":49}},"8":{"start":{"line":20,"column":15},"end":{"line":20,"column":34}},"9":{"start":{"line":22,"column":39},"end":{"line":22,"column":93}},"10":{"start":{"line":24,"column":0},"end":{"line":95,"column":2}},"11":{"start":{"line":32,"column":8},"end":{"line":32,"column":53}},"12":{"start":{"line":38,"column":6},"end":{"line":38,"column":35}},"13":{"start":{"line":41,"column":6},"end":{"line":41,"column":34}},"14":{"start":{"line":46,"column":6},"end":{"line":46,"column":41}},"15":{"start":{"line":50,"column":18},"end":{"line":50,"column":22}},"16":{"start":{"line":52,"column":6},"end":{"line":92,"column":12}},"17":{"start":{"line":54,"column":8},"end":{"line":91,"column":37}},"18":{"start":{"line":55,"column":10},"end":{"line":90,"column":11}},"19":{"start":{"line":56,"column":12},"end":{"line":89,"column":13}},"20":{"start":{"line":58,"column":16},"end":{"line":58,"column":34}},"21":{"start":{"line":59,"column":16},"end":{"line":59,"column":34}},"22":{"start":{"line":60,"column":16},"end":{"line":60,"column":42}},"23":{"start":{"line":63,"column":16},"end":{"line":63,"column":39}},"24":{"start":{"line":65,"column":16},"end":{"line":72,"column":17}},"25":{"start":{"line":66,"column":18},"end":{"line":70,"column":21}},"26":{"start":{"line":71,"column":18},"end":{"line":71,"column":42}},"27":{"start":{"line":73,"column":16},"end":{"line":73,"column":35}},"28":{"start":{"line":74,"column":16},"end":{"line":74,"column":22}},"29":{"start":{"line":77,"column":16},"end":{"line":77,"column":34}},"30":{"start":{"line":78,"column":16},"end":{"line":78,"column":51}},"31":{"start":{"line":80,"column":16},"end":{"line":84,"column":19}},"32":{"start":{"line":88,"column":16},"end":{"line":88,"column":39}}},"fnMap":{"0":{"name":"(anonymous_0)","decl":{"start":{"line":1,"column":28},"end":{"line":1,"column":29}},"loc":{"start":{"line":1,"column":38},"end":{"line":117,"column":1}},"line":1},"1":{"name":"_interopRequireDefault","decl":{"start":{"line":22,"column":9},"end":{"line":22,"column":31}},"loc":{"start":{"line":22,"column":37},"end":{"line":22,"column":95}},"line":22},"2":{"name":"validator","decl":{"start":{"line":31,"column":26},"end":{"line":31,"column":35}},"loc":{"start":{"line":31,"column":41},"end":{"line":33,"column":7}},"line":31},"3":{"name":"isLightTheme","decl":{"start":{"line":37,"column":27},"end":{"line":37,"column":39}},"loc":{"start":{"line":37,"column":42},"end":{"line":39,"column":5}},"line":37},"4":{"name":"isDarkTheme","decl":{"start":{"line":40,"column":26},"end":{"line":40,"column":37}},"loc":{"start":{"line":40,"column":40},"end":{"line":42,"column":5}},"line":40},"5":{"name":"logoutUser","decl":{"start":{"line":45,"column":25},"end":{"line":45,"column":35}},"loc":{"start":{"line":45,"column":45},"end":{"line":47,"column":5}},"line":45},"6":{"name":"logoutUserAndRedirect","decl":{"start":{"line":49,"column":36},"end":{"line":49,"column":57}},"loc":{"start":{"line":49,"column":60},"end":{"line":93,"column":5}},"line":49},"7":{"name":"_callee","decl":{"start":{"line":52,"column":81},"end":{"line":52,"column":88}},"loc":{"start":{"line":52,"column":91},"end":{"line":92,"column":7}},"line":52},"8":{"name":"_callee$","decl":{"start":{"line":54,"column":51},"end":{"line":54,"column":59}},"loc":{"start":{"line":54,"column":70},"end":{"line":91,"column":9}},"line":54}},"branchMap":{"0":{"loc":{"start":{"line":22,"column":46},"end":{"line":22,"column":92}},"type":"cond-expr","locations":[{"start":{"line":22,"column":70},"end":{"line":22,"column":73}},{"start":{"line":22,"column":76},"end":{"line":22,"column":92}}],"line":22},"1":{"loc":{"start":{"line":22,"column":46},"end":{"line":22,"column":67}},"type":"binary-expr","locations":[{"start":{"line":22,"column":46},"end":{"line":22,"column":49}},{"start":{"line":22,"column":53},"end":{"line":22,"column":67}}],"line":22},"2":{"loc":{"start":{"line":56,"column":12},"end":{"line":89,"column":13}},"type":"switch","locations":[{"start":{"line":57,"column":14},"end":{"line":60,"column":42}},{"start":{"line":62,"column":14},"end":{"line":74,"column":22}},{"start":{"line":76,"column":14},"end":{"line":84,"column":19}},{"start":{"line":86,"column":14},"end":{"line":86,"column":22}},{"start":{"line":87,"column":14},"end":{"line":88,"column":39}}],"line":56},"3":{"loc":{"start":{"line":65,"column":16},"end":{"line":72,"column":17}},"type":"if","locations":[{"start":{"line":65,"column":16},"end":{"line":72,"column":17}},{"start":{"line":65,"column":16},"end":{"line":72,"column":17}}],"line":65}},"s":{"0":20,"1":20,"2":20,"3":20,"4":20,"5":20,"6":20,"7":20,"8":20,"9":60,"10":20,"11":12,"12":8,"13":8,"14":1,"15":1,"16":1,"17":1,"18":2,"19":3,"20":1,"21":1,"22":1,"23":1,"24":1,"25":0,"26":0,"27":1,"28":1,"29":0,"30":0,"31":0,"32":1},"f":{"0":20,"1":60,"2":12,"3":8,"4":8,"5":1,"6":1,"7":1,"8":2},"b":{"0":[40,20],"1":[60,60],"2":[1,1,0,1,1],"3":[0,1]},"_coverageSchema":"332fd63041d2c1bcb487cc26dd0d5f7d97098a6c","hash":"7fccf3456abde00ad1a457b3386e18a094faa205"}
,"/Users/stevend/coding/meteor/Meteor-Vue-Enterprise-Starter/src/imports/modules/accounts/client/components/SignUpBtn/SignUpBtn.vue": {"path":"/Users/stevend/coding/meteor/Meteor-Vue-Enterprise-Starter/src/imports/modules/accounts/client/components/SignUpBtn/SignUpBtn.vue","statementMap":{"0":{"start":{"line":1,"column":27},"end":{"line":59,"column":4}},"1":{"start":{"line":4,"column":0},"end":{"line":6,"column":3}},"2":{"start":{"line":33,"column":0},"end":{"line":58,"column":2}},"3":{"start":{"line":41,"column":8},"end":{"line":41,"column":53}},"4":{"start":{"line":47,"column":6},"end":{"line":47,"column":35}},"5":{"start":{"line":50,"column":6},"end":{"line":50,"column":34}},"6":{"start":{"line":55,"column":6},"end":{"line":55,"column":45}}},"fnMap":{"0":{"name":"(anonymous_0)","decl":{"start":{"line":1,"column":28},"end":{"line":1,"column":29}},"loc":{"start":{"line":1,"column":38},"end":{"line":59,"column":1}},"line":1},"1":{"name":"validator","decl":{"start":{"line":40,"column":26},"end":{"line":40,"column":35}},"loc":{"start":{"line":40,"column":41},"end":{"line":42,"column":7}},"line":40},"2":{"name":"isLightTheme","decl":{"start":{"line":46,"column":27},"end":{"line":46,"column":39}},"loc":{"start":{"line":46,"column":42},"end":{"line":48,"column":5}},"line":46},"3":{"name":"isDarkTheme","decl":{"start":{"line":49,"column":26},"end":{"line":49,"column":37}},"loc":{"start":{"line":49,"column":40},"end":{"line":51,"column":5}},"line":49},"4":{"name":"handleClick","decl":{"start":{"line":54,"column":26},"end":{"line":54,"column":37}},"loc":{"start":{"line":54,"column":40},"end":{"line":56,"column":5}},"line":54}},"branchMap":{},"s":{"0":20,"1":20,"2":20,"3":3,"4":3,"5":3,"6":1},"f":{"0":20,"1":3,"2":3,"3":3,"4":1},"b":{},"_coverageSchema":"332fd63041d2c1bcb487cc26dd0d5f7d97098a6c","hash":"88ba46ac2dff9780606601570ecce0ff850de1ef"}
[...]
,"/Users/stevend/coding/meteor/Meteor-Vue-Enterprise-Starter/src/imports/modules/pages/client/components/PageSignUp/PageSignUp.vue": {"path":"/Users/stevend/coding/meteor/Meteor-Vue-Enterprise-Starter/src/imports/modules/pages/client/components/PageSignUp/PageSignUp.vue","statementMap":{"0":{"start":{"line":1,"column":27},"end":{"line":29,"column":4}},"1":{"start":{"line":4,"column":0},"end":{"line":6,"column":3}},"2":{"start":{"line":8,"column":18},"end":{"line":8,"column":102}},"3":{"start":{"line":10,"column":19},"end":{"line":10,"column":54}},"4":{"start":{"line":12,"column":39},"end":{"line":12,"column":93}},"5":{"start":{"line":14,"column":0},"end":{"line":19,"column":2}}},"fnMap":{"0":{"name":"(anonymous_0)","decl":{"start":{"line":1,"column":28},"end":{"line":1,"column":29}},"loc":{"start":{"line":1,"column":38},"end":{"line":29,"column":1}},"line":1},"1":{"name":"_interopRequireDefault","decl":{"start":{"line":12,"column":9},"end":{"line":12,"column":31}},"loc":{"start":{"line":12,"column":37},"end":{"line":12,"column":95}},"line":12}},"branchMap":{"0":{"loc":{"start":{"line":12,"column":46},"end":{"line":12,"column":92}},"type":"cond-expr","locations":[{"start":{"line":12,"column":70},"end":{"line":12,"column":73}},{"start":{"line":12,"column":76},"end":{"line":12,"column":92}}],"line":12},"1":{"loc":{"start":{"line":12,"column":46},"end":{"line":12,"column":67}},"type":"binary-expr","locations":[{"start":{"line":12,"column":46},"end":{"line":12,"column":49}},{"start":{"line":12,"column":53},"end":{"line":12,"column":67}}],"line":12}},"s":{"0":2,"1":2,"2":2,"3":2,"4":2,"5":2},"f":{"0":2,"1":2},"b":{"0":[0,2],"1":[2,2]},"_coverageSchema":"332fd63041d2c1bcb487cc26dd0d5f7d97098a6c","hash":"503b64100ae9fe4c685ac922a3b77b32c1406346"}
,"/Users/stevend/coding/meteor/Meteor-Vue-Enterprise-Starter/src/imports/modules/router/client/lib/router.js": {"path":"/Users/stevend/coding/meteor/Meteor-Vue-Enterprise-Starter/src/imports/modules/router/client/lib/router.js","statementMap":{"0":{"start":{"line":11,"column":18},"end":{"line":16,"column":1}},"1":{"start":{"line":12,"column":2},"end":{"line":14,"column":3}},"2":{"start":{"line":13,"column":4},"end":{"line":13,"column":15}},"3":{"start":{"line":15,"column":2},"end":{"line":15,"column":21}},"4":{"start":{"line":18,"column":24},"end":{"line":21,"column":1}},"5":{"start":{"line":19,"column":2},"end":{"line":20,"column":56}},"6":{"start":{"line":20,"column":24},"end":{"line":20,"column":54}},"7":{"start":{"line":22,"column":24},"end":{"line":25,"column":1}},"8":{"start":{"line":23,"column":2},"end":{"line":24,"column":56}},"9":{"start":{"line":24,"column":24},"end":{"line":24,"column":54}},"10":{"start":{"line":26,"column":31},"end":{"line":29,"column":1}},"11":{"start":{"line":27,"column":2},"end":{"line":28,"column":70}},"12":{"start":{"line":28,"column":31},"end":{"line":28,"column":68}},"13":{"start":{"line":30,"column":31},"end":{"line":33,"column":1}},"14":{"start":{"line":31,"column":2},"end":{"line":32,"column":70}},"15":{"start":{"line":32,"column":31},"end":{"line":32,"column":68}},"16":{"start":{"line":34,"column":22},"end":{"line":37,"column":1}},"17":{"start":{"line":35,"column":2},"end":{"line":36,"column":52}},"18":{"start":{"line":36,"column":22},"end":{"line":36,"column":50}},"19":{"start":{"line":38,"column":31},"end":{"line":41,"column":1}},"20":{"start":{"line":39,"column":2},"end":{"line":40,"column":70}},"21":{"start":{"line":40,"column":31},"end":{"line":40,"column":68}},"22":{"start":{"line":42,"column":38},"end":{"line":45,"column":1}},"23":{"start":{"line":43,"column":2},"end":{"line":44,"column":84}},"24":{"start":{"line":44,"column":38},"end":{"line":44,"column":82}},"25":{"start":{"line":46,"column":25},"end":{"line":49,"column":1}},"26":{"start":{"line":47,"column":2},"end":{"line":48,"column":58}},"27":{"start":{"line":48,"column":25},"end":{"line":48,"column":56}},"28":{"start":{"line":51,"column":21},"end":{"line":120,"column":1}},"29":{"start":{"line":52,"column":17},"end":{"line":103,"column":3}},"30":{"start":{"line":105,"column":17},"end":{"line":108,"column":4}},"31":{"start":{"line":111,"column":2},"end":{"line":114,"column":5}},"32":{"start":{"line":112,"column":4},"end":{"line":112,"column":29}},"33":{"start":{"line":113,"column":4},"end":{"line":113,"column":11}},"34":{"start":{"line":115,"column":2},"end":{"line":117,"column":5}},"35":{"start":{"line":116,"column":4},"end":{"line":116,"column":30}},"36":{"start":{"line":119,"column":2},"end":{"line":119,"column":16}}},"fnMap":{"0":{"name":"(anonymous_0)","decl":{"start":{"line":11,"column":18},"end":{"line":11,"column":19}},"loc":{"start":{"line":11,"column":27},"end":{"line":16,"column":1}},"line":11},"1":{"name":"(anonymous_1)","decl":{"start":{"line":18,"column":24},"end":{"line":18,"column":25}},"loc":{"start":{"line":18,"column":37},"end":{"line":21,"column":1}},"line":18},"2":{"name":"(anonymous_2)","decl":{"start":{"line":20,"column":10},"end":{"line":20,"column":11}},"loc":{"start":{"line":20,"column":24},"end":{"line":20,"column":54}},"line":20},"3":{"name":"(anonymous_3)","decl":{"start":{"line":22,"column":24},"end":{"line":22,"column":25}},"loc":{"start":{"line":22,"column":37},"end":{"line":25,"column":1}},"line":22},"4":{"name":"(anonymous_4)","decl":{"start":{"line":24,"column":10},"end":{"line":24,"column":11}},"loc":{"start":{"line":24,"column":24},"end":{"line":24,"column":54}},"line":24},"5":{"name":"(anonymous_5)","decl":{"start":{"line":26,"column":31},"end":{"line":26,"column":32}},"loc":{"start":{"line":26,"column":44},"end":{"line":29,"column":1}},"line":26},"6":{"name":"(anonymous_6)","decl":{"start":{"line":28,"column":10},"end":{"line":28,"column":11}},"loc":{"start":{"line":28,"column":31},"end":{"line":28,"column":68}},"line":28},"7":{"name":"(anonymous_7)","decl":{"start":{"line":30,"column":31},"end":{"line":30,"column":32}},"loc":{"start":{"line":30,"column":44},"end":{"line":33,"column":1}},"line":30},"8":{"name":"(anonymous_8)","decl":{"start":{"line":32,"column":10},"end":{"line":32,"column":11}},"loc":{"start":{"line":32,"column":31},"end":{"line":32,"column":68}},"line":32},"9":{"name":"(anonymous_9)","decl":{"start":{"line":34,"column":22},"end":{"line":34,"column":23}},"loc":{"start":{"line":34,"column":35},"end":{"line":37,"column":1}},"line":34},"10":{"name":"(anonymous_10)","decl":{"start":{"line":36,"column":8},"end":{"line":36,"column":9}},"loc":{"start":{"line":36,"column":22},"end":{"line":36,"column":50}},"line":36},"11":{"name":"(anonymous_11)","decl":{"start":{"line":38,"column":31},"end":{"line":38,"column":32}},"loc":{"start":{"line":38,"column":44},"end":{"line":41,"column":1}},"line":38},"12":{"name":"(anonymous_12)","decl":{"start":{"line":40,"column":8},"end":{"line":40,"column":9}},"loc":{"start":{"line":40,"column":31},"end":{"line":40,"column":68}},"line":40},"13":{"name":"(anonymous_13)","decl":{"start":{"line":42,"column":38},"end":{"line":42,"column":39}},"loc":{"start":{"line":42,"column":51},"end":{"line":45,"column":1}},"line":42},"14":{"name":"(anonymous_14)","decl":{"start":{"line":44,"column":8},"end":{"line":44,"column":9}},"loc":{"start":{"line":44,"column":38},"end":{"line":44,"column":82}},"line":44},"15":{"name":"(anonymous_15)","decl":{"start":{"line":46,"column":25},"end":{"line":46,"column":26}},"loc":{"start":{"line":46,"column":38},"end":{"line":49,"column":1}},"line":46},"16":{"name":"(anonymous_16)","decl":{"start":{"line":48,"column":10},"end":{"line":48,"column":11}},"loc":{"start":{"line":48,"column":25},"end":{"line":48,"column":56}},"line":48},"17":{"name":"(anonymous_17)","decl":{"start":{"line":51,"column":21},"end":{"line":51,"column":22}},"loc":{"start":{"line":51,"column":27},"end":{"line":120,"column":1}},"line":51},"18":{"name":"(anonymous_18)","decl":{"start":{"line":111,"column":20},"end":{"line":111,"column":21}},"loc":{"start":{"line":111,"column":40},"end":{"line":114,"column":3}},"line":111},"19":{"name":"(anonymous_19)","decl":{"start":{"line":115,"column":19},"end":{"line":115,"column":20}},"loc":{"start":{"line":115,"column":33},"end":{"line":117,"column":3}},"line":115}},"branchMap":{"0":{"loc":{"start":{"line":12,"column":2},"end":{"line":14,"column":3}},"type":"if","locations":[{"start":{"line":12,"column":2},"end":{"line":14,"column":3}},{"start":{"line":12,"column":2},"end":{"line":14,"column":3}}],"line":12}},"s":{"0":21,"1":64,"2":64,"3":0,"4":21,"5":1,"6":1,"7":21,"8":1,"9":1,"10":21,"11":1,"12":1,"13":21,"14":1,"15":1,"16":21,"17":59,"18":59,"19":21,"20":0,"21":0,"22":21,"23":0,"24":0,"25":21,"26":1,"27":1,"28":21,"29":99,"30":99,"31":99,"32":59,"33":59,"34":99,"35":51,"36":99},"f":{"0":64,"1":1,"2":1,"3":1,"4":1,"5":1,"6":1,"7":1,"8":1,"9":59,"10":59,"11":0,"12":0,"13":0,"14":0,"15":1,"16":1,"17":99,"18":59,"19":51},"b":{"0":[64,0]},"_coverageSchema":"332fd63041d2c1bcb487cc26dd0d5f7d97098a6c","hash":"26817583982aa696746624c90ace952fe280ad38"}
,"/Users/stevend/coding/meteor/Meteor-Vue-Enterprise-Starter/src/imports/modules/store/client/lib/store.js": {"path":"/Users/stevend/coding/meteor/Meteor-Vue-Enterprise-Starter/src/imports/modules/store/client/lib/store.js","statementMap":{"0":{"start":{"line":9,"column":16},"end":{"line":9,"column":18}},"1":{"start":{"line":13,"column":0},"end":{"line":15,"column":1}},"2":{"start":{"line":14,"column":2},"end":{"line":14,"column":31}},"3":{"start":{"line":17,"column":20},"end":{"line":28,"column":1}},"4":{"start":{"line":18,"column":19},"end":{"line":25,"column":4}},"5":{"start":{"line":26,"column":2},"end":{"line":26,"column":19}},"6":{"start":{"line":27,"column":2},"end":{"line":27,"column":18}}},"fnMap":{"0":{"name":"(anonymous_0)","decl":{"start":{"line":17,"column":20},"end":{"line":17,"column":21}},"loc":{"start":{"line":17,"column":26},"end":{"line":28,"column":1}},"line":17}},"branchMap":{"0":{"loc":{"start":{"line":13,"column":0},"end":{"line":15,"column":1}},"type":"if","locations":[{"start":{"line":13,"column":0},"end":{"line":15,"column":1}},{"start":{"line":13,"column":0},"end":{"line":15,"column":1}}],"line":13}},"s":{"0":20,"1":20,"2":0,"3":20,"4":92,"5":92,"6":92},"f":{"0":92},"b":{"0":[0,20]},"_coverageSchema":"332fd63041d2c1bcb487cc26dd0d5f7d97098a6c","hash":"10087a1c930a000f146525cb81cd29dc6f6a2196"}
,"/Users/stevend/coding/meteor/Meteor-Vue-Enterprise-Starter/src/imports/startup/client/App.vue": {"path":"/Users/stevend/coding/meteor/Meteor-Vue-Enterprise-Starter/src/imports/startup/client/App.vue","statementMap":{"0":{"start":{"line":1,"column":27},"end":{"line":35,"column":4}},"1":{"start":{"line":4,"column":0},"end":{"line":6,"column":3}},"2":{"start":{"line":8,"column":14},"end":{"line":8,"column":88}},"3":{"start":{"line":10,"column":15},"end":{"line":10,"column":46}},"4":{"start":{"line":12,"column":39},"end":{"line":12,"column":93}},"5":{"start":{"line":14,"column":0},"end":{"line":19,"column":2}}},"fnMap":{"0":{"name":"(anonymous_0)","decl":{"start":{"line":1,"column":28},"end":{"line":1,"column":29}},"loc":{"start":{"line":1,"column":38},"end":{"line":35,"column":1}},"line":1},"1":{"name":"_interopRequireDefault","decl":{"start":{"line":12,"column":9},"end":{"line":12,"column":31}},"loc":{"start":{"line":12,"column":37},"end":{"line":12,"column":95}},"line":12}},"branchMap":{"0":{"loc":{"start":{"line":12,"column":46},"end":{"line":12,"column":92}},"type":"cond-expr","locations":[{"start":{"line":12,"column":70},"end":{"line":12,"column":73}},{"start":{"line":12,"column":76},"end":{"line":12,"column":92}}],"line":12},"1":{"loc":{"start":{"line":12,"column":46},"end":{"line":12,"column":67}},"type":"binary-expr","locations":[{"start":{"line":12,"column":46},"end":{"line":12,"column":49}},{"start":{"line":12,"column":53},"end":{"line":12,"column":67}}],"line":12}},"s":{"0":20,"1":20,"2":20,"3":20,"4":20,"5":20},"f":{"0":20,"1":20},"b":{"0":[0,20],"1":[20,20]},"_coverageSchema":"332fd63041d2c1bcb487cc26dd0d5f7d97098a6c","hash":"9debbc4786e02e9c908c4ab2127cc39e2a6a0448"}
,"/Users/stevend/coding/meteor/Meteor-Vue-Enterprise-Starter/src/imports/startup/client/client-index.js": {"path":"/Users/stevend/coding/meteor/Meteor-Vue-Enterprise-Starter/src/imports/startup/client/client-index.js","statementMap":{"0":{"start":{"line":16,"column":0},"end":{"line":20,"column":3}},"1":{"start":{"line":18,"column":4},"end":{"line":18,"column":33}},"2":{"start":{"line":21,"column":0},"end":{"line":25,"column":3}},"3":{"start":{"line":23,"column":4},"end":{"line":23,"column":33}},"4":{"start":{"line":26,"column":0},"end":{"line":30,"column":3}},"5":{"start":{"line":28,"column":4},"end":{"line":28,"column":33}},"6":{"start":{"line":31,"column":0},"end":{"line":35,"column":3}},"7":{"start":{"line":33,"column":4},"end":{"line":33,"column":33}},"8":{"start":{"line":44,"column":24},"end":{"line":60,"column":1}},"9":{"start":{"line":48,"column":2},"end":{"line":48,"column":21}},"10":{"start":{"line":49,"column":2},"end":{"line":49,"column":16}},"11":{"start":{"line":50,"column":2},"end":{"line":50,"column":28}},"12":{"start":{"line":51,"column":2},"end":{"line":51,"column":17}},"13":{"start":{"line":53,"column":16},"end":{"line":53,"column":29}},"14":{"start":{"line":54,"column":17},"end":{"line":54,"column":31}},"15":{"start":{"line":56,"column":2},"end":{"line":56,"column":36}},"16":{"start":{"line":58,"column":2},"end":{"line":58,"column":22}},"17":{"start":{"line":59,"column":2},"end":{"line":59,"column":27}},"18":{"start":{"line":63,"column":0},"end":{"line":74,"column":3}},"19":{"start":{"line":64,"column":28},"end":{"line":64,"column":38}},"20":{"start":{"line":65,"column":22},"end":{"line":69,"column":4}},"21":{"start":{"line":66,"column":17},"end":{"line":66,"column":23}},"22":{"start":{"line":71,"column":2},"end":{"line":73,"column":3}},"23":{"start":{"line":72,"column":4},"end":{"line":72,"column":31}}},"fnMap":{"0":{"name":"(anonymous_0)","decl":{"start":{"line":17,"column":12},"end":{"line":17,"column":13}},"loc":{"start":{"line":17,"column":20},"end":{"line":19,"column":3}},"line":17},"1":{"name":"(anonymous_1)","decl":{"start":{"line":22,"column":12},"end":{"line":22,"column":13}},"loc":{"start":{"line":22,"column":20},"end":{"line":24,"column":3}},"line":22},"2":{"name":"(anonymous_2)","decl":{"start":{"line":27,"column":12},"end":{"line":27,"column":13}},"loc":{"start":{"line":27,"column":20},"end":{"line":29,"column":3}},"line":27},"3":{"name":"(anonymous_3)","decl":{"start":{"line":32,"column":12},"end":{"line":32,"column":13}},"loc":{"start":{"line":32,"column":20},"end":{"line":34,"column":3}},"line":32},"4":{"name":"(anonymous_4)","decl":{"start":{"line":44,"column":24},"end":{"line":44,"column":25}},"loc":{"start":{"line":47,"column":12},"end":{"line":60,"column":1}},"line":47},"5":{"name":"(anonymous_5)","decl":{"start":{"line":63,"column":15},"end":{"line":63,"column":16}},"loc":{"start":{"line":63,"column":21},"end":{"line":74,"column":1}},"line":63},"6":{"name":"(anonymous_6)","decl":{"start":{"line":66,"column":12},"end":{"line":66,"column":13}},"loc":{"start":{"line":66,"column":17},"end":{"line":66,"column":23}},"line":66}},"branchMap":{"0":{"loc":{"start":{"line":44,"column":25},"end":{"line":47,"column":7}},"type":"default-arg","locations":[{"start":{"line":47,"column":5},"end":{"line":47,"column":7}}],"line":44},"1":{"loc":{"start":{"line":45,"column":2},"end":{"line":45,"column":35}},"type":"default-arg","locations":[{"start":{"line":45,"column":16},"end":{"line":45,"column":35}}],"line":45},"2":{"loc":{"start":{"line":46,"column":2},"end":{"line":46,"column":37}},"type":"default-arg","locations":[{"start":{"line":46,"column":17},"end":{"line":46,"column":37}}],"line":46},"3":{"loc":{"start":{"line":71,"column":2},"end":{"line":73,"column":3}},"type":"if","locations":[{"start":{"line":71,"column":2},"end":{"line":73,"column":3}},{"start":{"line":71,"column":2},"end":{"line":73,"column":3}}],"line":71}},"s":{"0":20,"1":0,"2":20,"3":0,"4":20,"5":0,"6":20,"7":0,"8":20,"9":93,"10":93,"11":93,"12":93,"13":93,"14":93,"15":93,"16":93,"17":93,"18":20,"19":20,"20":20,"21":0,"22":20,"23":0},"f":{"0":0,"1":0,"2":0,"3":0,"4":93,"5":20,"6":0},"b":{"0":[92],"1":[93],"2":[93],"3":[0,20]},"_coverageSchema":"332fd63041d2c1bcb487cc26dd0d5f7d97098a6c","hash":"ce0ae844d13385f7b4124b4bc4eb2bd8a2b4646c"}
,"/Users/stevend/coding/meteor/Meteor-Vue-Enterprise-Starter/src/imports/startup/server/server-index.js": {"path":"/Users/stevend/coding/meteor/Meteor-Vue-Enterprise-Starter/src/imports/startup/server/server-index.js","statementMap":{"0":{"start":{"line":1,"column":27},"end":{"line":1,"column":51}},"1":{"start":{"line":2,"column":19},"end":{"line":2,"column":42}},"2":{"start":{"line":2,"column":63},"end":{"line":2,"column":99}},"3":{"start":{"line":4,"column":26},"end":{"line":4,"column":100}},"4":{"start":{"line":5,"column":26},"end":{"line":5,"column":100}},"5":{"start":{"line":6,"column":26},"end":{"line":6,"column":97}},"6":{"start":{"line":9,"column":0},"end":{"line":9,"column":71}},"7":{"start":{"line":15,"column":0},"end":{"line":15,"column":79}},"8":{"start":{"line":16,"column":0},"end":{"line":16,"column":79}},"9":{"start":{"line":17,"column":0},"end":{"line":17,"column":77}},"10":{"start":{"line":18,"column":0},"end":{"line":18,"column":77}},"11":{"start":{"line":18,"column":115},"end":{"line":18,"column":169}},"12":{"start":{"line":21,"column":0},"end":{"line":39,"column":3}},"13":{"start":{"line":22,"column":2},"end":{"line":22,"column":53}},"14":{"start":{"line":24,"column":2},"end":{"line":24,"column":53}},"15":{"start":{"line":27,"column":2},"end":{"line":27,"column":53}},"16":{"start":{"line":33,"column":2},"end":{"line":38,"column":5}},"17":{"start":{"line":34,"column":19},"end":{"line":34,"column":58}},"18":{"start":{"line":35,"column":4},"end":{"line":35,"column":40}},"19":{"start":{"line":36,"column":4},"end":{"line":36,"column":37}},"20":{"start":{"line":37,"column":4},"end":{"line":37,"column":20}}},"fnMap":{"0":{"name":"_interopRequireDefault","decl":{"start":{"line":18,"column":86},"end":{"line":18,"column":108}},"loc":{"start":{"line":18,"column":114},"end":{"line":18,"column":170}},"line":18},"1":{"name":"(anonymous_1)","decl":{"start":{"line":21,"column":23},"end":{"line":21,"column":24}},"loc":{"start":{"line":21,"column":35},"end":{"line":39,"column":1}},"line":21},"2":{"name":"(anonymous_2)","decl":{"start":{"line":33,"column":55},"end":{"line":33,"column":56}},"loc":{"start":{"line":33,"column":72},"end":{"line":38,"column":3}},"line":33}},"branchMap":{"0":{"loc":{"start":{"line":18,"column":122},"end":{"line":18,"column":168}},"type":"cond-expr","locations":[{"start":{"line":18,"column":146},"end":{"line":18,"column":149}},{"start":{"line":18,"column":152},"end":{"line":18,"column":168}}],"line":18},"1":{"loc":{"start":{"line":18,"column":122},"end":{"line":18,"column":143}},"type":"binary-expr","locations":[{"start":{"line":18,"column":122},"end":{"line":18,"column":125}},{"start":{"line":18,"column":129},"end":{"line":18,"column":143}}],"line":18}},"s":{"0":0,"1":0,"2":0,"3":0,"4":0,"5":0,"6":0,"7":0,"8":0,"9":0,"10":0,"11":0,"12":0,"13":0,"14":0,"15":0,"16":0,"17":0,"18":0,"19":0,"20":0},"f":{"0":0,"1":0,"2":0},"b":{"0":[0,0],"1":[0,0]}}
,"/Users/stevend/coding/meteor/Meteor-Vue-Enterprise-Starter/src/server/server-main.js": {"path":"/Users/stevend/coding/meteor/Meteor-Vue-Enterprise-Starter/src/server/server-main.js","statementMap":{"0":{"start":{"line":1,"column":13},"end":{"line":1,"column":68}}},"fnMap":{},"branchMap":{},"s":{"0":0},"f":{},"b":{}}
}
