TN:
SF:/Users/stevend/coding/meteor/Meteor-Vue-Enterprise-Starter/src/client/client-main.js
FNF:0
FNH:0
DA:1,0
LF:1
LH:0
BRF:0
BRH:0
end_of_record
TN:
SF:/Users/stevend/coding/meteor/Meteor-Vue-Enterprise-Starter/src/imports/modules/accounts/client/components/AccountsAdminInvites/AccountsAdminInvites.vue
FN:1,(anonymous_0)
FNF:1
FNH:1
FNDA:1,(anonymous_0)
DA:1,1
DA:4,1
DA:21,1
LF:3
LH:3
BRF:0
BRH:0
end_of_record
TN:
SF:/Users/stevend/coding/meteor/Meteor-Vue-Enterprise-Starter/src/imports/modules/accounts/client/components/AccountsAdminUsersList/AccountsAdminUsersList.vue
FN:1,(anonymous_0)
FN:36,_interopRequireDefault
FN:40,created
FN:43,_callee
FN:44,_callee$
FN:68,destroyed
FN:73,getUsersWithRoles
FN:76,clearGetUsersWithRolesFailure
FN:79,setUserGlobalRole
FN:83,rowClassName
FN:89,isCurrentUserAndAdmin
FN:94,isUserSuperAdmin
FN:97,isUserAdmin
FN:100,handlePageChange
FN:105,changeUserRole
FN:110,_callee2
FN:112,_callee2$
FN:172,getUsersWithRolesLoading
FN:175,usersWithRoles
FN:178,allUsersCount
FN:181,pageNumber
FN:184,pageSize
FN:188,usersWithRolesStartIndex
FN:191,pagesTotalNumber
FN:194,pageNumberInt
FN:201,pageSizeInt
FN:208,tableData
FN:233,render
FN:243,onClick
FN:253,(anonymous_29)
FN:274,(anonymous_30)
FNF:31
FNH:28
FNDA:2,(anonymous_0)
FNDA:10,_interopRequireDefault
FNDA:5,created
FNDA:5,_callee
FNDA:10,_callee$
FNDA:0,destroyed
FNDA:5,getUsersWithRoles
FNDA:0,clearGetUsersWithRolesFailure
FNDA:1,setUserGlobalRole
FNDA:12,rowClassName
FNDA:16,isCurrentUserAndAdmin
FNDA:16,isUserSuperAdmin
FNDA:24,isUserAdmin
FNDA:0,handlePageChange
FNDA:1,changeUserRole
FNDA:1,_callee2
FNDA:3,_callee2$
FNDA:9,getUsersWithRolesLoading
FNDA:5,usersWithRoles
FNDA:4,allUsersCount
FNDA:5,pageNumber
FNDA:5,pageSize
FNDA:5,usersWithRolesStartIndex
FNDA:4,pagesTotalNumber
FNDA:4,pageNumberInt
FNDA:4,pageSizeInt
FNDA:4,tableData
FNDA:4,render
FNDA:1,onClick
FNDA:16,(anonymous_29)
FNDA:4,(anonymous_30)
DA:1,2
DA:4,2
DA:8,2
DA:10,2
DA:12,2
DA:14,2
DA:16,2
DA:18,2
DA:20,2
DA:22,2
DA:24,2
DA:26,2
DA:28,2
DA:30,2
DA:32,2
DA:34,2
DA:36,10
DA:38,2
DA:41,5
DA:43,5
DA:44,5
DA:45,10
DA:46,10
DA:48,5
DA:49,5
DA:50,5
DA:53,0
DA:54,0
DA:57,5
DA:58,5
DA:62,5
DA:69,0
DA:74,5
DA:77,0
DA:80,1
DA:84,12
DA:85,6
DA:87,6
DA:90,16
DA:91,8
DA:95,16
DA:98,24
DA:101,0
DA:102,0
DA:103,0
DA:106,1
DA:108,1
DA:109,1
DA:110,1
DA:112,1
DA:113,3
DA:114,4
DA:116,1
DA:118,1
DA:119,1
DA:120,1
DA:123,1
DA:125,1
DA:126,1
DA:127,1
DA:130,0
DA:131,0
DA:132,0
DA:135,0
DA:136,0
DA:137,0
DA:140,0
DA:141,0
DA:143,0
DA:146,0
DA:147,0
DA:150,1
DA:153,0
DA:154,0
DA:157,1
DA:158,1
DA:160,1
DA:164,1
DA:173,9
DA:176,5
DA:179,4
DA:182,5
DA:185,5
DA:189,5
DA:192,4
DA:195,4
DA:196,4
DA:198,0
DA:202,4
DA:203,4
DA:205,0
DA:209,4
DA:212,4
DA:213,4
DA:214,4
DA:215,4
DA:216,4
DA:235,4
DA:244,1
DA:254,16
DA:275,4
DA:285,4
LF:102
LH:80
BRDA:36,0,0,6
BRDA:36,0,1,4
BRDA:36,1,0,10
BRDA:36,1,1,10
BRDA:46,2,0,5
BRDA:46,2,1,0
BRDA:46,2,2,5
BRDA:46,2,3,5
BRDA:46,2,4,5
BRDA:84,3,0,6
BRDA:84,3,1,6
BRDA:90,4,0,8
BRDA:90,4,1,8
BRDA:114,5,0,1
BRDA:114,5,1,1
BRDA:114,5,2,0
BRDA:114,5,3,0
BRDA:114,5,4,0
BRDA:114,5,5,1
BRDA:114,5,6,0
BRDA:114,5,7,1
BRDA:114,5,8,1
BRDA:114,5,9,1
BRDA:125,6,0,1
BRDA:125,6,1,0
BRDA:182,7,0,5
BRDA:182,7,1,5
BRDA:259,8,0,16
BRDA:259,8,1,0
BRDA:259,8,2,16
BRDA:259,8,3,16
BRDA:259,8,4,12
BRDA:259,8,5,0
BRDA:259,8,6,0
BRDA:259,8,7,12
BRDA:259,8,8,0
BRDA:274,9,0,2
BRDA:274,9,1,2
BRDA:274,10,0,4
BRDA:274,10,1,4
BRF:40
BRH:30
end_of_record
TN:
SF:/Users/stevend/coding/meteor/Meteor-Vue-Enterprise-Starter/src/imports/modules/accounts/client/components/AccountsFormContainer/AccountsFormContainer.vue
FN:1,(anonymous_0)
FN:18,_interopRequireDefault
FN:76,created
FN:79,destroyed
FN:91,setLayoutThemeLight
FN:94,setLayoutThemeDark
FN:98,handleEnterMobile
FN:101,handleEnterLarge
FNF:8
FNH:6
FNDA:11,(anonymous_0)
FNDA:22,_interopRequireDefault
FNDA:47,created
FNDA:7,destroyed
FNDA:7,setLayoutThemeLight
FNDA:47,setLayoutThemeDark
FNDA:0,handleEnterMobile
FNDA:0,handleEnterLarge
DA:1,11
DA:4,11
DA:8,11
DA:10,11
DA:12,11
DA:14,11
DA:16,11
DA:18,22
DA:72,11
DA:77,47
DA:80,7
DA:92,7
DA:95,47
DA:99,0
DA:102,0
LF:15
LH:13
BRDA:18,0,0,11
BRDA:18,0,1,11
BRDA:18,1,0,22
BRDA:18,1,1,22
BRF:4
BRH:4
end_of_record
TN:
SF:/Users/stevend/coding/meteor/Meteor-Vue-Enterprise-Starter/src/imports/modules/accounts/client/components/EnrollAccountForm/EnrollAccountForm.vue
FN:1,(anonymous_0)
FN:30,_interopRequireDefault
FN:131,validatePasswordInputs
FN:160,data
FN:175,destroyed
FN:180,token
FN:183,enrolledAccountSuccessfully
FN:186,changedSuccessfully
FN:189,user
FN:193,isNewPasswordSubmitDisabled
FN:204,passwordInputType
FN:207,siteName
FN:212,enrollVerifyAccount
FN:215,clearEnrollAccountFailure
FN:219,toggleShowPassword
FN:222,submitEnrollAccountForm
FN:225,_callee
FN:227,_callee$
FN:267,goToHome
FNF:19
FNH:17
FNDA:3,(anonymous_0)
FNDA:12,_interopRequireDefault
FNDA:10,validatePasswordInputs
FNDA:14,data
FNDA:2,destroyed
FNDA:1,token
FNDA:0,enrolledAccountSuccessfully
FNDA:16,changedSuccessfully
FNDA:12,user
FNDA:21,isNewPasswordSubmitDisabled
FNDA:12,passwordInputType
FNDA:3,siteName
FNDA:1,enrollVerifyAccount
FNDA:2,clearEnrollAccountFailure
FNDA:0,toggleShowPassword
FNDA:1,submitEnrollAccountForm
FNDA:1,_callee
FNDA:2,_callee$
FNDA:1,goToHome
DA:1,3
DA:4,3
DA:8,3
DA:10,3
DA:12,3
DA:14,3
DA:16,3
DA:18,3
DA:20,3
DA:22,3
DA:24,3
DA:26,3
DA:28,3
DA:30,12
DA:132,10
DA:133,8
DA:135,2
DA:136,2
DA:137,2
DA:138,0
DA:139,0
DA:140,0
DA:142,0
DA:145,2
DA:146,0
DA:147,0
DA:149,0
DA:152,2
DA:155,3
DA:162,14
DA:163,14
DA:176,2
DA:181,1
DA:184,0
DA:187,16
DA:190,12
DA:194,21
DA:195,18
DA:197,3
DA:198,3
DA:199,2
DA:201,1
DA:205,12
DA:208,3
DA:213,1
DA:216,2
DA:220,0
DA:223,1
DA:225,1
DA:227,1
DA:228,2
DA:229,3
DA:231,1
DA:232,1
DA:233,1
DA:236,1
DA:238,1
DA:239,0
DA:244,0
DA:246,1
DA:247,1
DA:250,0
DA:251,0
DA:253,0
DA:261,1
DA:268,1
LF:66
LH:52
BRDA:30,0,0,6
BRDA:30,0,1,6
BRDA:30,1,0,12
BRDA:30,1,1,12
BRDA:132,2,0,8
BRDA:132,2,1,2
BRDA:135,3,0,2
BRDA:135,3,1,0
BRDA:136,4,0,2
BRDA:136,4,1,0
BRDA:136,4,2,2
BRDA:136,4,3,2
BRDA:137,5,0,0
BRDA:137,5,1,2
BRDA:145,6,0,0
BRDA:145,6,1,2
BRDA:146,7,0,0
BRDA:146,7,1,0
BRDA:194,8,0,18
BRDA:194,8,1,3
BRDA:194,9,0,21
BRDA:194,9,1,9
BRDA:194,9,2,3
BRDA:205,10,0,0
BRDA:205,10,1,12
BRDA:229,11,0,1
BRDA:229,11,1,1
BRDA:229,11,2,0
BRDA:229,11,3,1
BRDA:229,11,4,1
BRDA:238,12,0,0
BRDA:238,12,1,1
BRF:32
BRH:23
end_of_record
TN:
SF:/Users/stevend/coding/meteor/Meteor-Vue-Enterprise-Starter/src/imports/modules/accounts/client/components/NavBarAccounts/NavBarAccounts.vue
FN:1,(anonymous_0)
FN:28,_interopRequireDefault
FN:37,validator
FN:49,setUserInStore
FN:55,user
FN:58,isAccountsVisible
FN:63,setUser
FN:66,updateNavRoutes
FNF:8
FNH:7
FNDA:20,(anonymous_0)
FNDA:80,_interopRequireDefault
FNDA:8,validator
FNDA:7,setUserInStore
FNDA:11,user
FNDA:0,isAccountsVisible
FNDA:7,setUser
FNDA:7,updateNavRoutes
DA:1,20
DA:4,20
DA:8,20
DA:10,20
DA:12,20
DA:14,20
DA:16,20
DA:18,20
DA:20,20
DA:22,20
DA:24,20
DA:26,20
DA:28,80
DA:30,20
DA:38,8
DA:50,7
DA:51,7
DA:56,11
DA:59,0
DA:64,7
DA:67,7
LF:21
LH:20
BRDA:28,0,0,20
BRDA:28,0,1,60
BRDA:28,1,0,80
BRDA:28,1,1,80
BRF:4
BRH:4
end_of_record
TN:
SF:/Users/stevend/coding/meteor/Meteor-Vue-Enterprise-Starter/src/imports/modules/accounts/client/components/PasswordResetEmailForm/PasswordResetEmailForm.vue
FN:1,(anonymous_0)
FN:30,_interopRequireDefault
FN:37,data
FN:47,destroyed
FN:52,passwordResetEmailSent
FN:56,isSubmitDisabled
FN:61,sendPasswordResetEmail
FN:64,clearPasswordResetFailure
FN:68,submitSendEmailForm
FN:71,_callee
FN:73,_callee$
FNF:11
FNH:10
FNDA:3,(anonymous_0)
FNDA:15,_interopRequireDefault
FNDA:9,data
FNDA:1,destroyed
FNDA:0,passwordResetEmailSent
FNDA:14,isSubmitDisabled
FNDA:3,sendPasswordResetEmail
FNDA:1,clearPasswordResetFailure
FNDA:3,submitSendEmailForm
FNDA:3,_callee
FNDA:6,_callee$
DA:1,3
DA:4,3
DA:8,3
DA:10,3
DA:12,3
DA:14,3
DA:16,3
DA:18,3
DA:20,3
DA:22,3
DA:24,3
DA:26,3
DA:28,3
DA:30,15
DA:32,3
DA:38,9
DA:48,1
DA:53,0
DA:57,14
DA:62,3
DA:65,1
DA:69,3
DA:71,3
DA:73,3
DA:74,6
DA:75,11
DA:77,3
DA:79,3
DA:80,3
DA:81,3
DA:84,0
DA:87,3
DA:88,3
DA:91,2
DA:93,2
DA:94,1
DA:100,2
DA:101,2
DA:104,1
DA:105,1
DA:107,1
DA:115,3
LF:42
LH:40
BRDA:30,0,0,9
BRDA:30,0,1,6
BRDA:30,1,0,15
BRDA:30,1,1,15
BRDA:57,2,0,14
BRDA:57,2,1,5
BRDA:75,3,0,3
BRDA:75,3,1,3
BRDA:75,3,2,2
BRDA:75,3,3,1
BRDA:75,3,4,3
BRDA:75,3,5,3
BRDA:79,4,0,3
BRDA:79,4,1,0
BRDA:93,5,0,1
BRDA:93,5,1,1
BRF:16
BRH:15
end_of_record
TN:
SF:/Users/stevend/coding/meteor/Meteor-Vue-Enterprise-Starter/src/imports/modules/accounts/client/components/PasswordResetForm/PasswordResetForm.vue
FN:1,(anonymous_0)
FN:28,_interopRequireDefault
FN:30,validatePasswordInputs
FN:110,data
FN:124,destroyed
FN:129,token
FN:133,isNewPasswordSubmitDisabled
FN:144,passwordInputType
FN:149,passwordReset
FN:152,clearPasswordResetFailure
FN:156,toggleShowPassword
FN:159,submitResetPasswordForm
FN:162,_callee
FN:164,_callee$
FNF:14
FNH:13
FNDA:3,(anonymous_0)
FNDA:12,_interopRequireDefault
FNDA:9,validatePasswordInputs
FNDA:7,data
FNDA:1,destroyed
FNDA:1,token
FNDA:16,isNewPasswordSubmitDisabled
FNDA:7,passwordInputType
FNDA:1,passwordReset
FNDA:1,clearPasswordResetFailure
FNDA:0,toggleShowPassword
FNDA:1,submitResetPasswordForm
FNDA:1,_callee
FNDA:2,_callee$
DA:1,3
DA:4,3
DA:8,3
DA:10,3
DA:12,3
DA:14,3
DA:16,3
DA:18,3
DA:20,3
DA:22,3
DA:24,3
DA:26,3
DA:28,12
DA:31,9
DA:32,4
DA:34,5
DA:35,5
DA:36,5
DA:37,0
DA:38,0
DA:39,0
DA:41,0
DA:44,5
DA:45,0
DA:46,0
DA:48,0
DA:51,5
DA:105,3
DA:111,7
DA:112,7
DA:125,1
DA:130,1
DA:134,16
DA:135,13
DA:137,3
DA:138,3
DA:139,2
DA:141,1
DA:145,7
DA:150,1
DA:153,1
DA:157,0
DA:160,1
DA:162,1
DA:164,1
DA:165,2
DA:166,4
DA:168,1
DA:170,1
DA:171,1
DA:172,1
DA:175,0
DA:178,1
DA:179,1
DA:185,1
DA:187,1
DA:188,0
DA:193,0
DA:195,1
DA:196,1
DA:199,0
DA:200,0
DA:202,0
DA:210,1
LF:64
LH:50
BRDA:28,0,0,6
BRDA:28,0,1,6
BRDA:28,1,0,12
BRDA:28,1,1,12
BRDA:31,2,0,4
BRDA:31,2,1,5
BRDA:34,3,0,5
BRDA:34,3,1,0
BRDA:35,4,0,5
BRDA:35,4,1,0
BRDA:35,4,2,5
BRDA:35,4,3,5
BRDA:36,5,0,0
BRDA:36,5,1,5
BRDA:44,6,0,0
BRDA:44,6,1,5
BRDA:45,7,0,0
BRDA:45,7,1,0
BRDA:134,8,0,13
BRDA:134,8,1,3
BRDA:134,9,0,16
BRDA:134,9,1,9
BRDA:134,9,2,4
BRDA:145,10,0,0
BRDA:145,10,1,7
BRDA:166,11,0,1
BRDA:166,11,1,1
BRDA:166,11,2,1
BRDA:166,11,3,0
BRDA:166,11,4,1
BRDA:166,11,5,1
BRDA:170,12,0,1
BRDA:170,12,1,0
BRDA:187,13,0,0
BRDA:187,13,1,1
BRF:35
BRH:25
end_of_record
TN:
SF:/Users/stevend/coding/meteor/Meteor-Vue-Enterprise-Starter/src/imports/modules/accounts/client/components/SignInBtn/SignInBtn.vue
FN:1,(anonymous_0)
FN:38,validator
FN:44,isLightTheme
FN:47,isDarkTheme
FN:52,handleClick
FNF:5
FNH:5
FNDA:20,(anonymous_0)
FNDA:3,validator
FNDA:3,isLightTheme
FNDA:3,isDarkTheme
FNDA:1,handleClick
DA:1,20
DA:4,20
DA:31,20
DA:39,3
DA:45,3
DA:48,3
DA:53,1
LF:7
LH:7
BRF:0
BRH:0
end_of_record
TN:
SF:/Users/stevend/coding/meteor/Meteor-Vue-Enterprise-Starter/src/imports/modules/accounts/client/components/SignInForm/SignInForm.vue
FN:1,(anonymous_0)
FN:30,_interopRequireDefault
FN:96,destroyed
FN:101,loggingIn
FN:104,redirectWhenAuthenticated
FN:111,data
FN:126,urlRedirect
FN:130,passwordInputType
FN:133,isSubmitDisabled
FN:138,loginUser
FN:141,clearLoginFailure
FN:145,toggleShowPassword
FN:148,submitForm
FN:151,_callee
FN:153,_callee$
FNF:15
FNH:14
FNDA:3,(anonymous_0)
FNDA:12,_interopRequireDefault
FNDA:1,destroyed
FNDA:8,loggingIn
FNDA:8,redirectWhenAuthenticated
FNDA:8,data
FNDA:8,urlRedirect
FNDA:8,passwordInputType
FNDA:11,isSubmitDisabled
FNDA:1,loginUser
FNDA:1,clearLoginFailure
FNDA:0,toggleShowPassword
FNDA:1,submitForm
FNDA:1,_callee
FNDA:2,_callee$
DA:1,3
DA:4,3
DA:8,3
DA:10,3
DA:12,3
DA:14,3
DA:16,3
DA:18,3
DA:20,3
DA:22,3
DA:24,3
DA:26,3
DA:28,3
DA:30,12
DA:91,3
DA:97,1
DA:102,8
DA:106,8
DA:107,8
DA:112,8
DA:127,8
DA:131,8
DA:134,11
DA:139,1
DA:142,1
DA:146,0
DA:149,1
DA:151,1
DA:153,1
DA:154,2
DA:155,3
DA:157,1
DA:158,1
DA:159,1
DA:165,1
DA:167,1
DA:168,0
DA:170,1
DA:171,1
DA:174,0
DA:175,0
DA:177,0
DA:185,1
LF:43
LH:38
BRDA:30,0,0,6
BRDA:30,0,1,6
BRDA:30,1,0,12
BRDA:30,1,1,12
BRDA:106,2,0,8
BRDA:106,2,1,0
BRDA:107,3,0,8
BRDA:107,3,1,7
BRDA:131,4,0,0
BRDA:131,4,1,8
BRDA:134,5,0,11
BRDA:134,5,1,11
BRDA:134,5,2,3
BRDA:155,6,0,1
BRDA:155,6,1,1
BRDA:155,6,2,0
BRDA:155,6,3,1
BRDA:155,6,4,1
BRDA:167,7,0,0
BRDA:167,7,1,1
BRDA:168,8,0,0
BRDA:168,8,1,0
BRF:22
BRH:16
end_of_record
TN:
SF:/Users/stevend/coding/meteor/Meteor-Vue-Enterprise-Starter/src/imports/modules/accounts/client/components/SignOutBtn/SignOutBtn.vue
FN:1,(anonymous_0)
FN:22,_interopRequireDefault
FN:31,validator
FN:37,isLightTheme
FN:40,isDarkTheme
FN:45,logoutUser
FN:49,logoutUserAndRedirect
FN:52,_callee
FN:54,_callee$
FNF:9
FNH:9
FNDA:20,(anonymous_0)
FNDA:60,_interopRequireDefault
FNDA:12,validator
FNDA:8,isLightTheme
FNDA:8,isDarkTheme
FNDA:1,logoutUser
FNDA:1,logoutUserAndRedirect
FNDA:1,_callee
FNDA:2,_callee$
DA:1,20
DA:4,20
DA:8,20
DA:10,20
DA:12,20
DA:14,20
DA:16,20
DA:18,20
DA:20,20
DA:22,60
DA:24,20
DA:32,12
DA:38,8
DA:41,8
DA:46,1
DA:50,1
DA:52,1
DA:54,1
DA:55,2
DA:56,3
DA:58,1
DA:59,1
DA:60,1
DA:63,1
DA:65,1
DA:66,0
DA:71,0
DA:73,1
DA:74,1
DA:77,0
DA:78,0
DA:80,0
DA:88,1
LF:33
LH:28
BRDA:22,0,0,40
BRDA:22,0,1,20
BRDA:22,1,0,60
BRDA:22,1,1,60
BRDA:56,2,0,1
BRDA:56,2,1,1
BRDA:56,2,2,0
BRDA:56,2,3,1
BRDA:56,2,4,1
BRDA:65,3,0,0
BRDA:65,3,1,1
BRF:11
BRH:9
end_of_record
TN:
SF:/Users/stevend/coding/meteor/Meteor-Vue-Enterprise-Starter/src/imports/modules/accounts/client/components/SignUpBtn/SignUpBtn.vue
FN:1,(anonymous_0)
FN:40,validator
FN:46,isLightTheme
FN:49,isDarkTheme
FN:54,handleClick
FNF:5
FNH:5
FNDA:20,(anonymous_0)
FNDA:3,validator
FNDA:3,isLightTheme
FNDA:3,isDarkTheme
FNDA:1,handleClick
DA:1,20
DA:4,20
DA:33,20
DA:41,3
DA:47,3
DA:50,3
DA:55,1
LF:7
LH:7
BRF:0
BRH:0
end_of_record
TN:
SF:/Users/stevend/coding/meteor/Meteor-Vue-Enterprise-Starter/src/imports/modules/accounts/client/components/SignUpForm/SignUpForm.vue
FN:1,(anonymous_0)
FN:30,_interopRequireDefault
FN:37,data
FN:51,destroyed
FN:56,enrollAccountEmailSent
FN:60,isSubmitDisabled
FN:65,registerUser
FN:68,clearRegisterFailure
FN:72,submitForm
FN:75,_callee
FN:77,_callee$
FNF:11
FNH:10
FNDA:3,(anonymous_0)
FNDA:15,_interopRequireDefault
FNDA:7,data
FNDA:1,destroyed
FNDA:0,enrollAccountEmailSent
FNDA:13,isSubmitDisabled
FNDA:1,registerUser
FNDA:1,clearRegisterFailure
FNDA:1,submitForm
FNDA:1,_callee
FNDA:2,_callee$
DA:1,3
DA:4,3
DA:8,3
DA:10,3
DA:12,3
DA:14,3
DA:16,3
DA:18,3
DA:20,3
DA:22,3
DA:24,3
DA:26,3
DA:28,3
DA:30,15
DA:32,3
DA:38,7
DA:52,1
DA:57,0
DA:61,13
DA:66,1
DA:69,1
DA:73,1
DA:75,1
DA:77,1
DA:78,2
DA:79,3
DA:81,1
DA:82,1
DA:83,1
DA:90,1
DA:92,1
DA:93,1
DA:99,1
DA:100,1
DA:103,0
DA:104,0
DA:106,0
DA:114,1
LF:38
LH:34
BRDA:30,0,0,9
BRDA:30,0,1,6
BRDA:30,1,0,15
BRDA:30,1,1,15
BRDA:61,2,0,13
BRDA:61,2,1,6
BRDA:61,2,2,4
BRDA:61,2,3,2
BRDA:79,3,0,1
BRDA:79,3,1,1
BRDA:79,3,2,0
BRDA:79,3,3,1
BRDA:79,3,4,1
BRDA:92,4,0,1
BRDA:92,4,1,0
BRF:15
BRH:13
end_of_record
TN:
SF:/Users/stevend/coding/meteor/Meteor-Vue-Enterprise-Starter/src/imports/modules/accounts/client/lib/router-accounts-hooks.js
FN:7,(anonymous_0)
FN:18,(anonymous_1)
FN:44,(anonymous_2)
FNF:3
FNH:3
FNDA:2,(anonymous_0)
FNDA:4,(anonymous_1)
FNDA:2,(anonymous_2)
DA:7,22
DA:8,2
DA:9,1
DA:14,1
DA:18,22
DA:19,4
DA:20,1
DA:25,3
DA:26,3
DA:28,2
DA:29,1
DA:32,1
DA:33,1
DA:38,1
DA:44,22
DA:45,2
DA:46,1
DA:50,1
LF:18
LH:18
BRDA:8,0,0,1
BRDA:8,0,1,1
BRDA:19,1,0,1
BRDA:19,1,1,3
BRDA:28,2,0,1
BRDA:28,2,1,1
BRDA:45,3,0,1
BRDA:45,3,1,1
BRF:8
BRH:8
end_of_record
TN:
SF:/Users/stevend/coding/meteor/Meteor-Vue-Enterprise-Starter/src/imports/modules/accounts/client/state/accounts-actions-mutations.js
FN:38,(anonymous_0)
FN:40,(anonymous_1)
FN:58,(anonymous_2)
FN:62,(anonymous_3)
FN:70,(anonymous_4)
FN:80,(anonymous_5)
FN:85,(anonymous_6)
FN:86,(anonymous_7)
FN:96,(anonymous_8)
FN:99,(anonymous_9)
FN:104,(anonymous_10)
FN:105,(anonymous_11)
FN:115,(anonymous_12)
FN:116,(anonymous_13)
FN:128,(anonymous_14)
FN:129,(anonymous_15)
FN:139,(anonymous_16)
FN:154,(anonymous_17)
FN:173,(anonymous_18)
FN:177,(anonymous_19)
FN:180,(anonymous_20)
FN:184,(anonymous_21)
FN:188,(anonymous_22)
FN:192,(anonymous_23)
FN:195,(anonymous_24)
FN:198,(anonymous_25)
FN:202,(anonymous_26)
FN:205,(anonymous_27)
FN:208,(anonymous_28)
FN:212,(anonymous_29)
FN:215,(anonymous_30)
FN:218,(anonymous_31)
FN:221,(anonymous_32)
FNF:33
FNH:31
FNDA:3,(anonymous_0)
FNDA:2,(anonymous_1)
FNDA:1,(anonymous_2)
FNDA:3,(anonymous_3)
FNDA:2,(anonymous_4)
FNDA:1,(anonymous_5)
FNDA:2,(anonymous_6)
FNDA:2,(anonymous_7)
FNDA:1,(anonymous_8)
FNDA:8,(anonymous_9)
FNDA:2,(anonymous_10)
FNDA:2,(anonymous_11)
FNDA:2,(anonymous_12)
FNDA:2,(anonymous_13)
FNDA:2,(anonymous_14)
FNDA:2,(anonymous_15)
FNDA:1,(anonymous_16)
FNDA:0,(anonymous_17)
FNDA:8,(anonymous_18)
FNDA:1,(anonymous_19)
FNDA:1,(anonymous_20)
FNDA:1,(anonymous_21)
FNDA:1,(anonymous_22)
FNDA:1,(anonymous_23)
FNDA:1,(anonymous_24)
FNDA:1,(anonymous_25)
FNDA:1,(anonymous_26)
FNDA:1,(anonymous_27)
FNDA:1,(anonymous_28)
FNDA:5,(anonymous_29)
FNDA:0,(anonymous_30)
FNDA:5,(anonymous_31)
FNDA:5,(anonymous_32)
DA:8,21
DA:35,21
DA:38,3
DA:39,3
DA:40,3
DA:41,2
DA:42,1
DA:43,1
DA:46,1
DA:47,1
DA:48,1
DA:53,1
DA:54,1
DA:59,1
DA:62,3
DA:64,3
DA:65,3
DA:67,1
DA:68,1
DA:70,2
DA:71,2
DA:72,1
DA:73,1
DA:75,1
DA:76,1
DA:81,1
DA:85,2
DA:86,2
DA:87,2
DA:88,1
DA:89,1
DA:91,1
DA:92,1
DA:97,1
DA:100,8
DA:104,2
DA:105,2
DA:106,2
DA:107,1
DA:109,1
DA:115,2
DA:116,2
DA:117,2
DA:118,1
DA:119,1
DA:121,1
DA:122,1
DA:123,1
DA:128,2
DA:129,2
DA:130,2
DA:131,1
DA:132,1
DA:134,1
DA:135,1
DA:140,1
DA:144,5
DA:145,5
DA:146,5
DA:147,0
DA:149,5
DA:150,5
DA:151,5
DA:155,0
DA:159,0
DA:160,0
DA:161,0
DA:162,0
DA:164,0
DA:167,0
DA:172,21
DA:174,8
DA:178,1
DA:181,1
DA:185,1
DA:186,1
DA:189,1
DA:193,1
DA:196,1
DA:199,1
DA:203,1
DA:206,1
DA:209,1
DA:213,5
DA:216,0
DA:219,5
DA:222,5
DA:223,5
DA:224,0
DA:225,0
DA:226,0
LF:91
LH:79
BRDA:41,0,0,1
BRDA:41,0,1,1
BRDA:71,1,0,1
BRDA:71,1,1,1
BRDA:87,2,0,1
BRDA:87,2,1,1
BRDA:106,3,0,1
BRDA:106,3,1,1
BRDA:117,4,0,1
BRDA:117,4,1,1
BRDA:130,5,0,1
BRDA:130,5,1,1
BRDA:161,6,0,0
BRDA:161,6,1,0
BRDA:221,7,0,5
BRDA:223,8,0,0
BRDA:223,8,1,5
BRF:17
BRH:14
end_of_record
TN:
SF:/Users/stevend/coding/meteor/Meteor-Vue-Enterprise-Starter/src/imports/modules/accounts/client/state/accounts-store.js
FNF:0
FNH:0
DA:3,20
DA:23,20
DA:26,20
LF:3
LH:3
BRF:0
BRH:0
end_of_record
TN:
SF:/Users/stevend/coding/meteor/Meteor-Vue-Enterprise-Starter/src/imports/modules/accounts/server/email/enroll-account-email.js
FN:4,(anonymous_0)
FN:5,(anonymous_1)
FN:6,(anonymous_2)
FN:7,(anonymous_3)
FNF:4
FNH:4
FNDA:3,(anonymous_0)
FNDA:1,(anonymous_1)
FNDA:1,(anonymous_2)
FNDA:1,(anonymous_3)
DA:4,1
DA:5,3
DA:6,3
DA:7,3
LF:4
LH:4
BRF:0
BRH:0
end_of_record
TN:
SF:/Users/stevend/coding/meteor/Meteor-Vue-Enterprise-Starter/src/imports/modules/accounts/server/email/password-reset-email.js
FN:4,(anonymous_0)
FN:5,(anonymous_1)
FN:6,(anonymous_2)
FN:7,(anonymous_3)
FNF:4
FNH:4
FNDA:3,(anonymous_0)
FNDA:1,(anonymous_1)
FNDA:1,(anonymous_2)
FNDA:1,(anonymous_3)
DA:4,1
DA:5,3
DA:6,3
DA:7,3
LF:4
LH:4
BRF:0
BRH:0
end_of_record
TN:
SF:/Users/stevend/coding/meteor/Meteor-Vue-Enterprise-Starter/src/imports/modules/accounts/server/lib/accounts-validation.js
FN:10,(anonymous_0)
FN:11,(anonymous_1)
FN:20,(anonymous_2)
FNF:3
FNH:3
FNDA:6,(anonymous_0)
FNDA:2,(anonymous_1)
FNDA:3,(anonymous_2)
DA:6,1
DA:7,0
DA:10,1
DA:11,6
DA:12,2
DA:13,2
DA:14,1
DA:16,1
DA:20,6
DA:30,3
DA:31,1
DA:34,2
DA:35,1
DA:37,1
LF:14
LH:13
BRDA:30,0,0,1
BRDA:30,0,1,2
BRDA:34,1,0,1
BRDA:34,1,1,1
BRF:4
BRH:4
end_of_record
TN:
SF:/Users/stevend/coding/meteor/Meteor-Vue-Enterprise-Starter/src/imports/modules/accounts/shared/constants/global-user-roles.js
FNF:0
FNH:0
DA:1,28
LF:1
LH:1
BRF:0
BRH:0
end_of_record
TN:
SF:/Users/stevend/coding/meteor/Meteor-Vue-Enterprise-Starter/src/imports/modules/accounts/shared/methods/check-user-global-role.js
FNF:0
FNH:0
DA:7,23
DA:16,4
DA:17,3
DA:18,1
DA:20,2
LF:5
LH:5
BRDA:16,0,0,3
BRDA:16,0,1,1
BRDA:17,1,0,1
BRDA:17,1,1,2
BRF:4
BRH:4
end_of_record
TN:
SF:/Users/stevend/coding/meteor/Meteor-Vue-Enterprise-Starter/src/imports/modules/accounts/shared/methods/create-unverified-user.js
FNF:0
FNH:0
DA:6,22
DA:26,2
DA:27,1
DA:34,1
LF:4
LH:4
BRDA:26,0,0,1
BRDA:26,0,1,1
BRF:2
BRH:2
end_of_record
TN:
SF:/Users/stevend/coding/meteor/Meteor-Vue-Enterprise-Starter/src/imports/modules/accounts/shared/methods/get-users-with-roles.js
FNF:0
FNH:0
DA:8,22
DA:19,4
DA:20,1
DA:22,3
DA:23,2
DA:24,2
DA:26,2
DA:27,2
DA:34,2
DA:35,2
LF:10
LH:10
BRDA:15,0,0,3
BRDA:16,1,0,3
BRDA:17,2,0,3
BRDA:19,3,0,1
BRDA:19,3,1,3
BRDA:22,4,0,2
BRDA:22,4,1,1
BRDA:24,5,0,0
BRDA:24,5,1,2
BRDA:26,6,0,0
BRDA:26,6,1,2
BRF:11
BRH:9
end_of_record
TN:
SF:/Users/stevend/coding/meteor/Meteor-Vue-Enterprise-Starter/src/imports/modules/accounts/shared/methods/set-user-global-role.js
FNF:0
FNH:0
DA:8,22
DA:16,6
DA:18,5
DA:19,1
DA:22,4
DA:23,1
DA:26,3
DA:27,1
DA:30,2
DA:38,1
DA:40,1
DA:41,1
LF:12
LH:12
BRDA:16,0,0,5
BRDA:16,0,1,1
BRDA:18,1,0,1
BRDA:18,1,1,4
BRDA:22,2,0,1
BRDA:22,2,1,3
BRDA:22,3,0,4
BRDA:22,3,1,1
BRDA:26,4,0,1
BRDA:26,4,1,2
BRDA:26,5,0,3
BRDA:26,5,1,2
BRDA:30,6,0,1
BRDA:30,6,1,1
BRDA:32,7,0,2
BRDA:32,7,1,1
BRDA:32,7,2,1
BRF:17
BRH:17
end_of_record
TN:
SF:/Users/stevend/coding/meteor/Meteor-Vue-Enterprise-Starter/src/imports/modules/accounts/shared/schemas/password-schema.js
FN:10,(anonymous_0)
FN:20,(anonymous_1)
FNF:2
FNH:2
FNDA:9,(anonymous_0)
FNDA:119,(anonymous_1)
DA:3,22
DA:11,9
DA:12,9
DA:13,9
DA:14,9
DA:15,9
DA:16,9
DA:17,9
DA:18,9
DA:19,9
DA:20,9
DA:21,119
DA:22,13
DA:24,119
DA:25,94
DA:27,119
DA:28,6
DA:32,9
DA:35,3
DA:37,6
DA:42,22
LF:21
LH:21
BRDA:21,0,0,13
BRDA:21,0,1,106
BRDA:24,1,0,94
BRDA:24,1,1,25
BRDA:27,2,0,6
BRDA:27,2,1,113
BRDA:32,3,0,3
BRDA:32,3,1,6
BRDA:32,4,0,9
BRDA:32,4,1,7
BRDA:32,4,2,7
BRF:11
BRH:11
end_of_record
TN:
SF:/Users/stevend/coding/meteor/Meteor-Vue-Enterprise-Starter/src/imports/modules/accounts/shared/schemas/user-schema.js
FNF:0
FNH:0
DA:3,1
DA:14,1
LF:2
LH:2
BRF:0
BRH:0
end_of_record
TN:
SF:/Users/stevend/coding/meteor/Meteor-Vue-Enterprise-Starter/src/imports/modules/counter/client/components/Counter/Counter.vue
FN:1,(anonymous_0)
FN:14,_interopRequireDefault
FN:17,data
FN:30,handleClickIncrement
FN:33,handleClickDecrease
FN:36,handleClickResetDelayed
FN:40,increase
FN:43,decrease
FN:46,resetDelayed
FN:51,count
FN:55,countPlusTen
FNF:11
FNH:11
FNDA:21,(anonymous_0)
FNDA:21,_interopRequireDefault
FNDA:8,data
FNDA:3,handleClickIncrement
FNDA:2,handleClickDecrease
FNDA:1,handleClickResetDelayed
FNDA:3,increase
FNDA:2,decrease
FNDA:1,resetDelayed
FNDA:60,count
FNDA:60,countPlusTen
DA:1,21
DA:4,21
DA:8,21
DA:10,21
DA:12,21
DA:14,21
DA:16,21
DA:18,8
DA:31,3
DA:34,2
DA:37,1
DA:41,3
DA:44,2
DA:47,1
DA:52,60
DA:56,60
LF:16
LH:16
BRDA:14,0,0,21
BRDA:14,0,1,0
BRDA:14,1,0,21
BRDA:14,1,1,21
BRF:4
BRH:3
end_of_record
TN:
SF:/Users/stevend/coding/meteor/Meteor-Vue-Enterprise-Starter/src/imports/modules/counter/client/state/counter-actions-mutations.js
FN:8,(anonymous_0)
FN:11,(anonymous_1)
FN:14,(anonymous_2)
FN:15,(anonymous_3)
FN:16,(anonymous_4)
FN:25,(anonymous_5)
FN:28,(anonymous_6)
FN:31,(anonymous_7)
FNF:8
FNH:8
FNDA:4,(anonymous_0)
FNDA:3,(anonymous_1)
FNDA:2,(anonymous_2)
FNDA:2,(anonymous_3)
FNDA:2,(anonymous_4)
FNDA:4,(anonymous_5)
FNDA:3,(anonymous_6)
FNDA:2,(anonymous_7)
DA:1,22
DA:7,22
DA:9,4
DA:12,3
DA:15,2
DA:16,2
DA:17,2
DA:18,2
DA:24,22
DA:26,4
DA:29,3
DA:32,2
LF:12
LH:12
BRF:0
BRH:0
end_of_record
TN:
SF:/Users/stevend/coding/meteor/Meteor-Vue-Enterprise-Starter/src/imports/modules/counter/client/state/counter-store.js
FN:8,(anonymous_0)
FNF:1
FNH:1
FNDA:34,(anonymous_0)
DA:3,21
DA:7,21
DA:9,34
DA:13,21
LF:4
LH:4
BRF:0
BRH:0
end_of_record
TN:
SF:/Users/stevend/coding/meteor/Meteor-Vue-Enterprise-Starter/src/imports/modules/layout/client/components/Layout/Layout.vue
FN:1,(anonymous_0)
FN:22,_interopRequireDefault
FN:30,destroyed
FN:36,data
FN:44,isMobileNavExpanded
FN:53,(anonymous_5)
FN:60,isMobileNavVisible
FN:63,layoutTheme
FN:66,navRoutes
FN:69,isMobileNavExpanded
FN:73,isLightTheme
FN:76,isDarkTheme
FN:81,layoutColumnsLeftSpan
FN:87,layoutColumnsRightSpan
FN:93,layoutColumnsRightOffset
FN:101,showMobileNav
FN:104,showLargeNav
FN:107,toggleMobileNavExpanded
FN:111,goToRoute
FN:114,handleEnterMobile
FN:123,handleEnterLarge
FNF:21
FNH:15
FNDA:20,(anonymous_0)
FNDA:60,_interopRequireDefault
FNDA:0,destroyed
FNDA:3,data
FNDA:3,isMobileNavExpanded
FNDA:0,(anonymous_5)
FNDA:6,isMobileNavVisible
FNDA:0,layoutTheme
FNDA:3,navRoutes
FNDA:6,isMobileNavExpanded
FNDA:0,isLightTheme
FNDA:0,isDarkTheme
FNDA:7,layoutColumnsLeftSpan
FNDA:7,layoutColumnsRightSpan
FNDA:6,layoutColumnsRightOffset
FNDA:1,showMobileNav
FNDA:1,showLargeNav
FNDA:1,toggleMobileNavExpanded
FNDA:0,goToRoute
FNDA:1,handleEnterMobile
FNDA:1,handleEnterLarge
DA:1,20
DA:4,20
DA:8,20
DA:10,20
DA:12,20
DA:14,20
DA:16,20
DA:18,20
DA:20,20
DA:22,60
DA:24,20
DA:32,0
DA:33,0
DA:37,3
DA:45,3
DA:47,3
DA:49,3
DA:53,0
DA:54,0
DA:61,6
DA:64,0
DA:67,3
DA:70,6
DA:74,0
DA:77,0
DA:82,7
DA:83,2
DA:85,5
DA:88,7
DA:89,2
DA:91,5
DA:94,6
DA:95,4
DA:97,2
DA:102,1
DA:105,1
DA:108,1
DA:112,0
DA:116,1
DA:117,0
DA:119,1
DA:120,1
DA:125,1
DA:126,1
DA:128,1
DA:129,1
LF:46
LH:37
BRDA:22,0,0,20
BRDA:22,0,1,40
BRDA:22,1,0,60
BRDA:22,1,1,60
BRDA:32,2,0,0
BRDA:32,2,1,0
BRDA:47,3,0,3
BRDA:47,3,1,0
BRDA:82,4,0,2
BRDA:82,4,1,5
BRDA:85,5,0,2
BRDA:85,5,1,3
BRDA:88,6,0,2
BRDA:88,6,1,5
BRDA:91,7,0,2
BRDA:91,7,1,3
BRDA:94,8,0,4
BRDA:94,8,1,2
BRDA:116,9,0,0
BRDA:116,9,1,1
BRDA:119,10,0,1
BRDA:119,10,1,0
BRDA:125,11,0,1
BRDA:125,11,1,0
BRDA:128,12,0,1
BRDA:128,12,1,0
BRF:26
BRH:19
end_of_record
TN:
SF:/Users/stevend/coding/meteor/Meteor-Vue-Enterprise-Starter/src/imports/modules/layout/client/state/layout-actions-mutations.js
FN:37,(anonymous_0)
FN:40,(anonymous_1)
FN:43,(anonymous_2)
FN:46,(anonymous_3)
FN:49,(anonymous_4)
FN:52,(anonymous_5)
FN:58,(anonymous_6)
FN:61,(anonymous_7)
FN:64,(anonymous_8)
FN:67,(anonymous_9)
FN:70,(anonymous_10)
FN:73,(anonymous_11)
FNF:12
FNH:12
FNDA:1,(anonymous_0)
FNDA:1,(anonymous_1)
FNDA:2,(anonymous_2)
FNDA:8,(anonymous_3)
FNDA:48,(anonymous_4)
FNDA:9,(anonymous_5)
FNDA:1,(anonymous_6)
FNDA:1,(anonymous_7)
FNDA:3,(anonymous_8)
FNDA:8,(anonymous_9)
FNDA:48,(anonymous_10)
FNDA:9,(anonymous_11)
DA:5,22
DA:15,22
DA:28,22
DA:36,22
DA:38,1
DA:41,1
DA:44,2
DA:47,8
DA:50,48
DA:53,9
DA:57,22
DA:59,1
DA:62,1
DA:65,3
DA:68,8
DA:71,48
DA:74,9
DA:75,1
DA:77,8
LF:19
LH:19
BRDA:74,0,0,1
BRDA:74,0,1,8
BRF:2
BRH:2
end_of_record
TN:
SF:/Users/stevend/coding/meteor/Meteor-Vue-Enterprise-Starter/src/imports/modules/layout/client/state/layout-store.js
FNF:0
FNH:0
DA:3,21
DA:10,21
DA:12,21
LF:3
LH:3
BRF:0
BRH:0
end_of_record
TN:
SF:/Users/stevend/coding/meteor/Meteor-Vue-Enterprise-Starter/src/imports/modules/pages/client/components/PageAccountsAdmin/PageAccountsAdmin.vue
FN:1,(anonymous_0)
FN:20,_interopRequireDefault
FN:61,goToInvitesPage
FNF:3
FNH:2
FNDA:1,(anonymous_0)
FNDA:2,_interopRequireDefault
FNDA:0,goToInvitesPage
DA:1,1
DA:4,1
DA:8,1
DA:10,1
DA:12,1
DA:14,1
DA:16,1
DA:18,1
DA:20,2
DA:54,1
DA:62,0
LF:11
LH:10
BRDA:20,0,0,0
BRDA:20,0,1,2
BRDA:20,1,0,2
BRDA:20,1,1,2
BRF:4
BRH:3
end_of_record
TN:
SF:/Users/stevend/coding/meteor/Meteor-Vue-Enterprise-Starter/src/imports/modules/pages/client/components/PageAccountsAdminInvites/PageAccountsAdminInvites.vue
FN:1,(anonymous_0)
FN:14,_interopRequireDefault
FNF:2
FNH:2
FNDA:1,(anonymous_0)
FNDA:1,_interopRequireDefault
DA:1,1
DA:4,1
DA:8,1
DA:10,1
DA:12,1
DA:14,1
DA:33,1
LF:7
LH:7
BRDA:14,0,0,0
BRDA:14,0,1,1
BRDA:14,1,0,1
BRDA:14,1,1,1
BRF:4
BRH:3
end_of_record
TN:
SF:/Users/stevend/coding/meteor/Meteor-Vue-Enterprise-Starter/src/imports/modules/pages/client/components/PageBase/PageBase.vue
FN:1,(anonymous_0)
FNF:1
FNH:1
FNDA:25,(anonymous_0)
DA:1,25
DA:4,25
DA:22,25
LF:3
LH:3
BRF:0
BRH:0
end_of_record
TN:
SF:/Users/stevend/coding/meteor/Meteor-Vue-Enterprise-Starter/src/imports/modules/pages/client/components/PageEnrollAccount/PageEnrollAccount.vue
FN:1,(anonymous_0)
FN:18,_interopRequireDefault
FN:36,beforeMount
FN:44,token
FN:47,changedSuccessfully
FNF:5
FNH:5
FNDA:2,(anonymous_0)
FNDA:4,_interopRequireDefault
FNDA:1,beforeMount
FNDA:1,token
FNDA:1,changedSuccessfully
DA:1,2
DA:4,2
DA:8,2
DA:10,2
DA:12,2
DA:14,2
DA:16,2
DA:18,4
DA:31,2
DA:37,1
DA:38,1
DA:39,1
DA:45,1
DA:48,1
LF:14
LH:14
BRDA:18,0,0,2
BRDA:18,0,1,2
BRDA:18,1,0,4
BRDA:18,1,1,4
BRDA:37,2,0,1
BRDA:37,2,1,0
BRDA:37,3,0,1
BRDA:37,3,1,1
BRF:8
BRH:7
end_of_record
TN:
SF:/Users/stevend/coding/meteor/Meteor-Vue-Enterprise-Starter/src/imports/modules/pages/client/components/PageHome/PageHome.vue
FN:1,(anonymous_0)
FN:18,_interopRequireDefault
FN:26,data
FNF:3
FNH:3
FNDA:21,(anonymous_0)
FNDA:42,_interopRequireDefault
FNDA:1,data
DA:1,21
DA:4,21
DA:8,21
DA:10,21
DA:12,21
DA:14,21
DA:16,21
DA:18,42
DA:20,21
DA:27,1
LF:10
LH:10
BRDA:18,0,0,0
BRDA:18,0,1,42
BRDA:18,1,0,42
BRDA:18,1,1,42
BRF:4
BRH:3
end_of_record
TN:
SF:/Users/stevend/coding/meteor/Meteor-Vue-Enterprise-Starter/src/imports/modules/pages/client/components/PagePasswordReset/PagePasswordReset.vue
FN:1,(anonymous_0)
FN:22,_interopRequireDefault
FN:31,token
FN:34,changedSuccessfully
FNF:4
FNH:4
FNDA:2,(anonymous_0)
FNDA:6,_interopRequireDefault
FNDA:2,token
FNDA:2,changedSuccessfully
DA:1,2
DA:4,2
DA:8,2
DA:10,2
DA:12,2
DA:14,2
DA:16,2
DA:18,2
DA:20,2
DA:22,6
DA:24,2
DA:32,2
DA:35,2
LF:13
LH:13
BRDA:22,0,0,2
BRDA:22,0,1,4
BRDA:22,1,0,6
BRDA:22,1,1,6
BRF:4
BRH:4
end_of_record
TN:
SF:/Users/stevend/coding/meteor/Meteor-Vue-Enterprise-Starter/src/imports/modules/pages/client/components/PagePrivate/PagePrivate.vue
FN:1,(anonymous_0)
FN:12,_interopRequireDefault
FNF:2
FNH:2
FNDA:2,(anonymous_0)
FNDA:2,_interopRequireDefault
DA:1,2
DA:4,2
DA:8,2
DA:10,2
DA:12,2
DA:14,2
LF:6
LH:6
BRDA:12,0,0,0
BRDA:12,0,1,2
BRDA:12,1,0,2
BRDA:12,1,1,2
BRF:4
BRH:3
end_of_record
TN:
SF:/Users/stevend/coding/meteor/Meteor-Vue-Enterprise-Starter/src/imports/modules/pages/client/components/PageSignIn/PageSignIn.vue
FN:1,(anonymous_0)
FN:12,_interopRequireDefault
FNF:2
FNH:2
FNDA:2,(anonymous_0)
FNDA:2,_interopRequireDefault
DA:1,2
DA:4,2
DA:8,2
DA:10,2
DA:12,2
DA:14,2
LF:6
LH:6
BRDA:12,0,0,0
BRDA:12,0,1,2
BRDA:12,1,0,2
BRDA:12,1,1,2
BRF:4
BRH:3
end_of_record
TN:
SF:/Users/stevend/coding/meteor/Meteor-Vue-Enterprise-Starter/src/imports/modules/pages/client/components/PageSignUp/PageSignUp.vue
FN:1,(anonymous_0)
FN:12,_interopRequireDefault
FNF:2
FNH:2
FNDA:2,(anonymous_0)
FNDA:2,_interopRequireDefault
DA:1,2
DA:4,2
DA:8,2
DA:10,2
DA:12,2
DA:14,2
LF:6
LH:6
BRDA:12,0,0,0
BRDA:12,0,1,2
BRDA:12,1,0,2
BRDA:12,1,1,2
BRF:4
BRH:3
end_of_record
TN:
SF:/Users/stevend/coding/meteor/Meteor-Vue-Enterprise-Starter/src/imports/modules/router/client/lib/router.js
FN:11,(anonymous_0)
FN:18,(anonymous_1)
FN:20,(anonymous_2)
FN:22,(anonymous_3)
FN:24,(anonymous_4)
FN:26,(anonymous_5)
FN:28,(anonymous_6)
FN:30,(anonymous_7)
FN:32,(anonymous_8)
FN:34,(anonymous_9)
FN:36,(anonymous_10)
FN:38,(anonymous_11)
FN:40,(anonymous_12)
FN:42,(anonymous_13)
FN:44,(anonymous_14)
FN:46,(anonymous_15)
FN:48,(anonymous_16)
FN:51,(anonymous_17)
FN:111,(anonymous_18)
FN:115,(anonymous_19)
FNF:20
FNH:16
FNDA:64,(anonymous_0)
FNDA:1,(anonymous_1)
FNDA:1,(anonymous_2)
FNDA:1,(anonymous_3)
FNDA:1,(anonymous_4)
FNDA:1,(anonymous_5)
FNDA:1,(anonymous_6)
FNDA:1,(anonymous_7)
FNDA:1,(anonymous_8)
FNDA:59,(anonymous_9)
FNDA:59,(anonymous_10)
FNDA:0,(anonymous_11)
FNDA:0,(anonymous_12)
FNDA:0,(anonymous_13)
FNDA:0,(anonymous_14)
FNDA:1,(anonymous_15)
FNDA:1,(anonymous_16)
FNDA:99,(anonymous_17)
FNDA:59,(anonymous_18)
FNDA:51,(anonymous_19)
DA:11,21
DA:12,64
DA:13,64
DA:15,0
DA:18,21
DA:19,1
DA:20,1
DA:22,21
DA:23,1
DA:24,1
DA:26,21
DA:27,1
DA:28,1
DA:30,21
DA:31,1
DA:32,1
DA:34,21
DA:35,59
DA:36,59
DA:38,21
DA:39,0
DA:40,0
DA:42,21
DA:43,0
DA:44,0
DA:46,21
DA:47,1
DA:48,1
DA:51,21
DA:52,99
DA:105,99
DA:111,99
DA:112,59
DA:113,59
DA:115,99
DA:116,51
DA:119,99
LF:37
LH:32
BRDA:12,0,0,64
BRDA:12,0,1,0
BRF:2
BRH:1
end_of_record
TN:
SF:/Users/stevend/coding/meteor/Meteor-Vue-Enterprise-Starter/src/imports/modules/store/client/lib/store.js
FN:17,(anonymous_0)
FNF:1
FNH:1
FNDA:92,(anonymous_0)
DA:9,20
DA:13,20
DA:14,0
DA:17,20
DA:18,92
DA:26,92
DA:27,92
LF:7
LH:6
BRDA:13,0,0,0
BRDA:13,0,1,20
BRF:2
BRH:1
end_of_record
TN:
SF:/Users/stevend/coding/meteor/Meteor-Vue-Enterprise-Starter/src/imports/startup/client/App.vue
FN:1,(anonymous_0)
FN:12,_interopRequireDefault
FNF:2
FNH:2
FNDA:20,(anonymous_0)
FNDA:20,_interopRequireDefault
DA:1,20
DA:4,20
DA:8,20
DA:10,20
DA:12,20
DA:14,20
LF:6
LH:6
BRDA:12,0,0,0
BRDA:12,0,1,20
BRDA:12,1,0,20
BRDA:12,1,1,20
BRF:4
BRH:3
end_of_record
TN:
SF:/Users/stevend/coding/meteor/Meteor-Vue-Enterprise-Starter/src/imports/startup/client/client-index.js
FN:17,(anonymous_0)
FN:22,(anonymous_1)
FN:27,(anonymous_2)
FN:32,(anonymous_3)
FN:44,(anonymous_4)
FN:63,(anonymous_5)
FN:66,(anonymous_6)
FNF:7
FNH:2
FNDA:0,(anonymous_0)
FNDA:0,(anonymous_1)
FNDA:0,(anonymous_2)
FNDA:0,(anonymous_3)
FNDA:93,(anonymous_4)
FNDA:20,(anonymous_5)
FNDA:0,(anonymous_6)
DA:16,20
DA:18,0
DA:21,20
DA:23,0
DA:26,20
DA:28,0
DA:31,20
DA:33,0
DA:44,20
DA:48,93
DA:49,93
DA:50,93
DA:51,93
DA:53,93
DA:54,93
DA:56,93
DA:58,93
DA:59,93
DA:63,20
DA:64,20
DA:65,20
DA:66,0
DA:71,20
DA:72,0
LF:24
LH:18
BRDA:44,0,0,92
BRDA:45,1,0,93
BRDA:46,2,0,93
BRDA:71,3,0,0
BRDA:71,3,1,20
BRF:5
BRH:4
end_of_record
TN:
SF:/Users/stevend/coding/meteor/Meteor-Vue-Enterprise-Starter/src/imports/startup/server/server-index.js
FN:18,_interopRequireDefault
FN:21,(anonymous_1)
FN:33,(anonymous_2)
FNF:3
FNH:0
FNDA:0,_interopRequireDefault
FNDA:0,(anonymous_1)
FNDA:0,(anonymous_2)
DA:1,0
DA:2,0
DA:4,0
DA:5,0
DA:6,0
DA:9,0
DA:15,0
DA:16,0
DA:17,0
DA:18,0
DA:21,0
DA:22,0
DA:24,0
DA:27,0
DA:33,0
DA:34,0
DA:35,0
DA:36,0
DA:37,0
LF:19
LH:0
BRDA:18,0,0,0
BRDA:18,0,1,0
BRDA:18,1,0,0
BRDA:18,1,1,0
BRF:4
BRH:0
end_of_record
TN:
SF:/Users/stevend/coding/meteor/Meteor-Vue-Enterprise-Starter/src/server/server-main.js
FNF:0
FNH:0
DA:1,0
LF:1
LH:0
BRF:0
BRH:0
end_of_record
